Copyright 1986-2020 Xilinx, Inc. All Rights Reserved.
------------------------------------------------------------------------------------
| Tool Version : Vivado v.2020.2 (win64) Build 3064766 Wed Nov 18 09:12:45 MST 2020
| Date         : Wed Jan 15 11:19:30 2025
| Host         : DESKTOP-L4NOM67 running 64-bit major release  (build 9200)
| Command      : upgrade_ip
| Device       : xc7z020clg400-2
------------------------------------------------------------------------------------

Upgrade Log for IP 'system_onoff_config_axi_0_2'

1. Summary
----------

SUCCESS in the upgrade of system_onoff_config_axi_0_2 (xilinx.com:user:onoff_config_axi:1.0) from (Rev. 11) to (Rev. 10)






Copyright 1986-2020 Xilinx, Inc. All Rights Reserved.
------------------------------------------------------------------------------------
| Tool Version : Vivado v.2020.2 (win64) Build 3064766 Wed Nov 18 09:12:45 MST 2020
| Date         : Wed Jan 15 11:19:30 2025
| Host         : DESKTOP-L4NOM67 running 64-bit major release  (build 9200)
| Command      : upgrade_ip
| Device       : xc7z020clg400-2
------------------------------------------------------------------------------------

Upgrade Log for IP 'system_onoff_config_axi_0_0'

1. Summary
----------

SUCCESS in the upgrade of system_onoff_config_axi_0_0 (xilinx.com:user:onoff_config_axi:1.0) from (Rev. 11) to (Rev. 10)






Copyright 1986-2020 Xilinx, Inc. All Rights Reserved.
------------------------------------------------------------------------------------
| Tool Version : Vivado v.2020.2 (win64) Build 3064766 Wed Nov 18 09:12:45 MST 2020
| Date         : Tue Jan 14 21:49:54 2025
| Host         : DESKTOP-L4NOM67 running 64-bit major release  (build 9200)
| Command      : upgrade_ip
| Device       : xc7z020clg400-2
------------------------------------------------------------------------------------

Upgrade Log for IP 'system_onoff_config_axi_0_2'

1. Summary
----------

SUCCESS in the upgrade of system_onoff_config_axi_0_2 (xilinx.com:user:onoff_config_axi:1.0) from (Rev. 10) to (Rev. 11)






Copyright 1986-2020 Xilinx, Inc. All Rights Reserved.
------------------------------------------------------------------------------------
| Tool Version : Vivado v.2020.2 (win64) Build 3064766 Wed Nov 18 09:12:45 MST 2020
| Date         : Tue Jan 14 21:49:54 2025
| Host         : DESKTOP-L4NOM67 running 64-bit major release  (build 9200)
| Command      : upgrade_ip
| Device       : xc7z020clg400-2
------------------------------------------------------------------------------------

Upgrade Log for IP 'system_onoff_config_axi_0_0'

1. Summary
----------

SUCCESS in the upgrade of system_onoff_config_axi_0_0 (xilinx.com:user:onoff_config_axi:1.0) from (Rev. 10) to (Rev. 11)






Copyright 1986-2020 Xilinx, Inc. All Rights Reserved.
------------------------------------------------------------------------------------
| Tool Version : Vivado v.2020.2 (win64) Build 3064766 Wed Nov 18 09:12:45 MST 2020
| Date         : Tue Jan 14 21:00:37 2025
| Host         : DESKTOP-L4NOM67 running 64-bit major release  (build 9200)
| Command      : upgrade_ip
| Device       : xc7z020clg400-2
------------------------------------------------------------------------------------

Upgrade Log for IP 'system_onoff_config_axi_0_2'

1. Summary
----------

SUCCESS in the upgrade of system_onoff_config_axi_0_2 (xilinx.com:user:onoff_config_axi:1.0) from (Rev. 9) to (Rev. 10)






Copyright 1986-2020 Xilinx, Inc. All Rights Reserved.
------------------------------------------------------------------------------------
| Tool Version : Vivado v.2020.2 (win64) Build 3064766 Wed Nov 18 09:12:45 MST 2020
| Date         : Tue Jan 14 21:00:37 2025
| Host         : DESKTOP-L4NOM67 running 64-bit major release  (build 9200)
| Command      : upgrade_ip
| Device       : xc7z020clg400-2
------------------------------------------------------------------------------------

Upgrade Log for IP 'system_onoff_config_axi_0_0'

1. Summary
----------

SUCCESS in the upgrade of system_onoff_config_axi_0_0 (xilinx.com:user:onoff_config_axi:1.0) from (Rev. 9) to (Rev. 10)






Copyright 1986-2020 Xilinx, Inc. All Rights Reserved.
------------------------------------------------------------------------------------
| Tool Version : Vivado v.2020.2 (win64) Build 3064766 Wed Nov 18 09:12:45 MST 2020
| Date         : Tue Jan 14 20:19:46 2025
| Host         : DESKTOP-L4NOM67 running 64-bit major release  (build 9200)
| Command      : upgrade_ip
| Device       : xc7z020clg400-2
------------------------------------------------------------------------------------

Upgrade Log for IP 'system_onoff_config_axi_0_2'

1. Summary
----------

SUCCESS in the upgrade of system_onoff_config_axi_0_2 (xilinx.com:user:onoff_config_axi:1.0) from (Rev. 8) to (Rev. 9)






Copyright 1986-2020 Xilinx, Inc. All Rights Reserved.
------------------------------------------------------------------------------------
| Tool Version : Vivado v.2020.2 (win64) Build 3064766 Wed Nov 18 09:12:45 MST 2020
| Date         : Tue Jan 14 20:19:46 2025
| Host         : DESKTOP-L4NOM67 running 64-bit major release  (build 9200)
| Command      : upgrade_ip
| Device       : xc7z020clg400-2
------------------------------------------------------------------------------------

Upgrade Log for IP 'system_onoff_config_axi_0_0'

1. Summary
----------

SUCCESS in the upgrade of system_onoff_config_axi_0_0 (xilinx.com:user:onoff_config_axi:1.0) from (Rev. 8) to (Rev. 9)






Copyright 1986-2020 Xilinx, Inc. All Rights Reserved.
------------------------------------------------------------------------------------
| Tool Version : Vivado v.2020.2 (win64) Build 3064766 Wed Nov 18 09:12:45 MST 2020
| Date         : Tue Jan 14 19:49:26 2025
| Host         : DESKTOP-L4NOM67 running 64-bit major release  (build 9200)
| Command      : upgrade_ip
| Device       : xc7z020clg400-2
------------------------------------------------------------------------------------

Upgrade Log for IP 'system_onoff_config_axi_0_2'

1. Summary
----------

SUCCESS in the upgrade of system_onoff_config_axi_0_2 (xilinx.com:user:onoff_config_axi:1.0) from (Rev. 7) to (Rev. 8)






Copyright 1986-2020 Xilinx, Inc. All Rights Reserved.
------------------------------------------------------------------------------------
| Tool Version : Vivado v.2020.2 (win64) Build 3064766 Wed Nov 18 09:12:45 MST 2020
| Date         : Tue Jan 14 19:49:26 2025
| Host         : DESKTOP-L4NOM67 running 64-bit major release  (build 9200)
| Command      : upgrade_ip
| Device       : xc7z020clg400-2
------------------------------------------------------------------------------------

Upgrade Log for IP 'system_onoff_config_axi_0_0'

1. Summary
----------

SUCCESS in the upgrade of system_onoff_config_axi_0_0 (xilinx.com:user:onoff_config_axi:1.0) from (Rev. 7) to (Rev. 8)






Copyright 1986-2020 Xilinx, Inc. All Rights Reserved.
------------------------------------------------------------------------------------
| Tool Version : Vivado v.2020.2 (win64) Build 3064766 Wed Nov 18 09:12:45 MST 2020
| Date         : Tue Jan 14 19:09:35 2025
| Host         : DESKTOP-L4NOM67 running 64-bit major release  (build 9200)
| Command      : upgrade_ip
| Device       : xc7z020clg400-2
------------------------------------------------------------------------------------

Upgrade Log for IP 'system_onoff_config_axi_0_2'

1. Summary
----------

SUCCESS in the conversion of system_onoff_config_axi_0_2 (xilinx.com:user:onoff_config_axi:1.0 (Rev. 7)) to Vivado generation flows.






Copyright 1986-2020 Xilinx, Inc. All Rights Reserved.
------------------------------------------------------------------------------------
| Tool Version : Vivado v.2020.2 (win64) Build 3064766 Wed Nov 18 09:12:45 MST 2020
| Date         : Tue Jan 14 19:09:35 2025
| Host         : DESKTOP-L4NOM67 running 64-bit major release  (build 9200)
| Command      : upgrade_ip
| Device       : xc7z020clg400-2
------------------------------------------------------------------------------------

Upgrade Log for IP 'system_onoff_config_axi_0_0'

1. Summary
----------

SUCCESS in the conversion of system_onoff_config_axi_0_0 (xilinx.com:user:onoff_config_axi:1.0 (Rev. 7)) to Vivado generation flows.






Copyright 1986-2020 Xilinx, Inc. All Rights Reserved.
------------------------------------------------------------------------------------
| Tool Version : Vivado v.2020.2 (win64) Build 3064766 Wed Nov 18 09:12:45 MST 2020
| Date         : Tue Jan 14 19:09:00 2025
| Host         : DESKTOP-L4NOM67 running 64-bit major release  (build 9200)
| Command      : upgrade_ip
| Device       : xc7z020clg400-2
------------------------------------------------------------------------------------

Upgrade Log for IP 'system_onoff_config_axi_0_2'

1. Summary
----------

SUCCESS in the upgrade of system_onoff_config_axi_0_2 (xilinx.com:user:onoff_config_axi:1.0) from (Rev. 6) to (Rev. 7)






Copyright 1986-2020 Xilinx, Inc. All Rights Reserved.
------------------------------------------------------------------------------------
| Tool Version : Vivado v.2020.2 (win64) Build 3064766 Wed Nov 18 09:12:45 MST 2020
| Date         : Tue Jan 14 19:09:00 2025
| Host         : DESKTOP-L4NOM67 running 64-bit major release  (build 9200)
| Command      : upgrade_ip
| Device       : xc7z020clg400-2
------------------------------------------------------------------------------------

Upgrade Log for IP 'system_onoff_config_axi_0_0'

1. Summary
----------

SUCCESS in the upgrade of system_onoff_config_axi_0_0 (xilinx.com:user:onoff_config_axi:1.0) from (Rev. 6) to (Rev. 7)






Copyright 1986-2020 Xilinx, Inc. All Rights Reserved.
------------------------------------------------------------------------------------
| Tool Version : Vivado v.2020.2 (win64) Build 3064766 Wed Nov 18 09:12:45 MST 2020
| Date         : Tue Jan 14 17:03:21 2025
| Host         : DESKTOP-L4NOM67 running 64-bit major release  (build 9200)
| Command      : upgrade_ip
| Device       : xc7z020clg400-2
------------------------------------------------------------------------------------

Upgrade Log for IP 'system_onoff_config_axi_0_2'

1. Summary
----------

SUCCESS in the upgrade of system_onoff_config_axi_0_2 (xilinx.com:user:onoff_config_axi:1.0) from (Rev. 5) to (Rev. 6)






Copyright 1986-2020 Xilinx, Inc. All Rights Reserved.
------------------------------------------------------------------------------------
| Tool Version : Vivado v.2020.2 (win64) Build 3064766 Wed Nov 18 09:12:45 MST 2020
| Date         : Tue Jan 14 17:03:21 2025
| Host         : DESKTOP-L4NOM67 running 64-bit major release  (build 9200)
| Command      : upgrade_ip
| Device       : xc7z020clg400-2
------------------------------------------------------------------------------------

Upgrade Log for IP 'system_onoff_config_axi_0_0'

1. Summary
----------

SUCCESS in the upgrade of system_onoff_config_axi_0_0 (xilinx.com:user:onoff_config_axi:1.0) from (Rev. 5) to (Rev. 6)






Copyright 1986-2020 Xilinx, Inc. All Rights Reserved.
------------------------------------------------------------------------------------
| Tool Version : Vivado v.2020.2 (win64) Build 3064766 Wed Nov 18 09:12:45 MST 2020
| Date         : Tue Jan 14 17:01:06 2025
| Host         : DESKTOP-L4NOM67 running 64-bit major release  (build 9200)
| Command      : upgrade_ip
| Device       : xc7z020clg400-2
------------------------------------------------------------------------------------

Upgrade Log for IP 'system_onoff_config_axi_0_2'

1. Summary
----------

SUCCESS in the upgrade of system_onoff_config_axi_0_2 (xilinx.com:user:onoff_config_axi:1.0) from (Rev. 4) to (Rev. 5)






Copyright 1986-2020 Xilinx, Inc. All Rights Reserved.
------------------------------------------------------------------------------------
| Tool Version : Vivado v.2020.2 (win64) Build 3064766 Wed Nov 18 09:12:45 MST 2020
| Date         : Tue Jan 14 17:01:06 2025
| Host         : DESKTOP-L4NOM67 running 64-bit major release  (build 9200)
| Command      : upgrade_ip
| Device       : xc7z020clg400-2
------------------------------------------------------------------------------------

Upgrade Log for IP 'system_onoff_config_axi_0_0'

1. Summary
----------

SUCCESS in the upgrade of system_onoff_config_axi_0_0 (xilinx.com:user:onoff_config_axi:1.0) from (Rev. 4) to (Rev. 5)






Copyright 1986-2020 Xilinx, Inc. All Rights Reserved.
------------------------------------------------------------------------------------
| Tool Version : Vivado v.2020.2 (win64) Build 3064766 Wed Nov 18 09:12:45 MST 2020
| Date         : Tue Jan 14 16:38:23 2025
| Host         : DESKTOP-L4NOM67 running 64-bit major release  (build 9200)
| Command      : upgrade_ip
| Device       : xc7z020clg400-2
------------------------------------------------------------------------------------

Upgrade Log for IP 'system_onoff_config_axi_0_2'

1. Summary
----------

SUCCESS in the conversion of system_onoff_config_axi_0_2 (xilinx.com:user:onoff_config_axi:1.0 (Rev. 4)) to Vivado generation flows.






Copyright 1986-2020 Xilinx, Inc. All Rights Reserved.
------------------------------------------------------------------------------------
| Tool Version : Vivado v.2020.2 (win64) Build 3064766 Wed Nov 18 09:12:45 MST 2020
| Date         : Tue Jan 14 16:38:23 2025
| Host         : DESKTOP-L4NOM67 running 64-bit major release  (build 9200)
| Command      : upgrade_ip
| Device       : xc7z020clg400-2
------------------------------------------------------------------------------------

Upgrade Log for IP 'system_onoff_config_axi_0_0'

1. Summary
----------

SUCCESS in the conversion of system_onoff_config_axi_0_0 (xilinx.com:user:onoff_config_axi:1.0 (Rev. 4)) to Vivado generation flows.






Copyright 1986-2020 Xilinx, Inc. All Rights Reserved.
------------------------------------------------------------------------------------
| Tool Version : Vivado v.2020.2 (win64) Build 3064766 Wed Nov 18 09:12:45 MST 2020
| Date         : Tue Jan 14 16:34:24 2025
| Host         : DESKTOP-L4NOM67 running 64-bit major release  (build 9200)
| Command      : upgrade_ip
| Device       : xc7z020clg400-2
------------------------------------------------------------------------------------

Upgrade Log for IP 'system_onoff_config_axi_0_2'

1. Summary
----------

SUCCESS in the conversion of system_onoff_config_axi_0_2 (xilinx.com:user:onoff_config_axi:1.0 (Rev. 4)) to Vivado generation flows.






Copyright 1986-2020 Xilinx, Inc. All Rights Reserved.
------------------------------------------------------------------------------------
| Tool Version : Vivado v.2020.2 (win64) Build 3064766 Wed Nov 18 09:12:45 MST 2020
| Date         : Tue Jan 14 16:34:24 2025
| Host         : DESKTOP-L4NOM67 running 64-bit major release  (build 9200)
| Command      : upgrade_ip
| Device       : xc7z020clg400-2
------------------------------------------------------------------------------------

Upgrade Log for IP 'system_onoff_config_axi_0_0'

1. Summary
----------

SUCCESS in the conversion of system_onoff_config_axi_0_0 (xilinx.com:user:onoff_config_axi:1.0 (Rev. 4)) to Vivado generation flows.






Copyright 1986-2020 Xilinx, Inc. All Rights Reserved.
------------------------------------------------------------------------------------
| Tool Version : Vivado v.2020.2 (win64) Build 3064766 Wed Nov 18 09:12:45 MST 2020
| Date         : Tue Jan 14 16:25:40 2025
| Host         : DESKTOP-L4NOM67 running 64-bit major release  (build 9200)
| Command      : upgrade_ip
| Device       : xc7z020clg400-2
------------------------------------------------------------------------------------

Upgrade Log for IP 'system_onoff_config_axi_0_2'

1. Summary
----------

SUCCESS in the conversion of system_onoff_config_axi_0_2 (xilinx.com:user:onoff_config_axi:1.0 (Rev. 4)) to Vivado generation flows.






Copyright 1986-2020 Xilinx, Inc. All Rights Reserved.
------------------------------------------------------------------------------------
| Tool Version : Vivado v.2020.2 (win64) Build 3064766 Wed Nov 18 09:12:45 MST 2020
| Date         : Tue Jan 14 16:25:40 2025
| Host         : DESKTOP-L4NOM67 running 64-bit major release  (build 9200)
| Command      : upgrade_ip
| Device       : xc7z020clg400-2
------------------------------------------------------------------------------------

Upgrade Log for IP 'system_onoff_config_axi_0_0'

1. Summary
----------

SUCCESS in the conversion of system_onoff_config_axi_0_0 (xilinx.com:user:onoff_config_axi:1.0 (Rev. 4)) to Vivado generation flows.






Copyright 1986-2020 Xilinx, Inc. All Rights Reserved.
------------------------------------------------------------------------------------
| Tool Version : Vivado v.2020.2 (win64) Build 3064766 Wed Nov 18 09:12:45 MST 2020
| Date         : Tue Jan 14 16:18:37 2025
| Host         : DESKTOP-L4NOM67 running 64-bit major release  (build 9200)
| Command      : upgrade_ip
| Device       : xc7z020clg400-2
------------------------------------------------------------------------------------

Upgrade Log for IP 'system_onoff_config_axi_0_2'

1. Summary
----------

SUCCESS in the conversion of system_onoff_config_axi_0_2 (xilinx.com:user:onoff_config_axi:1.0 (Rev. 4)) to Vivado generation flows.






Copyright 1986-2020 Xilinx, Inc. All Rights Reserved.
------------------------------------------------------------------------------------
| Tool Version : Vivado v.2020.2 (win64) Build 3064766 Wed Nov 18 09:12:45 MST 2020
| Date         : Tue Jan 14 16:18:37 2025
| Host         : DESKTOP-L4NOM67 running 64-bit major release  (build 9200)
| Command      : upgrade_ip
| Device       : xc7z020clg400-2
------------------------------------------------------------------------------------

Upgrade Log for IP 'system_onoff_config_axi_0_0'

1. Summary
----------

SUCCESS in the conversion of system_onoff_config_axi_0_0 (xilinx.com:user:onoff_config_axi:1.0 (Rev. 4)) to Vivado generation flows.






Copyright 1986-2020 Xilinx, Inc. All Rights Reserved.
------------------------------------------------------------------------------------
| Tool Version : Vivado v.2020.2 (win64) Build 3064766 Wed Nov 18 09:12:45 MST 2020
| Date         : Tue Jan 14 10:45:48 2025
| Host         : DESKTOP-L4NOM67 running 64-bit major release  (build 9200)
| Command      : upgrade_ip
| Device       : xc7z020clg400-2
------------------------------------------------------------------------------------

Upgrade Log for IP 'system_onoff_config_axi_0_2'

1. Summary
----------

SUCCESS in the conversion of system_onoff_config_axi_0_2 (xilinx.com:user:onoff_config_axi:1.0 (Rev. 4)) to Vivado generation flows.






Copyright 1986-2020 Xilinx, Inc. All Rights Reserved.
------------------------------------------------------------------------------------
| Tool Version : Vivado v.2020.2 (win64) Build 3064766 Wed Nov 18 09:12:45 MST 2020
| Date         : Tue Jan 14 10:45:48 2025
| Host         : DESKTOP-L4NOM67 running 64-bit major release  (build 9200)
| Command      : upgrade_ip
| Device       : xc7z020clg400-2
------------------------------------------------------------------------------------

Upgrade Log for IP 'system_onoff_config_axi_0_0'

1. Summary
----------

SUCCESS in the conversion of system_onoff_config_axi_0_0 (xilinx.com:user:onoff_config_axi:1.0 (Rev. 4)) to Vivado generation flows.

