#-----------------------------------------------------------
# Vivado v2020.2 (64-bit)
# SW Build 3064766 on Wed Nov 18 09:12:45 MST 2020
# IP Build 3064653 on Wed Nov 18 14:17:31 MST 2020
# Start of session at: Mon Mar 24 09:40:27 2025
# Process ID: 11972
# Current directory: C:/Users/saber/Desktop/share/DanDike_NewBoard
# Command line: vivado.exe -gui_launcher_event rodinguilauncherevent16324 C:\Users\saber\Desktop\share\DanDike_NewBoard\DanDike_NewBoard.xpr
# Log file: C:/Users/saber/Desktop/share/DanDike_NewBoard/vivado.log
# Journal file: C:/Users/saber/Desktop/share/DanDike_NewBoard\vivado.jou
#-----------------------------------------------------------
start_gui
open_project C:/Users/saber/Desktop/share/DanDike_NewBoard/DanDike_NewBoard.xpr
Scanning sources...
Finished scanning sources
INFO: [IP_Flow 19-234] Refreshing IP repositories
INFO: [IP_Flow 19-1700] Loaded user IP repository 'c:/Users/saber/Desktop/share/DanDike_NewBoard/ip_repo'.
INFO: [IP_Flow 19-1700] Loaded user IP repository 'c:/Users/saber/Desktop/share/DanDike_NewBoard/if'.
INFO: [IP_Flow 19-2313] Loaded Vivado IP repository 'E:/vivado/Vivado/2020.2/data/ip'.
open_project: Time (s): cpu = 00:00:25 ; elapsed = 00:00:28 . Memory (MB): peak = 1138.918 ; gain = 0.000
eupdate_compile_order -fileset sources_1
open_bd_design {C:/Users/saber/Desktop/share/DanDike_NewBoard/DanDike_NewBoard.srcs/sources_1/bd/system/system.bd}
Reading block design file <C:/Users/saber/Desktop/share/DanDike_NewBoard/DanDike_NewBoard.srcs/sources_1/bd/system/system.bd>...
Adding component instance block -- xilinx.com:ip:processing_system7:5.5 - processing_system7_0
WARNING: [BD 41-176] The physical port 'M_AXI_GP0_aximm_wr_socket' specified in the portmap, is not found on the block! 
WARNING: [BD 41-176] The physical port 'M_AXI_GP0_aximm_rd_socket' specified in the portmap, is not found on the block! 
WARNING: [BD 41-176] The physical port 'S_AXI_HP0_aximm_wr_socket' specified in the portmap, is not found on the block! 
WARNING: [BD 41-176] The physical port 'S_AXI_HP0_aximm_rd_socket' specified in the portmap, is not found on the block! 
Adding component instance block -- xilinx.com:ip:proc_sys_reset:5.0 - rst_ps7_0_100M
Adding component instance block -- xilinx.com:ip:axi_interconnect:2.1 - ps7_0_axi_periph
Adding component instance block -- xilinx.com:ip:axi_crossbar:2.1 - xbar
Adding component instance block -- xilinx.com:ip:axi_crossbar:2.1 - tier2_xbar_0
Adding component instance block -- xilinx.com:ip:axi_crossbar:2.1 - tier2_xbar_1
Adding component instance block -- xilinx.com:ip:axi_crossbar:2.1 - tier2_xbar_2
Adding component instance block -- xilinx.com:ip:axi_protocol_converter:2.1 - auto_pc
Adding component instance block -- xilinx.com:ip:axi_protocol_converter:2.1 - auto_pc
Adding component instance block -- xilinx.com:ip:axi_protocol_converter:2.1 - auto_pc
Adding component instance block -- xilinx.com:ip:axi_protocol_converter:2.1 - auto_pc
Adding component instance block -- xilinx.com:ip:axi_protocol_converter:2.1 - auto_pc
Adding component instance block -- xilinx.com:ip:axi_protocol_converter:2.1 - auto_pc
Adding component instance block -- xilinx.com:ip:axi_protocol_converter:2.1 - auto_pc
Adding component instance block -- xilinx.com:ip:axi_protocol_converter:2.1 - auto_pc
Adding component instance block -- xilinx.com:ip:axi_protocol_converter:2.1 - auto_pc
Adding component instance block -- xilinx.com:ip:proc_sys_reset:5.0 - proc_sys_reset_0
Adding component instance block -- xilinx.com:ip:xlconcat:2.1 - xlconcat_0
Adding component instance block -- xilinx.com:ip:proc_sys_reset:5.0 - rst_ps7_0_142M
Adding component instance block -- xilinx.com:ip:axi_vdma:6.3 - axi_vdma_0
Adding component instance block -- xilinx.com:ip:axi_gpio:2.0 - axi_gpio_0
Adding component instance block -- xilinx.com:ip:v_axi4s_vid_out:4.0 - v_axi4s_vid_out_0
Adding component instance block -- xilinx.com:ip:v_tc:6.2 - v_tc_0
Adding component instance block -- xilinx.com:ip:clk_wiz:6.0 - clk_wiz_0
Adding component instance block -- digilentinc.com:IP:PWM:2.0 - PWM_0
Adding component instance block -- xilinx.com:ip:axi_interconnect:2.1 - axi_mem_intercon
Adding component instance block -- xilinx.com:ip:axi_protocol_converter:2.1 - auto_pc
Adding component instance block -- openedv.com:user:rgb2lcd:1.0 - rgb2lcd_0
Adding component instance block -- xilinx.com:ip:axi_gpio:2.0 - axi_gpio_0
Adding component instance block -- xilinx.com:ip:axi_uartlite:2.0 - axi_uartlite_0
Adding component instance block -- xilinx.com:ip:axi_iic:2.0 - axi_iic_0
Adding component instance block -- xilinx.com:ip:util_vector_logic:2.0 - util_vector_logic_0
Adding component instance block -- xilinx.com:user:coder:1.0 - coder_0
Adding component instance block -- xilinx.com:ip:util_vector_logic:2.0 - util_vector_logic_0
Adding component instance block -- xilinx.com:ip:axi_bram_ctrl:4.1 - axi_bram_ctrl_0
Adding component instance block -- xilinx.com:user:dac_whole:1.0 - dac_whole_0
Adding component instance block -- xilinx.com:ip:axis_data_fifo:2.0 - axis_data_fifo_0
Adding component instance block -- xilinx.com:ip:axis_data_fifo:2.0 - axis_data_fifo_1
Adding component instance block -- xilinx.com:ip:axi_dma:7.1 - axi_dma_0
Adding component instance block -- xilinx.com:ip:blk_mem_gen:8.4 - blk_mem_gen_0
Adding component instance block -- xilinx.com:ip:smartconnect:1.0 - axi_smc
Adding component instance block -- xilinx.com:user:adc_whole:1.0 - adc_whole_0
Adding component instance block -- xilinx.com:user:onoff_config_axi:1.0 - onoff_config_axi_0
Adding component instance block -- xilinx.com:ip:axi_bram_ctrl:4.1 - axi_bram_ctrl_0
Adding component instance block -- xilinx.com:user:dac_whole:1.0 - dac_whole_0
Adding component instance block -- xilinx.com:ip:axis_data_fifo:2.0 - axis_data_fifo_0
Adding component instance block -- xilinx.com:ip:axis_data_fifo:2.0 - axis_data_fifo_1
Adding component instance block -- xilinx.com:ip:axi_dma:7.1 - axi_dma_0
Adding component instance block -- xilinx.com:ip:blk_mem_gen:8.4 - blk_mem_gen_0
Adding component instance block -- xilinx.com:ip:smartconnect:1.0 - smartconnect_0
Adding component instance block -- xilinx.com:user:adc_whole:1.0 - adc_whole_0
Adding component instance block -- xilinx.com:user:onoff_config_axi:1.0 - onoff_config_axi_0
Adding component instance block -- xilinx.com:user:gmii2rgmii:1.0 - gmii2rgmii_0
Adding component instance block -- xilinx.com:user:power_pulse_v1_AXI:1.0 - power_pulse_v1_AXI_0
Successfully read diagram <system> from block design file <C:/Users/saber/Desktop/share/DanDike_NewBoard/DanDike_NewBoard.srcs/sources_1/bd/system/system.bd>
open_bd_design: Time (s): cpu = 00:00:08 ; elapsed = 00:00:10 . Memory (MB): peak = 1345.625 ; gain = 175.383
startgroup
set_property -dict [list CONFIG.PROG_FULL_THRESH {1000}] [get_bd_cells AC_8_channel_0/adda/axis_data_fifo_0]
endgroup
validate_bd_design
INFO: [xilinx.com:ip:clk_wiz:6.0-1] /lcd/clk_wiz_0 clk_wiz propagate
INFO: [xilinx.com:ip:axi_vdma:6.3-16] /lcd/axi_vdma_0 
                    All clocks connected to AXI VDMA are not identical, therefore configuring AXI-VDMA in ASYNC mode.
WARNING: [BD 41-927] Following properties on pin /power_pulse_v1_AXI_0/S_AXI_ACLK have been updated from connected ip, but BD cell '/power_pulse_v1_AXI_0' does not accept parameter changes, so they may not be synchronized with cell properties:
	FREQ_HZ = 1e+08 
Please resolve any mismatches by directly setting properties on BD cell </power_pulse_v1_AXI_0> to completely resolve these warnings.
WARNING: [BD 41-927] Following properties on pin /AC_8_channel_0/onoff_config_axi_0/S_AXI_ACLK have been updated from connected ip, but BD cell '/AC_8_channel_0/onoff_config_axi_0' does not accept parameter changes, so they may not be synchronized with cell properties:
	FREQ_HZ = 1e+08 
Please resolve any mismatches by directly setting properties on BD cell </AC_8_channel_0/onoff_config_axi_0> to completely resolve these warnings.
WARNING: [BD 41-927] Following properties on pin /AC_8_channel_0/adda/dac_whole_0/S_AXIS_ACLK have been updated from connected ip, but BD cell '/AC_8_channel_0/adda/dac_whole_0' does not accept parameter changes, so they may not be synchronized with cell properties:
	FREQ_HZ = 1e+08 
Please resolve any mismatches by directly setting properties on BD cell </AC_8_channel_0/adda/dac_whole_0> to completely resolve these warnings.
WARNING: [BD 41-927] Following properties on pin /AC_8_channel_0/adda/dac_whole_0/S_AXI_ACLK have been updated from connected ip, but BD cell '/AC_8_channel_0/adda/dac_whole_0' does not accept parameter changes, so they may not be synchronized with cell properties:
	FREQ_HZ = 1e+08 
Please resolve any mismatches by directly setting properties on BD cell </AC_8_channel_0/adda/dac_whole_0> to completely resolve these warnings.
WARNING: [BD 41-927] Following properties on pin /AC_8_channel_0/adda/adc_whole_0/M_AXIS_ACLK have been updated from connected ip, but BD cell '/AC_8_channel_0/adda/adc_whole_0' does not accept parameter changes, so they may not be synchronized with cell properties:
	FREQ_HZ = 1e+08 
Please resolve any mismatches by directly setting properties on BD cell </AC_8_channel_0/adda/adc_whole_0> to completely resolve these warnings.
WARNING: [BD 41-927] Following properties on pin /AC_8_channel_0/adda/adc_whole_0/S_AXI_ACLK have been updated from connected ip, but BD cell '/AC_8_channel_0/adda/adc_whole_0' does not accept parameter changes, so they may not be synchronized with cell properties:
	FREQ_HZ = 1e+08 
Please resolve any mismatches by directly setting properties on BD cell </AC_8_channel_0/adda/adc_whole_0> to completely resolve these warnings.
WARNING: [BD 41-927] Following properties on pin /AC_8_channel_1/onoff_config_axi_0/S_AXI_ACLK have been updated from connected ip, but BD cell '/AC_8_channel_1/onoff_config_axi_0' does not accept parameter changes, so they may not be synchronized with cell properties:
	FREQ_HZ = 1e+08 
Please resolve any mismatches by directly setting properties on BD cell </AC_8_channel_1/onoff_config_axi_0> to completely resolve these warnings.
WARNING: [BD 41-927] Following properties on pin /AC_8_channel_1/adda/dac_whole_0/S_AXIS_ACLK have been updated from connected ip, but BD cell '/AC_8_channel_1/adda/dac_whole_0' does not accept parameter changes, so they may not be synchronized with cell properties:
	FREQ_HZ = 1e+08 
Please resolve any mismatches by directly setting properties on BD cell </AC_8_channel_1/adda/dac_whole_0> to completely resolve these warnings.
WARNING: [BD 41-927] Following properties on pin /AC_8_channel_1/adda/dac_whole_0/S_AXI_ACLK have been updated from connected ip, but BD cell '/AC_8_channel_1/adda/dac_whole_0' does not accept parameter changes, so they may not be synchronized with cell properties:
	FREQ_HZ = 1e+08 
Please resolve any mismatches by directly setting properties on BD cell </AC_8_channel_1/adda/dac_whole_0> to completely resolve these warnings.
WARNING: [BD 41-927] Following properties on pin /AC_8_channel_1/adda/adc_whole_0/M_AXIS_ACLK have been updated from connected ip, but BD cell '/AC_8_channel_1/adda/adc_whole_0' does not accept parameter changes, so they may not be synchronized with cell properties:
	FREQ_HZ = 1e+08 
Please resolve any mismatches by directly setting properties on BD cell </AC_8_channel_1/adda/adc_whole_0> to completely resolve these warnings.
WARNING: [BD 41-927] Following properties on pin /AC_8_channel_1/adda/adc_whole_0/S_AXI_ACLK have been updated from connected ip, but BD cell '/AC_8_channel_1/adda/adc_whole_0' does not accept parameter changes, so they may not be synchronized with cell properties:
	FREQ_HZ = 1e+08 
Please resolve any mismatches by directly setting properties on BD cell </AC_8_channel_1/adda/adc_whole_0> to completely resolve these warnings.
validate_bd_design: Time (s): cpu = 00:00:44 ; elapsed = 00:00:44 . Memory (MB): peak = 1790.641 ; gain = 167.797
save_bd_design
Wrote  : <C:\Users\saber\Desktop\share\DanDike_NewBoard\DanDike_NewBoard.srcs\sources_1\bd\system\system.bd> 
Wrote  : <C:/Users/saber/Desktop/share/DanDike_NewBoard/DanDike_NewBoard.srcs/sources_1/bd/system/ui/bd_c954508f.ui> 
reset_run synth_1
launch_runs impl_1 -to_step write_bitstream -jobs 8
INFO: [BD 41-1662] The design 'system.bd' is already validated. Therefore parameter propagation will not be re-run.
Wrote  : <C:/Users/saber/Desktop/share/DanDike_NewBoard/DanDike_NewBoard.srcs/sources_1/bd/system/ui/bd_c954508f.ui> 
INFO: [Common 17-365] Interrupt caught but 'launch_runs' cannot be canceled. Please wait for command to finish.
WARNING: [BD 41-2384] Width mismatch when connecting pin: '/AC_8_channel_0/adda/blk_mem_gen_0/addra'(32) to pin: '/AC_8_channel_0/adda/axi_bram_ctrl_0/bram_addr_a'(14) - Only lower order bits will be connected.
WARNING: [BD 41-2384] Width mismatch when connecting pin: '/AC_8_channel_1/adda/blk_mem_gen_0/addra'(32) to pin: '/AC_8_channel_1/adda/axi_bram_ctrl_0/bram_addr_a'(14) - Only lower order bits will be connected.
VHDL Output written to : C:/Users/saber/Desktop/share/DanDike_NewBoard/DanDike_NewBoard.srcs/sources_1/bd/system/synth/system.v
WARNING: [BD 41-2384] Width mismatch when connecting pin: '/AC_8_channel_0/adda/blk_mem_gen_0/addra'(32) to pin: '/AC_8_channel_0/adda/axi_bram_ctrl_0/bram_addr_a'(14) - Only lower order bits will be connected.
WARNING: [BD 41-2384] Width mismatch when connecting pin: '/AC_8_channel_1/adda/blk_mem_gen_0/addra'(32) to pin: '/AC_8_channel_1/adda/axi_bram_ctrl_0/bram_addr_a'(14) - Only lower order bits will be connected.
VHDL Output written to : C:/Users/saber/Desktop/share/DanDike_NewBoard/DanDike_NewBoard.srcs/sources_1/bd/system/sim/system.v
VHDL Output written to : C:/Users/saber/Desktop/share/DanDike_NewBoard/DanDike_NewBoard.srcs/sources_1/bd/system/hdl/system_wrapper.v
INFO: [BD 41-1171] User-interrupt detected : Generation halted successfully for IP Integrator design C:/Users/saber/Desktop/share/DanDike_NewBoard/DanDike_NewBoard.srcs/sources_1/bd/system/system.bd
INFO: [Common 17-681] Processing pending cancel.
write_bd_layout -format pdf -orientation portrait C:/Users/saber/Desktop/share/DanDike_NewBoard/vitis1/system.pdf
C:/Users/saber/Desktop/share/DanDike_NewBoard/vitis1/system.pdf
delete_bd_objs [get_bd_nets AC_8_channel_1_prog_empty] [get_bd_nets AC_8_channel_1_mm2s_introut] [get_bd_intf_nets ps7_0_axi_periph_M14_AXI] [get_bd_intf_nets ps7_0_axi_periph_M15_AXI] [get_bd_intf_nets ps7_0_axi_periph_M16_AXI] [get_bd_intf_nets ps7_0_axi_periph_M17_AXI] [get_bd_intf_nets ps7_0_axi_periph_M18_AXI] [get_bd_intf_nets AC_8_channel_1_M00_AXI] [get_bd_nets AC_8_channel_1_prog_full] [get_bd_nets AC_8_channel_1_s2mm_introut] [get_bd_nets AC_8_channel_1_adc_end_intr] [get_bd_cells AC_8_channel_1]
regenerate_bd_layout
undo
INFO: [Common 17-17] undo 'regenerate_bd_layout'
undo
INFO: [Common 17-17] undo 'delete_bd_objs [get_bd_nets AC_8_channel_1_prog_empty] [get_bd_nets AC_8_channel_1_mm2s_introut] [get_bd_intf_nets ps7_0_axi_periph_M14_AXI] [get_bd_intf_nets ps7_0_axi_periph_M15_AXI] [get_bd_intf_nets ps7_0_axi_periph_M16_AXI] [get_bd_intf_nets ps7_0_axi_periph_M17_AXI] [get_bd_intf_nets ps7_0_axi_periph_M18_AXI] [get_bd_intf_nets AC_8_channel_1_M00_AXI] [get_bd_nets AC_8_channel_1_prog_full] [get_bd_nets AC_8_channel_1_s2mm_introut] [get_bd_nets AC_8_channel_1_adc_end_intr] [get_bd_cells AC_8_channel_1]'
delete_bd_objs [get_bd_nets AC_8_channel_1_prog_empty] [get_bd_nets AC_8_channel_1_mm2s_introut] [get_bd_intf_nets ps7_0_axi_periph_M14_AXI] [get_bd_intf_nets ps7_0_axi_periph_M15_AXI] [get_bd_intf_nets ps7_0_axi_periph_M16_AXI] [get_bd_intf_nets ps7_0_axi_periph_M17_AXI] [get_bd_intf_nets ps7_0_axi_periph_M18_AXI] [get_bd_intf_nets AC_8_channel_1_M00_AXI] [get_bd_nets AC_8_channel_1_prog_full] [get_bd_nets AC_8_channel_1_s2mm_introut] [get_bd_nets AC_8_channel_1_adc_end_intr] [get_bd_cells AC_8_channel_1]
WARNING: [IP_Flow 19-474] Invalid Parameter 'Component_Name'
startgroup
set_property -dict [list CONFIG.PCW_USE_S_AXI_HP2 {0}] [get_bd_cells processing_system7_0]
WARNING: [BD 41-1684] Pin /processing_system7_0/S_AXI_HP2_ACLK is now disabled. All connections to this pin have been removed. 
WARNING: [BD 41-176] The physical port 'M_AXI_GP0_aximm_wr_socket' specified in the portmap, is not found on the block! 
WARNING: [BD 41-176] The physical port 'M_AXI_GP0_aximm_rd_socket' specified in the portmap, is not found on the block! 
WARNING: [BD 41-176] The physical port 'S_AXI_HP0_aximm_wr_socket' specified in the portmap, is not found on the block! 
WARNING: [BD 41-176] The physical port 'S_AXI_HP0_aximm_rd_socket' specified in the portmap, is not found on the block! 
endgroup
regenerate_bd_layout
regenerate_bd_layout -routing
validate_bd_design
WARNING: [BD 41-176] The physical port 'M_AXI_GP0_aximm_wr_socket' specified in the portmap, is not found on the block! 
WARNING: [BD 41-176] The physical port 'M_AXI_GP0_aximm_rd_socket' specified in the portmap, is not found on the block! 
WARNING: [BD 41-176] The physical port 'S_AXI_HP0_aximm_wr_socket' specified in the portmap, is not found on the block! 
WARNING: [BD 41-176] The physical port 'S_AXI_HP0_aximm_rd_socket' specified in the portmap, is not found on the block! 
INFO: [xilinx.com:ip:clk_wiz:6.0-1] /lcd/clk_wiz_0 clk_wiz propagate
INFO: [xilinx.com:ip:axi_vdma:6.3-16] /lcd/axi_vdma_0 
                    All clocks connected to AXI VDMA are not identical, therefore configuring AXI-VDMA in ASYNC mode.
validate_bd_design: Time (s): cpu = 00:00:35 ; elapsed = 00:00:35 . Memory (MB): peak = 2058.805 ; gain = 10.148
generate_target all [get_files  C:/Users/saber/Desktop/share/DanDike_NewBoard/DanDike_NewBoard.srcs/sources_1/bd/system/system.bd]
INFO: [BD 41-1662] The design 'system.bd' is already validated. Therefore parameter propagation will not be re-run.
Wrote  : <C:\Users\saber\Desktop\share\DanDike_NewBoard\DanDike_NewBoard.srcs\sources_1\bd\system\system.bd> 
Wrote  : <C:/Users/saber/Desktop/share/DanDike_NewBoard/DanDike_NewBoard.srcs/sources_1/bd/system/ui/bd_c954508f.ui> 
WARNING: [BD 41-2384] Width mismatch when connecting pin: '/AC_8_channel_0/adda/blk_mem_gen_0/addra'(32) to pin: '/AC_8_channel_0/adda/axi_bram_ctrl_0/bram_addr_a'(14) - Only lower order bits will be connected.
VHDL Output written to : C:/Users/saber/Desktop/share/DanDike_NewBoard/DanDike_NewBoard.srcs/sources_1/bd/system/synth/system.v
WARNING: [BD 41-2384] Width mismatch when connecting pin: '/AC_8_channel_0/adda/blk_mem_gen_0/addra'(32) to pin: '/AC_8_channel_0/adda/axi_bram_ctrl_0/bram_addr_a'(14) - Only lower order bits will be connected.
VHDL Output written to : C:/Users/saber/Desktop/share/DanDike_NewBoard/DanDike_NewBoard.srcs/sources_1/bd/system/sim/system.v
VHDL Output written to : C:/Users/saber/Desktop/share/DanDike_NewBoard/DanDike_NewBoard.srcs/sources_1/bd/system/hdl/system_wrapper.v
WARNING: [IP_Flow 19-5611] Unable to find an associated reset port for the interface 'M_AXI_GP0'. A default connection has been created.
WARNING: [IP_Flow 19-5611] Unable to find an associated reset port for the interface 'S_AXI_HP0'. A default connection has been created.
WARNING: [IP_Flow 19-5611] Unable to find an associated reset port for the interface 'S_AXI_HP1'. A default connection has been created.
INFO: [BD 41-1029] Generation completed for the IP Integrator block processing_system7_0 .
INFO: [BD 41-1029] Generation completed for the IP Integrator block lcd/axi_vdma_0 .
INFO: [BD 41-1029] Generation completed for the IP Integrator block lcd/v_tc_0 .
INFO: [BD 41-1029] Generation completed for the IP Integrator block lcd/v_axi4s_vid_out_0 .
Exporting to file c:/Users/saber/Desktop/share/DanDike_NewBoard/DanDike_NewBoard.srcs/sources_1/bd/system/ip/system_axi_smc_0/bd_0/hw_handoff/system_axi_smc_0.hwh
Generated Block Design Tcl file c:/Users/saber/Desktop/share/DanDike_NewBoard/DanDike_NewBoard.srcs/sources_1/bd/system/ip/system_axi_smc_0/bd_0/hw_handoff/system_axi_smc_0_bd.tcl
Generated Hardware Definition File c:/Users/saber/Desktop/share/DanDike_NewBoard/DanDike_NewBoard.srcs/sources_1/bd/system/ip/system_axi_smc_0/bd_0/synth/system_axi_smc_0.hwdef
INFO: [BD 41-1029] Generation completed for the IP Integrator block AC_8_channel_0/adda/axi_smc .
INFO: [BD 41-1029] Generation completed for the IP Integrator block rst_ps7_0_100M .
INFO: [BD 41-1029] Generation completed for the IP Integrator block ps7_0_axi_periph/xbar .
INFO: [BD 41-1029] Generation completed for the IP Integrator block AC_8_channel_0/adda/axi_dma_0 .
INFO: [BD 41-1029] Generation completed for the IP Integrator block AC_8_channel_0/adda/axis_data_fifo_0 .
INFO: [BD 41-1029] Generation completed for the IP Integrator block AC_8_channel_0/adda/axis_data_fifo_1 .
INFO: [BD 41-1029] Generation completed for the IP Integrator block proc_sys_reset_0 .
INFO: [BD 41-1029] Generation completed for the IP Integrator block AC_8_channel_0/adda/axi_bram_ctrl_0 .
INFO: [BD 41-1029] Generation completed for the IP Integrator block lcd/rst_ps7_0_142M .
INFO: [BD 41-1029] Generation completed for the IP Integrator block axi_uartlite_0 .
INFO: [BD 41-1029] Generation completed for the IP Integrator block ps7_0_axi_periph/tier2_xbar_0 .
INFO: [BD 41-1029] Generation completed for the IP Integrator block ps7_0_axi_periph/tier2_xbar_1 .
INFO: [BD 41-1029] Generation completed for the IP Integrator block ps7_0_axi_periph/tier2_xbar_2 .
INFO: [BD 41-1029] Generation completed for the IP Integrator block ps7_0_axi_periph/i00_couplers/auto_pc .
INFO: [BD 41-1029] Generation completed for the IP Integrator block ps7_0_axi_periph/s00_couplers/auto_pc .
INFO: [BD 41-1029] Generation completed for the IP Integrator block ps7_0_axi_periph/m09_couplers/auto_pc .
INFO: [BD 41-1029] Generation completed for the IP Integrator block ps7_0_axi_periph/m10_couplers/auto_pc .
INFO: [BD 41-1029] Generation completed for the IP Integrator block ps7_0_axi_periph/m11_couplers/auto_pc .
INFO: [BD 41-1029] Generation completed for the IP Integrator block ps7_0_axi_periph/m12_couplers/auto_pc .
INFO: [BD 41-1029] Generation completed for the IP Integrator block ps7_0_axi_periph/m13_couplers/auto_pc .
INFO: [BD 41-1029] Generation completed for the IP Integrator block ps7_0_axi_periph/m19_couplers/auto_pc .
INFO: [BD 41-1029] Generation completed for the IP Integrator block lcd/axi_mem_intercon/s00_couplers/auto_pc .
Exporting to file C:/Users/saber/Desktop/share/DanDike_NewBoard/DanDike_NewBoard.srcs/sources_1/bd/system/hw_handoff/system.hwh
Generated Block Design Tcl file C:/Users/saber/Desktop/share/DanDike_NewBoard/DanDike_NewBoard.srcs/sources_1/bd/system/hw_handoff/system_bd.tcl
Generated Hardware Definition File C:/Users/saber/Desktop/share/DanDike_NewBoard/DanDike_NewBoard.srcs/sources_1/bd/system/synth/system.hwdef
generate_target: Time (s): cpu = 00:00:32 ; elapsed = 00:00:35 . Memory (MB): peak = 2144.359 ; gain = 52.895
export_ip_user_files -of_objects [get_files C:/Users/saber/Desktop/share/DanDike_NewBoard/DanDike_NewBoard.srcs/sources_1/bd/system/system.bd] -no_script -sync -force -quiet
export_simulation -of_objects [get_files C:/Users/saber/Desktop/share/DanDike_NewBoard/DanDike_NewBoard.srcs/sources_1/bd/system/system.bd] -directory C:/Users/saber/Desktop/share/DanDike_NewBoard/DanDike_NewBoard.ip_user_files/sim_scripts -ip_user_files_dir C:/Users/saber/Desktop/share/DanDike_NewBoard/DanDike_NewBoard.ip_user_files -ipstatic_source_dir C:/Users/saber/Desktop/share/DanDike_NewBoard/DanDike_NewBoard.ip_user_files/ipstatic -lib_map_path [list {modelsim=C:/Users/saber/Desktop/share/DanDike_NewBoard/DanDike_NewBoard.cache/compile_simlib/modelsim} {questa=C:/Users/saber/Desktop/share/DanDike_NewBoard/DanDike_NewBoard.cache/compile_simlib/questa} {riviera=C:/Users/saber/Desktop/share/DanDike_NewBoard/DanDike_NewBoard.cache/compile_simlib/riviera} {activehdl=C:/Users/saber/Desktop/share/DanDike_NewBoard/DanDike_NewBoard.cache/compile_simlib/activehdl}] -use_ip_compiled_libs -force -quiet
launch_runs impl_1 -to_step write_bitstream -jobs 8
[Mon Mar 24 10:42:07 2025] Launched synth_1...
Run output will be captured here: C:/Users/saber/Desktop/share/DanDike_NewBoard/DanDike_NewBoard.runs/synth_1/runme.log
[Mon Mar 24 10:42:07 2025] Launched impl_1...
Run output will be captured here: C:/Users/saber/Desktop/share/DanDike_NewBoard/DanDike_NewBoard.runs/impl_1/runme.log
write_hw_platform -fixed -include_bit -force -file C:/Users/saber/Desktop/share/DanDike_NewBoard/vitis1/system_wrapper.xsa
INFO: [Vivado 12-4895] Creating Hardware Platform: C:/Users/saber/Desktop/share/DanDike_NewBoard/vitis1/system_wrapper.xsa ...
INFO: [Hsi 55-2053] elapsed time for repository (E:/vivado/Vivado/2020.2/data\embeddedsw) loading 2 seconds
INFO: [Vivado 12-12467] The Hardware Platform can be used for Hardware
INFO: [Vivado 12-4896] Successfully created Hardware Platform: C:/Users/saber/Desktop/share/DanDike_NewBoard/vitis1/system_wrapper.xsa
write_hw_platform: Time (s): cpu = 00:00:06 ; elapsed = 00:00:07 . Memory (MB): peak = 2391.148 ; gain = 157.949
open_bd_design {C:/Users/saber/Desktop/share/DanDike_NewBoard/DanDike_NewBoard.srcs/sources_1/bd/system/system.bd}
startgroup
endgroup
exit
INFO: [Common 17-206] Exiting Vivado at Mon Mar 24 19:16:16 2025...
