#-----------------------------------------------------------
# Vivado v2020.2 (64-bit)
# SW Build 3064766 on Wed Nov 18 09:12:45 MST 2020
# IP Build 3064653 on Wed Nov 18 14:17:31 MST 2020
# Start of session at: Tue Jan 14 21:45:11 2025
# Process ID: 15028
# Current directory: C:/Users/saber/Desktop/share/DanDike_NewBoard
# Command line: vivado.exe -gui_launcher_event rodinguilauncherevent2036 C:\Users\saber\Desktop\share\DanDike_NewBoard\DanDike_NewBoard.xpr
# Log file: C:/Users/saber/Desktop/share/DanDike_NewBoard/vivado.log
# Journal file: C:/Users/saber/Desktop/share/DanDike_NewBoard\vivado.jou
#-----------------------------------------------------------
start_gui
open_project C:/Users/saber/Desktop/share/DanDike_NewBoard/DanDike_NewBoard.xpr
Scanning sources...
Finished scanning sources
INFO: [IP_Flow 19-234] Refreshing IP repositories
INFO: [IP_Flow 19-1700] Loaded user IP repository 'c:/Users/saber/Desktop/share/DanDike_NewBoard/ip_repo'.
INFO: [IP_Flow 19-1700] Loaded user IP repository 'c:/Users/saber/Desktop/share/DanDike_NewBoard/if'.
INFO: [IP_Flow 19-2313] Loaded Vivado IP repository 'E:/vivado/Vivado/2020.2/data/ip'.
open_project: Time (s): cpu = 00:00:22 ; elapsed = 00:00:14 . Memory (MB): peak = 1138.836 ; gain = 0.000
update_compile_order -fileset sources_1
open_bd_design {C:/Users/saber/Desktop/share/DanDike_NewBoard/DanDike_NewBoard.srcs/sources_1/bd/system/system.bd}
Reading block design file <C:/Users/saber/Desktop/share/DanDike_NewBoard/DanDike_NewBoard.srcs/sources_1/bd/system/system.bd>...
Adding component instance block -- xilinx.com:ip:processing_system7:5.5 - processing_system7_0
WARNING: [BD 41-176] The physical port 'M_AXI_GP0_aximm_wr_socket' specified in the portmap, is not found on the block! 
WARNING: [BD 41-176] The physical port 'M_AXI_GP0_aximm_rd_socket' specified in the portmap, is not found on the block! 
WARNING: [BD 41-176] The physical port 'S_AXI_HP0_aximm_wr_socket' specified in the portmap, is not found on the block! 
WARNING: [BD 41-176] The physical port 'S_AXI_HP0_aximm_rd_socket' specified in the portmap, is not found on the block! 
Adding component instance block -- xilinx.com:ip:proc_sys_reset:5.0 - rst_ps7_0_100M
Adding component instance block -- xilinx.com:ip:axi_interconnect:2.1 - ps7_0_axi_periph
Adding component instance block -- xilinx.com:ip:axi_crossbar:2.1 - xbar
Adding component instance block -- xilinx.com:ip:axi_crossbar:2.1 - tier2_xbar_0
Adding component instance block -- xilinx.com:ip:axi_crossbar:2.1 - tier2_xbar_1
Adding component instance block -- xilinx.com:ip:axi_crossbar:2.1 - tier2_xbar_2
Adding component instance block -- xilinx.com:ip:axi_protocol_converter:2.1 - auto_pc
Adding component instance block -- xilinx.com:ip:axi_protocol_converter:2.1 - auto_pc
Adding component instance block -- xilinx.com:ip:axi_protocol_converter:2.1 - auto_pc
Adding component instance block -- xilinx.com:ip:axi_protocol_converter:2.1 - auto_pc
Adding component instance block -- xilinx.com:ip:axi_protocol_converter:2.1 - auto_pc
Adding component instance block -- xilinx.com:ip:axi_protocol_converter:2.1 - auto_pc
Adding component instance block -- xilinx.com:ip:axi_protocol_converter:2.1 - auto_pc
Adding component instance block -- xilinx.com:ip:axi_protocol_converter:2.1 - auto_pc
Adding component instance block -- xilinx.com:ip:axi_protocol_converter:2.1 - auto_pc
Adding component instance block -- xilinx.com:ip:proc_sys_reset:5.0 - proc_sys_reset_0
Adding component instance block -- xilinx.com:ip:xlconcat:2.1 - xlconcat_0
Adding component instance block -- xilinx.com:ip:proc_sys_reset:5.0 - rst_ps7_0_142M
Adding component instance block -- xilinx.com:ip:axi_vdma:6.3 - axi_vdma_0
Adding component instance block -- xilinx.com:ip:axi_gpio:2.0 - axi_gpio_0
Adding component instance block -- xilinx.com:ip:v_axi4s_vid_out:4.0 - v_axi4s_vid_out_0
Adding component instance block -- xilinx.com:ip:v_tc:6.2 - v_tc_0
Adding component instance block -- xilinx.com:ip:clk_wiz:6.0 - clk_wiz_0
Adding component instance block -- digilentinc.com:IP:PWM:2.0 - PWM_0
Adding component instance block -- xilinx.com:ip:axi_interconnect:2.1 - axi_mem_intercon
Adding component instance block -- xilinx.com:ip:axi_protocol_converter:2.1 - auto_pc
Adding component instance block -- openedv.com:user:rgb2lcd:1.0 - rgb2lcd_0
Adding component instance block -- xilinx.com:ip:axi_gpio:2.0 - axi_gpio_0
Adding component instance block -- xilinx.com:ip:axi_uartlite:2.0 - axi_uartlite_0
Adding component instance block -- xilinx.com:ip:axi_iic:2.0 - axi_iic_0
Adding component instance block -- xilinx.com:ip:util_vector_logic:2.0 - util_vector_logic_0
Adding component instance block -- xilinx.com:user:coder:1.0 - coder_0
Adding component instance block -- xilinx.com:ip:util_vector_logic:2.0 - util_vector_logic_0
Adding component instance block -- xilinx.com:ip:axi_bram_ctrl:4.1 - axi_bram_ctrl_0
Adding component instance block -- xilinx.com:user:dac_whole:1.0 - dac_whole_0
Adding component instance block -- xilinx.com:ip:axis_data_fifo:2.0 - axis_data_fifo_0
Adding component instance block -- xilinx.com:ip:axis_data_fifo:2.0 - axis_data_fifo_1
Adding component instance block -- xilinx.com:ip:axi_dma:7.1 - axi_dma_0
Adding component instance block -- xilinx.com:user:adc_whole:1.0 - adc_whole_0
Adding component instance block -- xilinx.com:ip:blk_mem_gen:8.4 - blk_mem_gen_0
Adding component instance block -- xilinx.com:ip:smartconnect:1.0 - axi_smc
Adding component instance block -- xilinx.com:user:onoff_config_axi:1.0 - onoff_config_axi_0
Adding component instance block -- xilinx.com:user:power_pulse_AXI:1.0 - power_pulse_AXI_0
Adding component instance block -- xilinx.com:ip:axi_bram_ctrl:4.1 - axi_bram_ctrl_0
Adding component instance block -- xilinx.com:user:dac_whole:1.0 - dac_whole_0
Adding component instance block -- xilinx.com:ip:axis_data_fifo:2.0 - axis_data_fifo_0
Adding component instance block -- xilinx.com:ip:axis_data_fifo:2.0 - axis_data_fifo_1
Adding component instance block -- xilinx.com:ip:axi_dma:7.1 - axi_dma_0
Adding component instance block -- xilinx.com:user:adc_whole:1.0 - adc_whole_0
Adding component instance block -- xilinx.com:ip:blk_mem_gen:8.4 - blk_mem_gen_0
Adding component instance block -- xilinx.com:ip:smartconnect:1.0 - smartconnect_0
Adding component instance block -- xilinx.com:user:onoff_config_axi:1.0 - onoff_config_axi_0
Adding component instance block -- xilinx.com:user:gmii2rgmii:1.0 - gmii2rgmii_0
Successfully read diagram <system> from block design file <C:/Users/saber/Desktop/share/DanDike_NewBoard/DanDike_NewBoard.srcs/sources_1/bd/system/system.bd>
open_bd_design: Time (s): cpu = 00:00:08 ; elapsed = 00:00:06 . Memory (MB): peak = 1314.125 ; gain = 103.176
ipx::edit_ip_in_project -upgrade true -name onoff_config_axi_v1_0_project -directory C:/Users/saber/Desktop/share/DanDike_NewBoard/DanDike_NewBoard.tmp/onoff_config_axi_v1_0_project c:/Users/saber/Desktop/share/DanDike_NewBoard/ip_repo/Amplifier_and_Switch/component.xml
INFO: [ProjectBase 1-489] The host OS only allows 260 characters in a normal path. The project is stored in a path with more than 80 characters. If you experience issues with IP, Block Designs, or files not being found, please consider moving the project to a location with a shorter path. Alternately consider using the OS subst command to map part of the path to a drive letter.
Current project path is 'c:/users/saber/desktop/share/dandike_newboard/dandike_newboard.tmp/onoff_config_axi_v1_0_project'
INFO: [IP_Flow 19-234] Refreshing IP repositories
INFO: [IP_Flow 19-1704] No user IP repositories specified
INFO: [IP_Flow 19-2313] Loaded Vivado IP repository 'E:/vivado/Vivado/2020.2/data/ip'.
INFO: [IP_Flow 19-234] Refreshing IP repositories
INFO: [IP_Flow 19-1700] Loaded user IP repository 'c:/Users/saber/Desktop/share/DanDike_NewBoard/ip_repo'.
INFO: [IP_Flow 19-1700] Loaded user IP repository 'c:/Users/saber/Desktop/share/DanDike_NewBoard/if'.
INFO: [IP_Flow 19-795] Syncing license key meta-data
ipx::edit_ip_in_project: Time (s): cpu = 00:00:11 ; elapsed = 00:00:06 . Memory (MB): peak = 1745.785 ; gain = 36.426
update_compile_order -fileset sources_1
ipx::merge_project_changes files [ipx::current_core]
WARNING: [IP_Flow 19-5226] Project source file 'c:/Users/saber/Desktop/share/DanDike_NewBoard/ip_repo/Amplifier_and_Switch/component.xml' ignored by IP packager.
ipx::merge_project_changes hdl_parameters [ipx::current_core]
WARNING: [IP_Flow 19-5226] Project source file 'c:/Users/saber/Desktop/share/DanDike_NewBoard/ip_repo/Amplifier_and_Switch/component.xml' ignored by IP packager.
INFO: [IP_Flow 19-3166] Bus Interface 'S_AXI': References existing memory map 'S_AXI'.
ipx::update_checksums [ipx::current_core]
ipx::save_core [ipx::current_core]
set_property core_revision 11 [ipx::current_core]
ipx::update_source_project_archive -component [ipx::current_core]
ipx::create_xgui_files [ipx::current_core]
ipx::update_checksums [ipx::current_core]
ipx::check_integrity [ipx::current_core]
WARNING: [IP_Flow 19-3157] Bus Interface 'CLK25MHz_RSTN': Bus parameter POLARITY is ACTIVE_LOW but port 'CLK25MHz_RSTN' is not *resetn - please double check the POLARITY setting.
INFO: [IP_Flow 19-2181] Payment Required is not set for this core.
INFO: [IP_Flow 19-2187] The Product Guide file is missing.
INFO: [Ipptcl 7-1486] check_integrity: Integrity check passed.
ipx::save_core [ipx::current_core]
ipx::move_temp_component_back -component [ipx::current_core]
close_project -delete
update_ip_catalog -rebuild -repo_path c:/Users/saber/Desktop/share/DanDike_NewBoard/ip_repo
INFO: [IP_Flow 19-725] Reloaded user IP repository 'c:/Users/saber/Desktop/share/DanDike_NewBoard/ip_repo'
report_ip_status -name ip_status 
upgrade_ip [get_ips  {system_onoff_config_axi_0_0 system_onoff_config_axi_0_2}] -log ip_upgrade.log
Upgrading 'C:/Users/saber/Desktop/share/DanDike_NewBoard/DanDike_NewBoard.srcs/sources_1/bd/system/system.bd'
INFO: [IP_Flow 19-3422] Upgraded system_onoff_config_axi_0_0 (onoff_config_axi_v1_0 1.0) from revision 10 to revision 11
INFO: [IP_Flow 19-3422] Upgraded system_onoff_config_axi_0_2 (onoff_config_axi_v1_0 1.0) from revision 10 to revision 11
Wrote  : <C:\Users\saber\Desktop\share\DanDike_NewBoard\DanDike_NewBoard.srcs\sources_1\bd\system\system.bd> 
Wrote  : <C:/Users/saber/Desktop/share/DanDike_NewBoard/DanDike_NewBoard.srcs/sources_1/bd/system/ui/bd_c954508f.ui> 
INFO: [Coretcl 2-1525] Wrote upgrade log to 'C:/Users/saber/Desktop/share/DanDike_NewBoard/ip_upgrade.log'.
export_ip_user_files -of_objects [get_ips {system_onoff_config_axi_0_0 system_onoff_config_axi_0_2}] -no_script -sync -force -quiet
validate_bd_design
INFO: [xilinx.com:ip:axi_vdma:6.3-16] /lcd/axi_vdma_0 
                    All clocks connected to AXI VDMA are not identical, therefore configuring AXI-VDMA in ASYNC mode.
INFO: [xilinx.com:ip:clk_wiz:6.0-1] /lcd/clk_wiz_0 clk_wiz propagate
validate_bd_design: Time (s): cpu = 00:00:47 ; elapsed = 00:00:45 . Memory (MB): peak = 1998.633 ; gain = 88.254
save_bd_design
Wrote  : <C:\Users\saber\Desktop\share\DanDike_NewBoard\DanDike_NewBoard.srcs\sources_1\bd\system\system.bd> 
reset_run synth_1
launch_runs impl_1 -to_step write_bitstream -jobs 8
INFO: [BD 41-1662] The design 'system.bd' is already validated. Therefore parameter propagation will not be re-run.
Wrote  : <C:/Users/saber/Desktop/share/DanDike_NewBoard/DanDike_NewBoard.srcs/sources_1/bd/system/ui/bd_c954508f.ui> 
WARNING: [BD 41-2384] Width mismatch when connecting pin: '/AC_8_channel_0/adda/blk_mem_gen_0/addra'(32) to pin: '/AC_8_channel_0/adda/axi_bram_ctrl_0/bram_addr_a'(14) - Only lower order bits will be connected.
WARNING: [BD 41-2384] Width mismatch when connecting pin: '/AC_8_channel_1/adda/blk_mem_gen_0/addra'(32) to pin: '/AC_8_channel_1/adda/axi_bram_ctrl_0/bram_addr_a'(14) - Only lower order bits will be connected.
VHDL Output written to : C:/Users/saber/Desktop/share/DanDike_NewBoard/DanDike_NewBoard.srcs/sources_1/bd/system/synth/system.v
WARNING: [BD 41-2384] Width mismatch when connecting pin: '/AC_8_channel_0/adda/blk_mem_gen_0/addra'(32) to pin: '/AC_8_channel_0/adda/axi_bram_ctrl_0/bram_addr_a'(14) - Only lower order bits will be connected.
WARNING: [BD 41-2384] Width mismatch when connecting pin: '/AC_8_channel_1/adda/blk_mem_gen_0/addra'(32) to pin: '/AC_8_channel_1/adda/axi_bram_ctrl_0/bram_addr_a'(14) - Only lower order bits will be connected.
VHDL Output written to : C:/Users/saber/Desktop/share/DanDike_NewBoard/DanDike_NewBoard.srcs/sources_1/bd/system/sim/system.v
VHDL Output written to : C:/Users/saber/Desktop/share/DanDike_NewBoard/DanDike_NewBoard.srcs/sources_1/bd/system/hdl/system_wrapper.v
Exporting to file c:/Users/saber/Desktop/share/DanDike_NewBoard/DanDike_NewBoard.srcs/sources_1/bd/system/ip/system_axi_smc_0/bd_0/hw_handoff/system_axi_smc_0.hwh
Generated Block Design Tcl file c:/Users/saber/Desktop/share/DanDike_NewBoard/DanDike_NewBoard.srcs/sources_1/bd/system/ip/system_axi_smc_0/bd_0/hw_handoff/system_axi_smc_0_bd.tcl
Generated Hardware Definition File c:/Users/saber/Desktop/share/DanDike_NewBoard/DanDike_NewBoard.srcs/sources_1/bd/system/ip/system_axi_smc_0/bd_0/synth/system_axi_smc_0.hwdef
INFO: [BD 41-1029] Generation completed for the IP Integrator block AC_8_channel_0/onoff_config_axi_0 .
INFO: [BD 41-1029] Generation completed for the IP Integrator block AC_8_channel_1/onoff_config_axi_0 .
Exporting to file c:/Users/saber/Desktop/share/DanDike_NewBoard/DanDike_NewBoard.srcs/sources_1/bd/system/ip/system_smartconnect_0_0/bd_0/hw_handoff/system_smartconnect_0_0.hwh
Generated Block Design Tcl file c:/Users/saber/Desktop/share/DanDike_NewBoard/DanDike_NewBoard.srcs/sources_1/bd/system/ip/system_smartconnect_0_0/bd_0/hw_handoff/system_smartconnect_0_0_bd.tcl
Generated Hardware Definition File c:/Users/saber/Desktop/share/DanDike_NewBoard/DanDike_NewBoard.srcs/sources_1/bd/system/ip/system_smartconnect_0_0/bd_0/synth/system_smartconnect_0_0.hwdef
INFO: [BD 41-1029] Generation completed for the IP Integrator block ps7_0_axi_periph/tier2_xbar_0 .
INFO: [BD 41-1029] Generation completed for the IP Integrator block ps7_0_axi_periph/tier2_xbar_1 .
INFO: [BD 41-1029] Generation completed for the IP Integrator block ps7_0_axi_periph/tier2_xbar_2 .
INFO: [BD 41-1029] Generation completed for the IP Integrator block ps7_0_axi_periph/i00_couplers/auto_pc .
INFO: [BD 41-1029] Generation completed for the IP Integrator block ps7_0_axi_periph/i02_couplers/auto_pc .
INFO: [BD 41-1029] Generation completed for the IP Integrator block ps7_0_axi_periph/s00_couplers/auto_pc .
INFO: [BD 41-1029] Generation completed for the IP Integrator block ps7_0_axi_periph/m09_couplers/auto_pc .
INFO: [BD 41-1029] Generation completed for the IP Integrator block ps7_0_axi_periph/m10_couplers/auto_pc .
INFO: [BD 41-1029] Generation completed for the IP Integrator block ps7_0_axi_periph/m11_couplers/auto_pc .
INFO: [BD 41-1029] Generation completed for the IP Integrator block ps7_0_axi_periph/m12_couplers/auto_pc .
INFO: [BD 41-1029] Generation completed for the IP Integrator block ps7_0_axi_periph/m13_couplers/auto_pc .
INFO: [BD 41-1029] Generation completed for the IP Integrator block ps7_0_axi_periph/m14_couplers/auto_pc .
INFO: [BD 41-1029] Generation completed for the IP Integrator block lcd/axi_mem_intercon/s00_couplers/auto_pc .
Exporting to file C:/Users/saber/Desktop/share/DanDike_NewBoard/DanDike_NewBoard.srcs/sources_1/bd/system/hw_handoff/system.hwh
Generated Block Design Tcl file C:/Users/saber/Desktop/share/DanDike_NewBoard/DanDike_NewBoard.srcs/sources_1/bd/system/hw_handoff/system_bd.tcl
Generated Hardware Definition File C:/Users/saber/Desktop/share/DanDike_NewBoard/DanDike_NewBoard.srcs/sources_1/bd/system/synth/system.hwdef
[Tue Jan 14 21:51:16 2025] Launched synth_1...
Run output will be captured here: C:/Users/saber/Desktop/share/DanDike_NewBoard/DanDike_NewBoard.runs/synth_1/runme.log
[Tue Jan 14 21:51:16 2025] Launched impl_1...
Run output will be captured here: C:/Users/saber/Desktop/share/DanDike_NewBoard/DanDike_NewBoard.runs/impl_1/runme.log
launch_runs: Time (s): cpu = 00:00:14 ; elapsed = 00:00:16 . Memory (MB): peak = 2210.488 ; gain = 191.785
write_hw_platform -fixed -include_bit -force -file C:/Users/saber/Desktop/share/DanDike_NewBoard/vitis1/system_wrapper.xsa
INFO: [Vivado 12-4895] Creating Hardware Platform: C:/Users/saber/Desktop/share/DanDike_NewBoard/vitis1/system_wrapper.xsa ...
INFO: [Hsi 55-2053] elapsed time for repository (E:/vivado/Vivado/2020.2/data\embeddedsw) loading 0 seconds
INFO: [Vivado 12-12467] The Hardware Platform can be used for Hardware
INFO: [Vivado 12-4896] Successfully created Hardware Platform: C:/Users/saber/Desktop/share/DanDike_NewBoard/vitis1/system_wrapper.xsa
write_hw_platform: Time (s): cpu = 00:00:06 ; elapsed = 00:00:05 . Memory (MB): peak = 2387.902 ; gain = 175.934
exit
INFO: [Common 17-206] Exiting Vivado at Tue Jan 14 22:10:20 2025...
