TRACE::2024-09-21.20:14:26::SCWBifWriter::Found the complete platform C:/Users/saber/Desktop/DanDike_NewBoard/vitis2/system_wrapper/export/system_wrapper/system_wrapper.xpfm
TRACE::2024-09-21.20:14:26::SCWBifWriter::hardware databse : system_wrapper_1
TRACE::2024-09-21.20:14:26::SCWBifWriter::bitstream found in the design
TRACE::2024-09-21.20:14:26::SCWBifWriter::Found a baremetal domain, proc: ps7_cortexa9_1
TRACE::2024-09-21.20:14:26::SCWBifWriter::proc type : 
TRACE::2024-09-21.20:14:26::SCWBifWriter::proc[0] : ps7_cortexa9_1
TRACE::2024-09-21.20:14:26::SCWBifWriter::Device type is : zynq
TRACE::2024-09-21.20:14:26::SCWBifWriter::Writing BIF to file : C:/Users/saber/Desktop/DanDike_NewBoard/vitis2/DanDike_NewBoard_CPU1_system/Debug/system.bif
TRACE::2024-09-21.20:14:26::SCWBifWriter::Writing the Zynq Baremetal bif 
TRACE::2024-10-26.18:56:47::SCWBifWriter::Found the complete platform C:/Users/saber/Desktop/DanDike_NewBoard/vitis2/system_wrapper/export/system_wrapper/system_wrapper.xpfm
TRACE::2024-10-26.18:56:47::SCWBifWriter::hardware databse : system_wrapper
TRACE::2024-10-26.18:56:47::SCWBifWriter::bitstream found in the design
TRACE::2024-10-26.18:56:47::SCWBifWriter::Found a baremetal domain, proc: ps7_cortexa9_1
TRACE::2024-10-26.18:56:47::SCWBifWriter::proc type : 
TRACE::2024-10-26.18:56:47::SCWBifWriter::proc[0] : ps7_cortexa9_1
TRACE::2024-10-26.18:56:47::SCWBifWriter::Device type is : zynq
TRACE::2024-10-26.18:56:47::SCWBifWriter::Writing BIF to file : C:/Users/saber/Desktop/DanDike_NewBoard/vitis2/DanDike_NewBoard_CPU1_system/Debug/system.bif
TRACE::2024-10-26.18:56:47::SCWBifWriter::Writing the Zynq Baremetal bif 
TRACE::2024-10-26.19:29:13::SCWBifWriter::Found the complete platform C:/Users/saber/Desktop/DanDike_NewBoard/vitis2/system_wrapper/export/system_wrapper/system_wrapper.xpfm
TRACE::2024-10-26.19:29:13::SCWBifWriter::hardware databse : system_wrapper
TRACE::2024-10-26.19:29:13::SCWBifWriter::bitstream found in the design
TRACE::2024-10-26.19:29:13::SCWBifWriter::Found a baremetal domain, proc: ps7_cortexa9_1
TRACE::2024-10-26.19:29:13::SCWBifWriter::proc type : 
TRACE::2024-10-26.19:29:13::SCWBifWriter::proc[0] : ps7_cortexa9_1
TRACE::2024-10-26.19:29:13::SCWBifWriter::Device type is : zynq
TRACE::2024-10-26.19:29:13::SCWBifWriter::Writing BIF to file : C:/Users/saber/Desktop/DanDike_NewBoard/vitis2/DanDike_NewBoard_CPU1_system/Debug/system.bif
TRACE::2024-10-26.19:29:13::SCWBifWriter::Writing the Zynq Baremetal bif 
TRACE::2024-10-28.10:00:28::SCWBifWriter::Found the complete platform C:/Users/saber/Desktop/DanDike_NewBoard/vitis2/system_wrapper/export/system_wrapper/system_wrapper.xpfm
TRACE::2024-10-28.10:00:28::SCWBifWriter::hardware databse : system_wrapper
TRACE::2024-10-28.10:00:28::SCWBifWriter::bitstream found in the design
TRACE::2024-10-28.10:00:28::SCWBifWriter::Found a baremetal domain, proc: ps7_cortexa9_1
TRACE::2024-10-28.10:00:28::SCWBifWriter::proc type : 
TRACE::2024-10-28.10:00:28::SCWBifWriter::proc[0] : ps7_cortexa9_1
TRACE::2024-10-28.10:00:28::SCWBifWriter::Device type is : zynq
TRACE::2024-10-28.10:00:28::SCWBifWriter::Writing BIF to file : C:/Users/saber/Desktop/DanDike_NewBoard/vitis2/DanDike_NewBoard_CPU1_system/Debug/system.bif
TRACE::2024-10-28.10:00:28::SCWBifWriter::Writing the Zynq Baremetal bif 
TRACE::2024-11-11.19:36:07::SCWBifWriter::Found the complete platform C:/Users/saber/Desktop/share/DanDike_NewBoard/vitis2/system_wrapper/export/system_wrapper/system_wrapper.xpfm
TRACE::2024-11-11.19:36:07::SCWBifWriter::hardware databse : system_wrapper_2
TRACE::2024-11-11.19:36:07::SCWBifWriter::bitstream found in the design
TRACE::2024-11-11.19:36:07::SCWBifWriter::Found a baremetal domain, proc: ps7_cortexa9_1
TRACE::2024-11-11.19:36:07::SCWBifWriter::proc type : 
TRACE::2024-11-11.19:36:07::SCWBifWriter::proc[0] : ps7_cortexa9_1
TRACE::2024-11-11.19:36:07::SCWBifWriter::Device type is : zynq
TRACE::2024-11-11.19:36:07::SCWBifWriter::Writing BIF to file : C:/Users/saber/Desktop/share/DanDike_NewBoard/vitis2/DanDike_NewBoard_CPU1_system/Debug/system.bif
TRACE::2024-11-11.19:36:07::SCWBifWriter::Writing the Zynq Baremetal bif 
