15:48:44 INFO  : Registering command handlers for SDK TCF services
15:48:46 INFO  : Launching XSCT server: xsct.bat -interactive D:\SDK_project\vdma_lcd_v2\vdma_lcd_v2.sdk\temp_xsdb_launch_script.tcl
15:48:50 INFO  : XSCT server has started successfully.
15:48:55 INFO  : Successfully done setting XSCT server connection channel  
15:48:55 INFO  : Successfully done setting SDK workspace  
15:48:55 INFO  : Processing command line option -hwspec D:/SDK_project/vdma_lcd_v2/vdma_lcd_v2.sdk/system_wrapper.hdf.
21:46:48 INFO  : Registering command handlers for SDK TCF services
21:46:50 INFO  : Launching XSCT server: xsct.bat -interactive D:\SDK_project\vdma_lcd_v2\vdma_lcd_v2.sdk\temp_xsdb_launch_script.tcl
21:46:54 INFO  : XSCT server has started successfully.
21:46:54 INFO  : Successfully done setting XSCT server connection channel  
21:46:55 INFO  : Successfully done setting SDK workspace  
21:46:55 INFO  : Processing command line option -hwspec D:/SDK_project/vdma_lcd_v2/vdma_lcd_v2.sdk/system_wrapper.hdf.
21:46:55 INFO  : Checking for hwspec changes in the project system_wrapper_hw_platform_0.
21:46:59 INFO  : SDK has detected change in the last modified timestamps for source hardware specification file Source:1697289785412,  Project:1696994717658
21:46:59 INFO  : The hardware specification for project 'system_wrapper_hw_platform_0' is different from D:/SDK_project/vdma_lcd_v2/vdma_lcd_v2.sdk/system_wrapper.hdf.
21:46:59 INFO  : Copied contents of D:/SDK_project/vdma_lcd_v2/vdma_lcd_v2.sdk/system_wrapper.hdf into \system_wrapper_hw_platform_0\system.hdf.
21:47:02 INFO  : Synchronizing projects in the workspace with the hardware platform specification changes.
21:47:07 INFO  : 
21:47:08 INFO  : Updating hardware inferred compiler options for vdma_lcd_v2.
21:47:08 INFO  : Clearing existing target manager status.
