15:32:19 INFO  : Launching XSCT server: xsct.bat -n  -interactive C:\Users\saber\Desktop\share\DanDike_NewBoard\vitis1\temp_xsdb_launch_script.tcl
15:32:19 INFO  : Registering command handlers for Vitis TCF services
15:32:22 INFO  : Platform repository initialization has completed.
15:32:22 INFO  : XSCT server has started successfully.
15:32:22 INFO  : plnx-install-location is set to ''
15:32:22 INFO  : Successfully done setting XSCT server connection channel  
15:32:27 INFO  : Successfully done setting workspace for the tool. 
15:32:27 INFO  : Successfully done query RDI_DATADIR 
15:34:02 INFO  : Result from executing command 'getProjects': system_wrapper
15:34:02 INFO  : Result from executing command 'getPlatforms': 
15:34:02 WARN  : An unexpected exception occurred in the module 'platform project logging'
15:34:02 INFO  : Platform 'system_wrapper' is added to custom repositories.
15:34:11 INFO  : Platform 'system_wrapper' is added to custom repositories.
15:35:14 INFO  : Result from executing command 'getProjects': system_wrapper
15:35:14 INFO  : Result from executing command 'getPlatforms': C:\Users\saber\Desktop\share\DanDike_NewBoard\vitis1\system_wrapper\export\system_wrapper\system_wrapper.xpfm|C:/Users/saber/Desktop/share/DanDike_NewBoard/vitis1/system_wrapper/export/system_wrapper/system_wrapper.xpfm
15:35:15 INFO  : Checking for BSP changes to sync application flags for project 'CPU1'...
15:35:44 INFO  : Checking for BSP changes to sync application flags for project 'CPU1'...
10:25:51 INFO  : Launching XSCT server: xsct.bat -n  -interactive C:\Users\saber\Desktop\share\DanDike_NewBoard\vitis1\temp_xsdb_launch_script.tcl
10:25:54 INFO  : XSCT server has started successfully.
10:25:54 INFO  : plnx-install-location is set to ''
10:25:54 INFO  : Successfully done setting XSCT server connection channel  
10:25:54 INFO  : Successfully done setting workspace for the tool. 
10:25:58 INFO  : Platform repository initialization has completed.
10:25:58 INFO  : Registering command handlers for Vitis TCF services
10:26:01 INFO  : Checking for BSP changes to sync application flags for project 'CPU1'...
10:26:07 INFO  : Successfully done query RDI_DATADIR 
10:26:18 INFO  : Checking for BSP changes to sync application flags for project 'CPU1'...
10:27:13 INFO  : Result from executing command 'getProjects': system_wrapper
10:27:13 INFO  : Result from executing command 'getPlatforms': system_wrapper|C:/Users/saber/Desktop/share/DanDike_NewBoard/vitis1/system_wrapper/export/system_wrapper/system_wrapper.xpfm
10:27:14 INFO  : Checking for BSP changes to sync application flags for project 'CPU1'...
10:44:31 INFO  : Checking for BSP changes to sync application flags for project 'CPU1'...
10:44:53 INFO  : Checking for BSP changes to sync application flags for project 'CPU1'...
11:19:42 INFO  : Checking for BSP changes to sync application flags for project 'CPU1'...
17:24:14 INFO  : Launching XSCT server: xsct.bat -n  -interactive C:\Users\saber\Desktop\share\DanDike_NewBoard\vitis1\temp_xsdb_launch_script.tcl
17:24:19 INFO  : XSCT server has started successfully.
17:24:19 INFO  : plnx-install-location is set to ''
17:24:19 INFO  : Successfully done setting XSCT server connection channel  
17:24:19 INFO  : Successfully done setting workspace for the tool. 
17:24:24 INFO  : Platform repository initialization has completed.
17:24:25 INFO  : Registering command handlers for Vitis TCF services
17:24:30 INFO  : Successfully done query RDI_DATADIR 
17:24:48 INFO  : Checking for BSP changes to sync application flags for project 'CPU1'...
17:25:34 INFO  : Connected to target on host '127.0.0.1' and port '3121'.
17:25:35 INFO  : Jtag cable 'Digilent JTAG-SMT2 210251A08870' is selected.
17:25:35 INFO  : 'jtag frequency' command is executed.
17:25:35 INFO  : Context for 'APU' is selected.
17:25:35 INFO  : System reset is completed.
17:25:38 INFO  : 'after 3000' command is executed.
17:25:38 INFO  : 'targets -set -filter {jtag_cable_name =~ "Digilent JTAG-SMT2 210251A08870" && level==0 && jtag_device_ctx=="jsn-JTAG-SMT2-210251A08870-23727093-0"}' command is executed.
17:25:40 INFO  : Device configured successfully with "C:/Users/saber/Desktop/share/DanDike_NewBoard/vitis1/CPU1/_ide/bitstream/system_wrapper.bit"
17:25:40 INFO  : Context for 'APU' is selected.
17:25:40 INFO  : Hardware design and registers information is loaded from 'C:/Users/saber/Desktop/share/DanDike_NewBoard/vitis1/system_wrapper/export/system_wrapper/hw/system_wrapper.xsa'.
17:25:40 INFO  : 'configparams force-mem-access 1' command is executed.
17:25:40 INFO  : Context for 'APU' is selected.
17:25:40 INFO  : Sourcing of 'C:/Users/saber/Desktop/share/DanDike_NewBoard/vitis1/CPU1/_ide/psinit/ps7_init.tcl' is done.
17:25:41 INFO  : 'ps7_init' command is executed.
17:25:41 INFO  : 'ps7_post_config' command is executed.
17:25:41 INFO  : Context for processor 'ps7_cortexa9_1' is selected.
17:25:42 INFO  : The application 'C:/Users/saber/Desktop/share/DanDike_NewBoard/vitis1/CPU1/Debug/CPU1.elf' is downloaded to processor 'ps7_cortexa9_1'.
17:25:42 INFO  : 'configparams force-mem-access 0' command is executed.
17:25:42 INFO  : ----------------XSDB Script----------------
connect -url tcp:127.0.0.1:3121
targets -set -nocase -filter {name =~"APU*"}
rst -system
after 3000
targets -set -filter {jtag_cable_name =~ "Digilent JTAG-SMT2 210251A08870" && level==0 && jtag_device_ctx=="jsn-JTAG-SMT2-210251A08870-23727093-0"}
fpga -file C:/Users/saber/Desktop/share/DanDike_NewBoard/vitis1/CPU1/_ide/bitstream/system_wrapper.bit
targets -set -nocase -filter {name =~"APU*"}
loadhw -hw C:/Users/saber/Desktop/share/DanDike_NewBoard/vitis1/system_wrapper/export/system_wrapper/hw/system_wrapper.xsa -mem-ranges [list {0x40000000 0xbfffffff}] -regs
configparams force-mem-access 1
targets -set -nocase -filter {name =~"APU*"}
source C:/Users/saber/Desktop/share/DanDike_NewBoard/vitis1/CPU1/_ide/psinit/ps7_init.tcl
ps7_init
ps7_post_config
targets -set -nocase -filter {name =~ "*A9*#1"}
dow C:/Users/saber/Desktop/share/DanDike_NewBoard/vitis1/CPU1/Debug/CPU1.elf
configparams force-mem-access 0
----------------End of Script----------------

17:25:42 INFO  : Context for processor 'ps7_cortexa9_1' is selected.
17:25:42 INFO  : 'con' command is executed.
17:25:42 INFO  : ----------------XSDB Script (After Launch)----------------
targets -set -nocase -filter {name =~ "*A9*#1"}
con
----------------End of Script----------------

17:25:42 INFO  : Launch script is exported to file 'C:\Users\saber\Desktop\share\DanDike_NewBoard\vitis1\DDK_system\_ide\scripts\debugger_cpu1-default.tcl'
17:26:00 INFO  : Disconnected from the channel tcfchan#1.
17:26:01 INFO  : Connected to target on host '127.0.0.1' and port '3121'.
17:26:02 INFO  : Jtag cable 'Digilent JTAG-SMT2 210251A08870' is selected.
17:26:02 INFO  : 'jtag frequency' command is executed.
17:26:02 INFO  : Context for 'APU' is selected.
17:26:02 INFO  : System reset is completed.
17:26:05 INFO  : 'after 3000' command is executed.
17:26:05 INFO  : 'targets -set -filter {jtag_cable_name =~ "Digilent JTAG-SMT2 210251A08870" && level==0 && jtag_device_ctx=="jsn-JTAG-SMT2-210251A08870-23727093-0"}' command is executed.
17:26:07 INFO  : Device configured successfully with "C:/Users/saber/Desktop/share/DanDike_NewBoard/vitis1/CPU1/_ide/bitstream/system_wrapper.bit"
17:26:07 INFO  : Context for 'APU' is selected.
17:26:10 INFO  : Hardware design and registers information is loaded from 'C:/Users/saber/Desktop/share/DanDike_NewBoard/vitis1/system_wrapper/export/system_wrapper/hw/system_wrapper.xsa'.
17:26:10 INFO  : 'configparams force-mem-access 1' command is executed.
17:26:10 INFO  : Context for 'APU' is selected.
17:26:10 INFO  : Sourcing of 'C:/Users/saber/Desktop/share/DanDike_NewBoard/vitis1/CPU1/_ide/psinit/ps7_init.tcl' is done.
17:26:10 INFO  : 'ps7_init' command is executed.
17:26:10 INFO  : 'ps7_post_config' command is executed.
17:26:10 INFO  : Context for processor 'ps7_cortexa9_1' is selected.
17:26:11 INFO  : The application 'C:/Users/saber/Desktop/share/DanDike_NewBoard/vitis1/CPU1/Debug/CPU1.elf' is downloaded to processor 'ps7_cortexa9_1'.
17:26:11 INFO  : 'configparams force-mem-access 0' command is executed.
17:26:11 INFO  : ----------------XSDB Script----------------
connect -url tcp:127.0.0.1:3121
targets -set -nocase -filter {name =~"APU*"}
rst -system
after 3000
targets -set -filter {jtag_cable_name =~ "Digilent JTAG-SMT2 210251A08870" && level==0 && jtag_device_ctx=="jsn-JTAG-SMT2-210251A08870-23727093-0"}
fpga -file C:/Users/saber/Desktop/share/DanDike_NewBoard/vitis1/CPU1/_ide/bitstream/system_wrapper.bit
targets -set -nocase -filter {name =~"APU*"}
loadhw -hw C:/Users/saber/Desktop/share/DanDike_NewBoard/vitis1/system_wrapper/export/system_wrapper/hw/system_wrapper.xsa -mem-ranges [list {0x40000000 0xbfffffff}] -regs
configparams force-mem-access 1
targets -set -nocase -filter {name =~"APU*"}
source C:/Users/saber/Desktop/share/DanDike_NewBoard/vitis1/CPU1/_ide/psinit/ps7_init.tcl
ps7_init
ps7_post_config
targets -set -nocase -filter {name =~ "*A9*#1"}
dow C:/Users/saber/Desktop/share/DanDike_NewBoard/vitis1/CPU1/Debug/CPU1.elf
configparams force-mem-access 0
----------------End of Script----------------

17:26:11 INFO  : Context for processor 'ps7_cortexa9_1' is selected.
17:26:11 INFO  : 'con' command is executed.
17:26:11 INFO  : ----------------XSDB Script (After Launch)----------------
targets -set -nocase -filter {name =~ "*A9*#1"}
con
----------------End of Script----------------

17:26:11 INFO  : Launch script is exported to file 'C:\Users\saber\Desktop\share\DanDike_NewBoard\vitis1\DDK_system\_ide\scripts\debugger_cpu1-default.tcl'
17:28:05 INFO  : Disconnected from the channel tcfchan#2.
17:28:43 INFO  : Connected to target on host '127.0.0.1' and port '3121'.
17:28:44 INFO  : Jtag cable 'Digilent JTAG-SMT2 210251A08870' is selected.
17:28:44 INFO  : 'jtag frequency' command is executed.
17:28:44 INFO  : Context for 'APU' is selected.
17:28:44 INFO  : System reset is completed.
17:28:47 INFO  : 'after 3000' command is executed.
17:28:47 INFO  : 'targets -set -filter {jtag_cable_name =~ "Digilent JTAG-SMT2 210251A08870" && level==0 && jtag_device_ctx=="jsn-JTAG-SMT2-210251A08870-23727093-0"}' command is executed.
17:28:50 ERROR : fpga configuration failed. DONE PIN is not HIGH
17:28:50 ERROR : Exception occured while running Program Device.
java.lang.RuntimeException: fpga configuration failed. DONE PIN is not HIGH
17:28:50 INFO  : ----------------XSDB Script----------------
connect -url tcp:127.0.0.1:3121
targets -set -nocase -filter {name =~"APU*"}
rst -system
after 3000
----------------End of Script----------------

17:28:50 ERROR : fpga configuration failed. DONE PIN is not HIGH
17:29:25 INFO  : Connected to target on host '127.0.0.1' and port '3121'.
17:29:26 INFO  : Jtag cable 'Digilent JTAG-SMT2 210251A08870' is selected.
17:29:26 INFO  : 'jtag frequency' command is executed.
17:29:26 INFO  : Context for 'APU' is selected.
17:29:26 INFO  : System reset is completed.
17:29:29 INFO  : 'after 3000' command is executed.
17:29:29 INFO  : 'targets -set -filter {jtag_cable_name =~ "Digilent JTAG-SMT2 210251A08870" && level==0 && jtag_device_ctx=="jsn-JTAG-SMT2-210251A08870-23727093-0"}' command is executed.
17:29:32 ERROR : fpga configuration failed. DONE PIN is not HIGH
17:29:32 ERROR : Exception occured while running Program Device.
java.lang.RuntimeException: fpga configuration failed. DONE PIN is not HIGH
17:29:32 INFO  : ----------------XSDB Script----------------
connect -url tcp:127.0.0.1:3121
targets -set -nocase -filter {name =~"APU*"}
rst -system
after 3000
----------------End of Script----------------

17:29:32 ERROR : fpga configuration failed. DONE PIN is not HIGH
17:30:01 INFO  : Connected to target on host '127.0.0.1' and port '3121'.
17:30:01 INFO  : Jtag cable 'Digilent JTAG-SMT2 210251A08870' is selected.
17:30:01 INFO  : 'jtag frequency' command is executed.
17:30:01 INFO  : Context for 'APU' is selected.
17:30:01 INFO  : System reset is completed.
17:30:04 INFO  : 'after 3000' command is executed.
17:30:04 INFO  : 'targets -set -filter {jtag_cable_name =~ "Digilent JTAG-SMT2 210251A08870" && level==0 && jtag_device_ctx=="jsn-JTAG-SMT2-210251A08870-23727093-0"}' command is executed.
17:30:07 ERROR : fpga configuration failed. DONE PIN is not HIGH
17:30:07 ERROR : Exception occured while running Program Device.
java.lang.RuntimeException: fpga configuration failed. DONE PIN is not HIGH
17:30:07 INFO  : ----------------XSDB Script----------------
connect -url tcp:127.0.0.1:3121
targets -set -nocase -filter {name =~"APU*"}
rst -system
after 3000
----------------End of Script----------------

17:30:07 ERROR : fpga configuration failed. DONE PIN is not HIGH
19:54:44 INFO  : Generated template bif file for DDK_system
20:01:11 INFO  : No changes in MSS file content so sources will not be generated.
20:05:52 INFO  : Result from executing command 'getProjects': system_wrapper
20:05:52 INFO  : Result from executing command 'getPlatforms': system_wrapper|C:/Users/saber/Desktop/share/DanDike_NewBoard/vitis1/system_wrapper/export/system_wrapper/system_wrapper.xpfm
20:12:19 INFO  : Result from executing command 'getProjects': system_wrapper
20:12:19 INFO  : Result from executing command 'getPlatforms': system_wrapper|C:/Users/saber/Desktop/share/DanDike_NewBoard/vitis1/system_wrapper/export/system_wrapper/system_wrapper.xpfm
20:12:19 INFO  : Checking for BSP changes to sync application flags for project 'CPU1'...
20:27:59 INFO  : Checking for BSP changes to sync application flags for project 'CPU1'...
20:34:48 INFO  : Checking for BSP changes to sync application flags for project 'CPU1'...
09:25:48 INFO  : Launching XSCT server: xsct.bat -n  -interactive C:\Users\saber\Desktop\share\DanDike_NewBoard\vitis1\temp_xsdb_launch_script.tcl
09:25:52 INFO  : XSCT server has started successfully.
09:25:52 INFO  : plnx-install-location is set to ''
09:25:52 INFO  : Successfully done setting XSCT server connection channel  
09:25:52 INFO  : Successfully done setting workspace for the tool. 
09:25:59 INFO  : Platform repository initialization has completed.
09:26:00 INFO  : Registering command handlers for Vitis TCF services
09:26:06 INFO  : Successfully done query RDI_DATADIR 
09:31:40 INFO  : Checking for BSP changes to sync application flags for project 'CPU1'...
09:32:03 INFO  : Checking for BSP changes to sync application flags for project 'CPU1'...
09:35:54 INFO  : Checking for BSP changes to sync application flags for project 'CPU1'...
18:55:39 INFO  : Checking for BSP changes to sync application flags for project 'CPU1'...
18:56:06 INFO  : Checking for BSP changes to sync application flags for project 'CPU1'...
19:49:36 INFO  : Result from executing command 'getProjects': system_wrapper
19:49:36 INFO  : Result from executing command 'getPlatforms': system_wrapper|C:/Users/saber/Desktop/share/DanDike_NewBoard/vitis1/system_wrapper/export/system_wrapper/system_wrapper.xpfm
11:08:05 INFO  : Launching XSCT server: xsct.bat -n  -interactive C:\Users\saber\Desktop\share\DanDike_NewBoard\vitis1\temp_xsdb_launch_script.tcl
11:08:10 INFO  : XSCT server has started successfully.
11:08:10 INFO  : plnx-install-location is set to ''
11:08:10 INFO  : Successfully done setting XSCT server connection channel  
11:08:10 INFO  : Successfully done setting workspace for the tool. 
11:08:13 INFO  : Platform repository initialization has completed.
11:08:13 INFO  : Registering command handlers for Vitis TCF services
11:08:19 INFO  : Successfully done query RDI_DATADIR 
11:08:30 INFO  : Checking for BSP changes to sync application flags for project 'CPU1'...
11:16:39 INFO  : Checking for BSP changes to sync application flags for project 'CPU1'...
11:16:59 INFO  : Checking for BSP changes to sync application flags for project 'CPU1'...
11:22:20 INFO  : Checking for BSP changes to sync application flags for project 'CPU1'...
11:26:16 INFO  : Checking for BSP changes to sync application flags for project 'CPU1'...
11:27:17 INFO  : Checking for BSP changes to sync application flags for project 'CPU1'...
11:27:21 INFO  : Checking for BSP changes to sync application flags for project 'CPU1'...
15:17:48 INFO  : Launching XSCT server: xsct.bat -n  -interactive C:\Users\saber\Desktop\share\DanDike_NewBoard\vitis1\temp_xsdb_launch_script.tcl
15:17:51 INFO  : XSCT server has started successfully.
15:17:51 INFO  : plnx-install-location is set to ''
15:17:51 INFO  : Successfully done setting XSCT server connection channel  
15:17:51 INFO  : Successfully done setting workspace for the tool. 
15:17:56 INFO  : Platform repository initialization has completed.
15:17:57 INFO  : Registering command handlers for Vitis TCF services
15:18:00 INFO  : Successfully done query RDI_DATADIR 
15:18:09 INFO  : Checking for BSP changes to sync application flags for project 'CPU1'...
15:43:22 INFO  : Checking for BSP changes to sync application flags for project 'CPU1'...
16:02:33 INFO  : Checking for BSP changes to sync application flags for project 'CPU1'...
16:02:52 INFO  : Checking for BSP changes to sync application flags for project 'CPU1'...
16:11:07 INFO  : Checking for BSP changes to sync application flags for project 'CPU1'...
09:26:52 INFO  : Launching XSCT server: xsct.bat -n  -interactive C:\Users\saber\Desktop\share\DanDike_NewBoard\vitis1\temp_xsdb_launch_script.tcl
09:26:57 INFO  : XSCT server has started successfully.
09:26:57 INFO  : plnx-install-location is set to ''
09:26:57 INFO  : Successfully done setting XSCT server connection channel  
09:26:57 INFO  : Successfully done setting workspace for the tool. 
09:27:03 INFO  : Platform repository initialization has completed.
09:27:04 INFO  : Registering command handlers for Vitis TCF services
09:27:09 INFO  : Successfully done query RDI_DATADIR 
09:28:30 INFO  : Checking for BSP changes to sync application flags for project 'CPU1'...
09:31:10 INFO  : Checking for BSP changes to sync application flags for project 'CPU1'...
09:54:34 INFO  : Checking for BSP changes to sync application flags for project 'CPU1'...
09:57:26 INFO  : Checking for BSP changes to sync application flags for project 'CPU1'...
11:32:59 INFO  : Launching XSCT server: xsct.bat -n  -interactive C:\Users\saber\Desktop\share\DanDike_NewBoard\vitis1\temp_xsdb_launch_script.tcl
11:33:01 INFO  : XSCT server has started successfully.
11:33:01 INFO  : plnx-install-location is set to ''
11:33:01 INFO  : Successfully done setting XSCT server connection channel  
11:33:01 INFO  : Successfully done setting workspace for the tool. 
11:33:07 INFO  : Platform repository initialization has completed.
11:33:08 INFO  : Registering command handlers for Vitis TCF services
11:33:11 INFO  : Checking for BSP changes to sync application flags for project 'CPU1'...
11:33:15 INFO  : Successfully done query RDI_DATADIR 
11:33:27 INFO  : Checking for BSP changes to sync application flags for project 'CPU1'...
11:38:04 INFO  : Checking for BSP changes to sync application flags for project 'CPU1'...
11:39:09 INFO  : Checking for BSP changes to sync application flags for project 'CPU1'...
15:57:06 INFO  : Launching XSCT server: xsct.bat -n  -interactive C:\Users\saber\Desktop\share\DanDike_NewBoard\vitis1\temp_xsdb_launch_script.tcl
15:57:10 INFO  : XSCT server has started successfully.
15:57:10 INFO  : plnx-install-location is set to ''
15:57:10 INFO  : Successfully done setting XSCT server connection channel  
15:57:10 INFO  : Successfully done setting workspace for the tool. 
15:57:12 INFO  : Platform repository initialization has completed.
15:57:13 INFO  : Registering command handlers for Vitis TCF services
15:57:18 INFO  : Successfully done query RDI_DATADIR 
15:57:19 INFO  : Checking for BSP changes to sync application flags for project 'CPU1'...
15:59:34 INFO  : Checking for BSP changes to sync application flags for project 'CPU1'...
16:04:52 INFO  : Checking for BSP changes to sync application flags for project 'CPU1'...
16:15:17 INFO  : Checking for BSP changes to sync application flags for project 'CPU1'...
16:23:34 INFO  : Checking for BSP changes to sync application flags for project 'CPU1'...
10:14:00 INFO  : Launching XSCT server: xsct.bat -n  -interactive C:\Users\saber\Desktop\share\DanDike_NewBoard\vitis1\temp_xsdb_launch_script.tcl
10:14:08 INFO  : XSCT server has started successfully.
10:14:08 INFO  : Successfully done setting XSCT server connection channel  
10:14:08 INFO  : plnx-install-location is set to ''
10:14:08 INFO  : Successfully done setting workspace for the tool. 
10:14:14 INFO  : Platform repository initialization has completed.
10:14:15 INFO  : Registering command handlers for Vitis TCF services
10:14:23 INFO  : Successfully done query RDI_DATADIR 
10:18:22 INFO  : Checking for BSP changes to sync application flags for project 'CPU1'...
10:18:56 INFO  : Checking for BSP changes to sync application flags for project 'CPU1'...
18:21:45 INFO  : Checking for BSP changes to sync application flags for project 'CPU1'...
18:27:30 INFO  : Checking for BSP changes to sync application flags for project 'CPU1'...
19:35:00 INFO  : Checking for BSP changes to sync application flags for project 'CPU1'...
20:19:44 INFO  : Checking for BSP changes to sync application flags for project 'CPU1'...
20:54:11 INFO  : Checking for BSP changes to sync application flags for project 'CPU1'...
20:54:39 INFO  : Checking for BSP changes to sync application flags for project 'CPU1'...
21:00:23 INFO  : Checking for BSP changes to sync application flags for project 'CPU1'...
21:00:33 INFO  : Checking for BSP changes to sync application flags for project 'CPU1'...
21:02:48 INFO  : Checking for BSP changes to sync application flags for project 'CPU1'...
09:40:40 INFO  : Launching XSCT server: xsct.bat -n  -interactive C:\Users\saber\Desktop\share\DanDike_NewBoard\vitis1\temp_xsdb_launch_script.tcl
09:40:45 INFO  : XSCT server has started successfully.
09:40:45 INFO  : plnx-install-location is set to ''
09:40:45 INFO  : Successfully done setting XSCT server connection channel  
09:40:45 INFO  : Successfully done setting workspace for the tool. 
09:40:52 INFO  : Platform repository initialization has completed.
09:40:53 INFO  : Registering command handlers for Vitis TCF services
09:40:56 INFO  : Checking for BSP changes to sync application flags for project 'CPU1'...
09:41:05 INFO  : Successfully done query RDI_DATADIR 
09:41:19 INFO  : Checking for BSP changes to sync application flags for project 'CPU1'...
09:41:52 INFO  : Checking for BSP changes to sync application flags for project 'CPU1'...
10:15:53 INFO  : Checking for BSP changes to sync application flags for project 'CPU1'...
10:18:03 INFO  : Checking for BSP changes to sync application flags for project 'CPU1'...
10:19:30 INFO  : Checking for BSP changes to sync application flags for project 'CPU1'...
11:23:19 INFO  : Checking for BSP changes to sync application flags for project 'CPU1'...
11:24:47 INFO  : Checking for BSP changes to sync application flags for project 'CPU1'...
11:25:31 INFO  : Checking for BSP changes to sync application flags for project 'CPU1'...
15:40:51 INFO  : Hardware specification for platform project 'system_wrapper' is updated.
15:43:43 INFO  : Result from executing command 'getProjects': system_wrapper
15:43:43 INFO  : Result from executing command 'getPlatforms': system_wrapper|C:/Users/saber/Desktop/share/DanDike_NewBoard/vitis1/system_wrapper/export/system_wrapper/system_wrapper.xpfm
15:43:50 INFO  : Checking for BSP changes to sync application flags for project 'CPU1'...
15:43:53 INFO  : Updating application flags with new BSP settings...
15:43:53 INFO  : Successfully updated application flags for project CPU1.
15:43:59 INFO  : The hardware specfication used by project 'CPU1' is out of sync with the platform. Resource files extracted from the hardware specfiication will be updated.
15:43:59 INFO  : The file 'C:\Users\saber\Desktop\share\DanDike_NewBoard\vitis1\CPU1\_ide\bitstream\system_wrapper.bit' stored in project is removed.
15:43:59 INFO  : The file 'C:\Users\saber\Desktop\share\DanDike_NewBoard\vitis1\CPU1\_ide\bitstream\system_wrapper.mmi' stored in project is removed.
15:43:59 INFO  : The updated bitstream files are copied from platform to folder 'C:\Users\saber\Desktop\share\DanDike_NewBoard\vitis1\CPU1\_ide\bitstream' in project 'CPU1'.
15:43:59 INFO  : The file 'C:\Users\saber\Desktop\share\DanDike_NewBoard\vitis1\CPU1\_ide\psinit\ps7_init.tcl' stored in project is removed.
15:44:03 INFO  : The updated ps init files are copied from platform to folder 'C:\Users\saber\Desktop\share\DanDike_NewBoard\vitis1\CPU1\_ide\psinit' in project 'CPU1'.
16:52:35 INFO  : Checking for BSP changes to sync application flags for project 'CPU1'...
18:46:58 INFO  : Checking for BSP changes to sync application flags for project 'CPU1'...
18:47:12 INFO  : Hardware specification for platform project 'system_wrapper' is updated.
18:48:29 INFO  : Result from executing command 'getProjects': system_wrapper
18:48:29 INFO  : Result from executing command 'getPlatforms': system_wrapper|C:/Users/saber/Desktop/share/DanDike_NewBoard/vitis1/system_wrapper/export/system_wrapper/system_wrapper.xpfm
19:08:38 INFO  : Checking for BSP changes to sync application flags for project 'CPU1'...
19:08:45 INFO  : The hardware specfication used by project 'CPU1' is out of sync with the platform. Resource files extracted from the hardware specfiication will be updated.
19:08:45 INFO  : The file 'C:\Users\saber\Desktop\share\DanDike_NewBoard\vitis1\CPU1\_ide\bitstream\system_wrapper.bit' stored in project is removed.
19:08:45 INFO  : The file 'C:\Users\saber\Desktop\share\DanDike_NewBoard\vitis1\CPU1\_ide\bitstream\system_wrapper.mmi' stored in project is removed.
19:08:45 INFO  : The updated bitstream files are copied from platform to folder 'C:\Users\saber\Desktop\share\DanDike_NewBoard\vitis1\CPU1\_ide\bitstream' in project 'CPU1'.
19:08:45 INFO  : The file 'C:\Users\saber\Desktop\share\DanDike_NewBoard\vitis1\CPU1\_ide\psinit\ps7_init.tcl' stored in project is removed.
19:08:50 INFO  : The updated ps init files are copied from platform to folder 'C:\Users\saber\Desktop\share\DanDike_NewBoard\vitis1\CPU1\_ide\psinit' in project 'CPU1'.
19:14:07 INFO  : Checking for BSP changes to sync application flags for project 'CPU1'...
16:12:11 INFO  : Launching XSCT server: xsct.bat -n  -interactive C:\Users\saber\Desktop\share\DanDike_NewBoard\vitis1\temp_xsdb_launch_script.tcl
16:12:15 INFO  : XSCT server has started successfully.
16:12:15 INFO  : plnx-install-location is set to ''
16:12:15 INFO  : Successfully done setting XSCT server connection channel  
16:12:15 INFO  : Successfully done setting workspace for the tool. 
16:12:20 INFO  : Platform repository initialization has completed.
16:12:21 INFO  : Registering command handlers for Vitis TCF services
16:12:26 INFO  : Successfully done query RDI_DATADIR 
16:15:41 INFO  : Result from executing command 'getProjects': system_wrapper
16:15:41 INFO  : Result from executing command 'getPlatforms': system_wrapper|C:/Users/saber/Desktop/share/DanDike_NewBoard/vitis1/system_wrapper/export/system_wrapper/system_wrapper.xpfm
16:15:41 INFO  : Checking for BSP changes to sync application flags for project 'CPU1'...
16:17:02 INFO  : Checking for BSP changes to sync application flags for project 'CPU1'...
17:31:30 INFO  : Checking for BSP changes to sync application flags for project 'CPU1'...
17:37:11 INFO  : Checking for BSP changes to sync application flags for project 'CPU1'...
19:28:25 INFO  : Checking for BSP changes to sync application flags for project 'CPU1'...
19:33:31 INFO  : Checking for BSP changes to sync application flags for project 'CPU1'...
19:43:30 INFO  : Checking for BSP changes to sync application flags for project 'CPU1'...
19:46:50 INFO  : Checking for BSP changes to sync application flags for project 'CPU1'...
10:22:10 INFO  : Launching XSCT server: xsct.bat -n  -interactive C:\Users\saber\Desktop\share\DanDike_NewBoard\vitis1\temp_xsdb_launch_script.tcl
10:22:14 INFO  : XSCT server has started successfully.
10:22:14 INFO  : plnx-install-location is set to ''
10:22:14 INFO  : Successfully done setting XSCT server connection channel  
10:22:14 INFO  : Successfully done setting workspace for the tool. 
10:22:20 INFO  : Platform repository initialization has completed.
10:22:21 INFO  : Registering command handlers for Vitis TCF services
10:22:27 INFO  : Successfully done query RDI_DATADIR 
11:14:01 INFO  : Checking for BSP changes to sync application flags for project 'CPU1'...
11:16:15 INFO  : Checking for BSP changes to sync application flags for project 'CPU1'...
11:20:57 INFO  : Checking for BSP changes to sync application flags for project 'CPU1'...
11:23:04 INFO  : Checking for BSP changes to sync application flags for project 'CPU1'...
11:29:41 INFO  : Checking for BSP changes to sync application flags for project 'CPU1'...
11:43:34 INFO  : Checking for BSP changes to sync application flags for project 'CPU1'...
15:17:06 INFO  : Checking for BSP changes to sync application flags for project 'CPU1'...
15:17:27 INFO  : Checking for BSP changes to sync application flags for project 'CPU1'...
15:18:11 INFO  : Checking for BSP changes to sync application flags for project 'CPU1'...
15:27:10 INFO  : Checking for BSP changes to sync application flags for project 'CPU1'...
15:43:26 INFO  : Checking for BSP changes to sync application flags for project 'CPU1'...
15:43:57 INFO  : Checking for BSP changes to sync application flags for project 'CPU1'...
08:41:19 INFO  : Checking for BSP changes to sync application flags for project 'CPU1'...
08:51:42 INFO  : Checking for BSP changes to sync application flags for project 'CPU1'...
09:02:31 INFO  : Checking for BSP changes to sync application flags for project 'CPU1'...
09:24:14 INFO  : Checking for BSP changes to sync application flags for project 'CPU1'...
09:24:26 INFO  : Checking for BSP changes to sync application flags for project 'CPU1'...
09:27:14 INFO  : Checking for BSP changes to sync application flags for project 'CPU1'...
09:35:14 INFO  : Checking for BSP changes to sync application flags for project 'CPU1'...
09:35:25 INFO  : Checking for BSP changes to sync application flags for project 'CPU1'...
09:38:36 INFO  : Checking for BSP changes to sync application flags for project 'CPU1'...
09:44:04 INFO  : Checking for BSP changes to sync application flags for project 'CPU1'...
09:53:37 INFO  : Hardware specification for platform project 'system_wrapper' is updated.
09:54:53 INFO  : Result from executing command 'getProjects': system_wrapper
09:54:53 INFO  : Result from executing command 'getPlatforms': system_wrapper|C:/Users/saber/Desktop/share/DanDike_NewBoard/vitis1/system_wrapper/export/system_wrapper/system_wrapper.xpfm
10:01:22 INFO  : Checking for BSP changes to sync application flags for project 'CPU1'...
11:25:50 INFO  : Checking for BSP changes to sync application flags for project 'CPU1'...
11:27:40 INFO  : Checking for BSP changes to sync application flags for project 'CPU1'...
11:27:54 INFO  : Checking for BSP changes to sync application flags for project 'CPU1'...
11:35:35 INFO  : Checking for BSP changes to sync application flags for project 'CPU1'...
11:35:48 INFO  : Checking for BSP changes to sync application flags for project 'CPU1'...
11:42:57 INFO  : Checking for BSP changes to sync application flags for project 'CPU1'...
11:43:01 INFO  : Checking for BSP changes to sync application flags for project 'CPU1'...
11:55:30 INFO  : Checking for BSP changes to sync application flags for project 'CPU1'...
12:00:04 INFO  : Checking for BSP changes to sync application flags for project 'CPU1'...
15:35:04 INFO  : Checking for BSP changes to sync application flags for project 'CPU1'...
15:59:47 INFO  : Checking for BSP changes to sync application flags for project 'CPU1'...
16:00:25 INFO  : Checking for BSP changes to sync application flags for project 'CPU1'...
16:39:09 INFO  : Checking for BSP changes to sync application flags for project 'CPU1'...
16:47:02 INFO  : Checking for BSP changes to sync application flags for project 'CPU1'...
17:04:50 INFO  : Checking for BSP changes to sync application flags for project 'CPU1'...
17:29:32 INFO  : Checking for BSP changes to sync application flags for project 'CPU1'...
17:45:08 INFO  : Checking for BSP changes to sync application flags for project 'CPU1'...
17:50:20 INFO  : Checking for BSP changes to sync application flags for project 'CPU1'...
19:36:42 INFO  : Checking for BSP changes to sync application flags for project 'CPU1'...
20:32:11 INFO  : Hardware specification for platform project 'system_wrapper' is updated.
20:33:22 INFO  : Result from executing command 'getProjects': system_wrapper
20:33:22 INFO  : Result from executing command 'getPlatforms': system_wrapper|C:/Users/saber/Desktop/share/DanDike_NewBoard/vitis1/system_wrapper/export/system_wrapper/system_wrapper.xpfm
20:33:28 INFO  : Checking for BSP changes to sync application flags for project 'CPU1'...
20:33:34 INFO  : The hardware specfication used by project 'CPU1' is out of sync with the platform. Resource files extracted from the hardware specfiication will be updated.
20:33:34 INFO  : The file 'C:\Users\saber\Desktop\share\DanDike_NewBoard\vitis1\CPU1\_ide\bitstream\system_wrapper.bit' stored in project is removed.
20:33:34 INFO  : The file 'C:\Users\saber\Desktop\share\DanDike_NewBoard\vitis1\CPU1\_ide\bitstream\system_wrapper.mmi' stored in project is removed.
20:33:34 INFO  : The updated bitstream files are copied from platform to folder 'C:\Users\saber\Desktop\share\DanDike_NewBoard\vitis1\CPU1\_ide\bitstream' in project 'CPU1'.
20:33:34 INFO  : The file 'C:\Users\saber\Desktop\share\DanDike_NewBoard\vitis1\CPU1\_ide\psinit\ps7_init.tcl' stored in project is removed.
20:33:39 INFO  : The updated ps init files are copied from platform to folder 'C:\Users\saber\Desktop\share\DanDike_NewBoard\vitis1\CPU1\_ide\psinit' in project 'CPU1'.
20:42:03 INFO  : Checking for BSP changes to sync application flags for project 'CPU1'...
20:42:07 INFO  : Checking for BSP changes to sync application flags for project 'CPU1'...
09:25:07 INFO  : Launching XSCT server: xsct.bat -n  -interactive C:\Users\saber\Desktop\share\DanDike_NewBoard\vitis1\temp_xsdb_launch_script.tcl
09:25:10 INFO  : XSCT server has started successfully.
09:25:10 INFO  : plnx-install-location is set to ''
09:25:10 INFO  : Successfully done setting XSCT server connection channel  
09:25:10 INFO  : Successfully done setting workspace for the tool. 
09:25:13 INFO  : Platform repository initialization has completed.
09:25:14 INFO  : Registering command handlers for Vitis TCF services
09:25:18 INFO  : Successfully done query RDI_DATADIR 
09:25:35 INFO  : Hardware specification for platform project 'system_wrapper' is updated.
09:26:39 INFO  : Result from executing command 'getProjects': system_wrapper
09:26:39 INFO  : Result from executing command 'getPlatforms': system_wrapper|C:/Users/saber/Desktop/share/DanDike_NewBoard/vitis1/system_wrapper/export/system_wrapper/system_wrapper.xpfm
09:26:48 INFO  : Checking for BSP changes to sync application flags for project 'CPU1'...
09:26:54 INFO  : The hardware specfication used by project 'CPU1' is out of sync with the platform. Resource files extracted from the hardware specfiication will be updated.
09:26:54 INFO  : The file 'C:\Users\saber\Desktop\share\DanDike_NewBoard\vitis1\CPU1\_ide\bitstream\system_wrapper.bit' stored in project is removed.
09:26:54 INFO  : The file 'C:\Users\saber\Desktop\share\DanDike_NewBoard\vitis1\CPU1\_ide\bitstream\system_wrapper.mmi' stored in project is removed.
09:26:54 INFO  : The updated bitstream files are copied from platform to folder 'C:\Users\saber\Desktop\share\DanDike_NewBoard\vitis1\CPU1\_ide\bitstream' in project 'CPU1'.
09:26:54 INFO  : The file 'C:\Users\saber\Desktop\share\DanDike_NewBoard\vitis1\CPU1\_ide\psinit\ps7_init.tcl' stored in project is removed.
09:27:00 INFO  : The updated ps init files are copied from platform to folder 'C:\Users\saber\Desktop\share\DanDike_NewBoard\vitis1\CPU1\_ide\psinit' in project 'CPU1'.
09:30:13 INFO  : Checking for BSP changes to sync application flags for project 'CPU1'...
09:30:24 INFO  : Checking for BSP changes to sync application flags for project 'CPU1'...
18:38:01 INFO  : Launching XSCT server: xsct.bat -n  -interactive C:\Users\saber\Desktop\share\DanDike_NewBoard\vitis1\temp_xsdb_launch_script.tcl
18:38:05 INFO  : XSCT server has started successfully.
18:38:05 INFO  : plnx-install-location is set to ''
18:38:05 INFO  : Successfully done setting XSCT server connection channel  
18:38:05 INFO  : Successfully done setting workspace for the tool. 
18:38:07 INFO  : Platform repository initialization has completed.
18:38:08 INFO  : Registering command handlers for Vitis TCF services
18:38:12 INFO  : Successfully done query RDI_DATADIR 
18:39:05 INFO  : Hardware specification for platform project 'system_wrapper' is updated.
18:40:20 INFO  : Result from executing command 'getProjects': system_wrapper
18:40:20 INFO  : Result from executing command 'getPlatforms': system_wrapper|C:/Users/saber/Desktop/share/DanDike_NewBoard/vitis1/system_wrapper/export/system_wrapper/system_wrapper.xpfm
18:40:30 INFO  : Checking for BSP changes to sync application flags for project 'CPU1'...
18:40:36 INFO  : The hardware specfication used by project 'CPU1' is out of sync with the platform. Resource files extracted from the hardware specfiication will be updated.
18:40:36 INFO  : The file 'C:\Users\saber\Desktop\share\DanDike_NewBoard\vitis1\CPU1\_ide\bitstream\system_wrapper.bit' stored in project is removed.
18:40:36 INFO  : The file 'C:\Users\saber\Desktop\share\DanDike_NewBoard\vitis1\CPU1\_ide\bitstream\system_wrapper.mmi' stored in project is removed.
18:40:36 INFO  : The updated bitstream files are copied from platform to folder 'C:\Users\saber\Desktop\share\DanDike_NewBoard\vitis1\CPU1\_ide\bitstream' in project 'CPU1'.
18:40:36 INFO  : The file 'C:\Users\saber\Desktop\share\DanDike_NewBoard\vitis1\CPU1\_ide\psinit\ps7_init.tcl' stored in project is removed.
18:40:42 INFO  : The updated ps init files are copied from platform to folder 'C:\Users\saber\Desktop\share\DanDike_NewBoard\vitis1\CPU1\_ide\psinit' in project 'CPU1'.
18:42:32 INFO  : Checking for BSP changes to sync application flags for project 'CPU1'...
18:45:06 INFO  : Checking for BSP changes to sync application flags for project 'CPU1'...
18:45:46 INFO  : Checking for BSP changes to sync application flags for project 'CPU1'...
18:46:00 INFO  : Checking for BSP changes to sync application flags for project 'CPU1'...
19:15:26 INFO  : Hardware specification for platform project 'system_wrapper' is updated.
19:17:24 INFO  : Result from executing command 'getProjects': system_wrapper
19:17:24 INFO  : Result from executing command 'getPlatforms': system_wrapper|C:/Users/saber/Desktop/share/DanDike_NewBoard/vitis1/system_wrapper/export/system_wrapper/system_wrapper.xpfm
19:17:35 INFO  : Checking for BSP changes to sync application flags for project 'CPU1'...
19:17:41 INFO  : The hardware specfication used by project 'CPU1' is out of sync with the platform. Resource files extracted from the hardware specfiication will be updated.
19:17:41 INFO  : The file 'C:\Users\saber\Desktop\share\DanDike_NewBoard\vitis1\CPU1\_ide\bitstream\system_wrapper.bit' stored in project is removed.
19:17:41 INFO  : The file 'C:\Users\saber\Desktop\share\DanDike_NewBoard\vitis1\CPU1\_ide\bitstream\system_wrapper.mmi' stored in project is removed.
19:17:41 INFO  : The updated bitstream files are copied from platform to folder 'C:\Users\saber\Desktop\share\DanDike_NewBoard\vitis1\CPU1\_ide\bitstream' in project 'CPU1'.
19:17:41 INFO  : The file 'C:\Users\saber\Desktop\share\DanDike_NewBoard\vitis1\CPU1\_ide\psinit\ps7_init.tcl' stored in project is removed.
19:17:47 INFO  : The updated ps init files are copied from platform to folder 'C:\Users\saber\Desktop\share\DanDike_NewBoard\vitis1\CPU1\_ide\psinit' in project 'CPU1'.
19:58:37 INFO  : Hardware specification for platform project 'system_wrapper' is updated.
20:00:06 INFO  : Result from executing command 'getProjects': system_wrapper
20:00:06 INFO  : Result from executing command 'getPlatforms': system_wrapper|C:/Users/saber/Desktop/share/DanDike_NewBoard/vitis1/system_wrapper/export/system_wrapper/system_wrapper.xpfm
20:00:20 INFO  : Checking for BSP changes to sync application flags for project 'CPU1'...
20:00:26 INFO  : The hardware specfication used by project 'CPU1' is out of sync with the platform. Resource files extracted from the hardware specfiication will be updated.
20:00:26 INFO  : The file 'C:\Users\saber\Desktop\share\DanDike_NewBoard\vitis1\CPU1\_ide\bitstream\system_wrapper.bit' stored in project is removed.
20:00:26 INFO  : The file 'C:\Users\saber\Desktop\share\DanDike_NewBoard\vitis1\CPU1\_ide\bitstream\system_wrapper.mmi' stored in project is removed.
20:00:26 INFO  : The updated bitstream files are copied from platform to folder 'C:\Users\saber\Desktop\share\DanDike_NewBoard\vitis1\CPU1\_ide\bitstream' in project 'CPU1'.
20:00:26 INFO  : The file 'C:\Users\saber\Desktop\share\DanDike_NewBoard\vitis1\CPU1\_ide\psinit\ps7_init.tcl' stored in project is removed.
20:00:33 INFO  : The updated ps init files are copied from platform to folder 'C:\Users\saber\Desktop\share\DanDike_NewBoard\vitis1\CPU1\_ide\psinit' in project 'CPU1'.
20:19:35 INFO  : Checking for BSP changes to sync application flags for project 'CPU1'...
20:19:44 INFO  : Connected to target on host '127.0.0.1' and port '3121'.
20:19:53 INFO  : ----------------XSDB Script----------------
connect -url tcp:127.0.0.1:3121
----------------End of Script----------------

20:19:53 ERROR : Could not find ARM device on the board for connection 'Local'.
Check if the target is in:
1. Split JTAG - No operations are possible with ARM DAP.
2. Non JTAG bootmode - Bootrom may need time to enable DAP.
Please try again.


Troubleshooting hints:
1. Check whether board is connected to system properly.
2. In case of zynq board, check whether Digilent/Xilinx cable switch settings are correct.
3. If you are using Xilinx Platform Cable USB, ensure that status LED is green.
20:20:03 INFO  : Connected to target on host '127.0.0.1' and port '3121'.
20:20:09 INFO  : Jtag cable 'Digilent JTAG-SMT2 210251A08870' is selected.
20:20:09 INFO  : 'jtag frequency' command is executed.
20:20:12 ERROR : no targets found with "name =~"APU*"". available targets: none
20:20:12 INFO  : ----------------XSDB Script----------------
connect -url tcp:127.0.0.1:3121
targets -set -nocase -filter {name =~"APU*"}
----------------End of Script----------------

20:20:12 ERROR : no targets found with "name =~"APU*"". available targets: none
20:20:41 INFO  : Connected to target on host '127.0.0.1' and port '3121'.
20:20:42 INFO  : Jtag cable 'Digilent JTAG-SMT2 210251A08870' is selected.
20:20:42 INFO  : 'jtag frequency' command is executed.
20:20:42 INFO  : Context for 'APU' is selected.
20:20:42 INFO  : System reset is completed.
20:20:45 INFO  : 'after 3000' command is executed.
20:20:45 INFO  : 'targets -set -filter {jtag_cable_name =~ "Digilent JTAG-SMT2 210251A08870" && level==0 && jtag_device_ctx=="jsn-JTAG-SMT2-210251A08870-23727093-0"}' command is executed.
20:20:47 INFO  : Device configured successfully with "C:/Users/saber/Desktop/share/DanDike_NewBoard/vitis1/CPU1/_ide/bitstream/system_wrapper.bit"
20:20:47 INFO  : Context for 'APU' is selected.
20:20:47 INFO  : Hardware design and registers information is loaded from 'C:/Users/saber/Desktop/share/DanDike_NewBoard/vitis1/system_wrapper/export/system_wrapper/hw/system_wrapper.xsa'.
20:20:47 INFO  : 'configparams force-mem-access 1' command is executed.
20:20:47 INFO  : Context for 'APU' is selected.
20:20:47 INFO  : Sourcing of 'C:/Users/saber/Desktop/share/DanDike_NewBoard/vitis1/CPU1/_ide/psinit/ps7_init.tcl' is done.
20:20:48 INFO  : 'ps7_init' command is executed.
20:20:48 INFO  : 'ps7_post_config' command is executed.
20:20:48 INFO  : Context for processor 'ps7_cortexa9_1' is selected.
20:20:49 INFO  : The application 'C:/Users/saber/Desktop/share/DanDike_NewBoard/vitis1/CPU1/Debug/CPU1.elf' is downloaded to processor 'ps7_cortexa9_1'.
20:20:49 INFO  : 'configparams force-mem-access 0' command is executed.
20:20:49 INFO  : ----------------XSDB Script----------------
connect -url tcp:127.0.0.1:3121
targets -set -nocase -filter {name =~"APU*"}
rst -system
after 3000
targets -set -filter {jtag_cable_name =~ "Digilent JTAG-SMT2 210251A08870" && level==0 && jtag_device_ctx=="jsn-JTAG-SMT2-210251A08870-23727093-0"}
fpga -file C:/Users/saber/Desktop/share/DanDike_NewBoard/vitis1/CPU1/_ide/bitstream/system_wrapper.bit
targets -set -nocase -filter {name =~"APU*"}
loadhw -hw C:/Users/saber/Desktop/share/DanDike_NewBoard/vitis1/system_wrapper/export/system_wrapper/hw/system_wrapper.xsa -mem-ranges [list {0x40000000 0xbfffffff}] -regs
configparams force-mem-access 1
targets -set -nocase -filter {name =~"APU*"}
source C:/Users/saber/Desktop/share/DanDike_NewBoard/vitis1/CPU1/_ide/psinit/ps7_init.tcl
ps7_init
ps7_post_config
targets -set -nocase -filter {name =~ "*A9*#1"}
dow C:/Users/saber/Desktop/share/DanDike_NewBoard/vitis1/CPU1/Debug/CPU1.elf
configparams force-mem-access 0
----------------End of Script----------------

20:20:49 INFO  : Context for processor 'ps7_cortexa9_1' is selected.
20:20:49 INFO  : 'con' command is executed.
20:20:49 INFO  : ----------------XSDB Script (After Launch)----------------
targets -set -nocase -filter {name =~ "*A9*#1"}
con
----------------End of Script----------------

20:20:49 INFO  : Launch script is exported to file 'C:\Users\saber\Desktop\share\DanDike_NewBoard\vitis1\DDK_system\_ide\scripts\debugger_cpu1-default.tcl'
20:21:10 INFO  : Checking for BSP changes to sync application flags for project 'CPU1'...
20:21:17 INFO  : Disconnected from the channel tcfchan#10.
20:21:18 INFO  : Connected to target on host '127.0.0.1' and port '3121'.
20:21:18 INFO  : Jtag cable 'Digilent JTAG-SMT2 210251A08870' is selected.
20:21:18 INFO  : 'jtag frequency' command is executed.
20:21:18 INFO  : Context for 'APU' is selected.
20:21:18 INFO  : System reset is completed.
20:21:21 INFO  : 'after 3000' command is executed.
20:21:21 INFO  : 'targets -set -filter {jtag_cable_name =~ "Digilent JTAG-SMT2 210251A08870" && level==0 && jtag_device_ctx=="jsn-JTAG-SMT2-210251A08870-23727093-0"}' command is executed.
20:21:23 INFO  : Device configured successfully with "C:/Users/saber/Desktop/share/DanDike_NewBoard/vitis1/CPU1/_ide/bitstream/system_wrapper.bit"
20:21:23 INFO  : Context for 'APU' is selected.
20:21:23 INFO  : Hardware design and registers information is loaded from 'C:/Users/saber/Desktop/share/DanDike_NewBoard/vitis1/system_wrapper/export/system_wrapper/hw/system_wrapper.xsa'.
20:21:23 INFO  : 'configparams force-mem-access 1' command is executed.
20:21:23 INFO  : Context for 'APU' is selected.
20:21:23 INFO  : Sourcing of 'C:/Users/saber/Desktop/share/DanDike_NewBoard/vitis1/CPU1/_ide/psinit/ps7_init.tcl' is done.
20:21:24 INFO  : 'ps7_init' command is executed.
20:21:24 INFO  : 'ps7_post_config' command is executed.
20:21:24 INFO  : Context for processor 'ps7_cortexa9_1' is selected.
20:21:25 INFO  : The application 'C:/Users/saber/Desktop/share/DanDike_NewBoard/vitis1/CPU1/Debug/CPU1.elf' is downloaded to processor 'ps7_cortexa9_1'.
20:21:25 INFO  : 'configparams force-mem-access 0' command is executed.
20:21:25 INFO  : ----------------XSDB Script----------------
connect -url tcp:127.0.0.1:3121
targets -set -nocase -filter {name =~"APU*"}
rst -system
after 3000
targets -set -filter {jtag_cable_name =~ "Digilent JTAG-SMT2 210251A08870" && level==0 && jtag_device_ctx=="jsn-JTAG-SMT2-210251A08870-23727093-0"}
fpga -file C:/Users/saber/Desktop/share/DanDike_NewBoard/vitis1/CPU1/_ide/bitstream/system_wrapper.bit
targets -set -nocase -filter {name =~"APU*"}
loadhw -hw C:/Users/saber/Desktop/share/DanDike_NewBoard/vitis1/system_wrapper/export/system_wrapper/hw/system_wrapper.xsa -mem-ranges [list {0x40000000 0xbfffffff}] -regs
configparams force-mem-access 1
targets -set -nocase -filter {name =~"APU*"}
source C:/Users/saber/Desktop/share/DanDike_NewBoard/vitis1/CPU1/_ide/psinit/ps7_init.tcl
ps7_init
ps7_post_config
targets -set -nocase -filter {name =~ "*A9*#1"}
dow C:/Users/saber/Desktop/share/DanDike_NewBoard/vitis1/CPU1/Debug/CPU1.elf
configparams force-mem-access 0
----------------End of Script----------------

20:21:25 INFO  : Context for processor 'ps7_cortexa9_1' is selected.
20:21:25 INFO  : 'con' command is executed.
20:21:25 INFO  : ----------------XSDB Script (After Launch)----------------
targets -set -nocase -filter {name =~ "*A9*#1"}
con
----------------End of Script----------------

20:21:25 INFO  : Launch script is exported to file 'C:\Users\saber\Desktop\share\DanDike_NewBoard\vitis1\DDK_system\_ide\scripts\debugger_cpu1-default.tcl'
20:22:44 INFO  : Checking for BSP changes to sync application flags for project 'CPU1'...
20:22:50 INFO  : Disconnected from the channel tcfchan#11.
20:22:51 INFO  : Connected to target on host '127.0.0.1' and port '3121'.
20:22:51 INFO  : Jtag cable 'Digilent JTAG-SMT2 210251A08870' is selected.
20:22:51 INFO  : 'jtag frequency' command is executed.
20:22:51 INFO  : Context for 'APU' is selected.
20:22:51 INFO  : System reset is completed.
20:22:54 INFO  : 'after 3000' command is executed.
20:22:54 INFO  : 'targets -set -filter {jtag_cable_name =~ "Digilent JTAG-SMT2 210251A08870" && level==0 && jtag_device_ctx=="jsn-JTAG-SMT2-210251A08870-23727093-0"}' command is executed.
20:22:56 INFO  : Device configured successfully with "C:/Users/saber/Desktop/share/DanDike_NewBoard/vitis1/CPU1/_ide/bitstream/system_wrapper.bit"
20:22:56 INFO  : Context for 'APU' is selected.
20:22:56 INFO  : Hardware design and registers information is loaded from 'C:/Users/saber/Desktop/share/DanDike_NewBoard/vitis1/system_wrapper/export/system_wrapper/hw/system_wrapper.xsa'.
20:22:56 INFO  : 'configparams force-mem-access 1' command is executed.
20:22:56 INFO  : Context for 'APU' is selected.
20:22:56 INFO  : Sourcing of 'C:/Users/saber/Desktop/share/DanDike_NewBoard/vitis1/CPU1/_ide/psinit/ps7_init.tcl' is done.
20:22:57 INFO  : 'ps7_init' command is executed.
20:22:57 INFO  : 'ps7_post_config' command is executed.
20:22:57 INFO  : Context for processor 'ps7_cortexa9_1' is selected.
20:22:58 INFO  : The application 'C:/Users/saber/Desktop/share/DanDike_NewBoard/vitis1/CPU1/Debug/CPU1.elf' is downloaded to processor 'ps7_cortexa9_1'.
20:22:58 INFO  : 'configparams force-mem-access 0' command is executed.
20:22:58 INFO  : ----------------XSDB Script----------------
connect -url tcp:127.0.0.1:3121
targets -set -nocase -filter {name =~"APU*"}
rst -system
after 3000
targets -set -filter {jtag_cable_name =~ "Digilent JTAG-SMT2 210251A08870" && level==0 && jtag_device_ctx=="jsn-JTAG-SMT2-210251A08870-23727093-0"}
fpga -file C:/Users/saber/Desktop/share/DanDike_NewBoard/vitis1/CPU1/_ide/bitstream/system_wrapper.bit
targets -set -nocase -filter {name =~"APU*"}
loadhw -hw C:/Users/saber/Desktop/share/DanDike_NewBoard/vitis1/system_wrapper/export/system_wrapper/hw/system_wrapper.xsa -mem-ranges [list {0x40000000 0xbfffffff}] -regs
configparams force-mem-access 1
targets -set -nocase -filter {name =~"APU*"}
source C:/Users/saber/Desktop/share/DanDike_NewBoard/vitis1/CPU1/_ide/psinit/ps7_init.tcl
ps7_init
ps7_post_config
targets -set -nocase -filter {name =~ "*A9*#1"}
dow C:/Users/saber/Desktop/share/DanDike_NewBoard/vitis1/CPU1/Debug/CPU1.elf
configparams force-mem-access 0
----------------End of Script----------------

20:22:58 INFO  : Context for processor 'ps7_cortexa9_1' is selected.
20:22:58 INFO  : 'con' command is executed.
20:22:58 INFO  : ----------------XSDB Script (After Launch)----------------
targets -set -nocase -filter {name =~ "*A9*#1"}
con
----------------End of Script----------------

20:22:58 INFO  : Launch script is exported to file 'C:\Users\saber\Desktop\share\DanDike_NewBoard\vitis1\DDK_system\_ide\scripts\debugger_cpu1-default.tcl'
20:24:11 INFO  : Checking for BSP changes to sync application flags for project 'CPU1'...
20:24:16 INFO  : Disconnected from the channel tcfchan#12.
20:24:17 INFO  : Connected to target on host '127.0.0.1' and port '3121'.
20:24:17 INFO  : Jtag cable 'Digilent JTAG-SMT2 210251A08870' is selected.
20:24:17 INFO  : 'jtag frequency' command is executed.
20:24:17 INFO  : Context for 'APU' is selected.
20:24:17 INFO  : System reset is completed.
20:24:20 INFO  : 'after 3000' command is executed.
20:24:20 INFO  : 'targets -set -filter {jtag_cable_name =~ "Digilent JTAG-SMT2 210251A08870" && level==0 && jtag_device_ctx=="jsn-JTAG-SMT2-210251A08870-23727093-0"}' command is executed.
20:24:22 INFO  : Device configured successfully with "C:/Users/saber/Desktop/share/DanDike_NewBoard/vitis1/CPU1/_ide/bitstream/system_wrapper.bit"
20:24:22 INFO  : Context for 'APU' is selected.
20:24:23 INFO  : Hardware design and registers information is loaded from 'C:/Users/saber/Desktop/share/DanDike_NewBoard/vitis1/system_wrapper/export/system_wrapper/hw/system_wrapper.xsa'.
20:24:23 INFO  : 'configparams force-mem-access 1' command is executed.
20:24:23 INFO  : Context for 'APU' is selected.
20:24:23 INFO  : Sourcing of 'C:/Users/saber/Desktop/share/DanDike_NewBoard/vitis1/CPU1/_ide/psinit/ps7_init.tcl' is done.
20:24:23 INFO  : 'ps7_init' command is executed.
20:24:23 INFO  : 'ps7_post_config' command is executed.
20:24:23 INFO  : Context for processor 'ps7_cortexa9_1' is selected.
20:24:24 INFO  : The application 'C:/Users/saber/Desktop/share/DanDike_NewBoard/vitis1/CPU1/Debug/CPU1.elf' is downloaded to processor 'ps7_cortexa9_1'.
20:24:24 INFO  : 'configparams force-mem-access 0' command is executed.
20:24:24 INFO  : ----------------XSDB Script----------------
connect -url tcp:127.0.0.1:3121
targets -set -nocase -filter {name =~"APU*"}
rst -system
after 3000
targets -set -filter {jtag_cable_name =~ "Digilent JTAG-SMT2 210251A08870" && level==0 && jtag_device_ctx=="jsn-JTAG-SMT2-210251A08870-23727093-0"}
fpga -file C:/Users/saber/Desktop/share/DanDike_NewBoard/vitis1/CPU1/_ide/bitstream/system_wrapper.bit
targets -set -nocase -filter {name =~"APU*"}
loadhw -hw C:/Users/saber/Desktop/share/DanDike_NewBoard/vitis1/system_wrapper/export/system_wrapper/hw/system_wrapper.xsa -mem-ranges [list {0x40000000 0xbfffffff}] -regs
configparams force-mem-access 1
targets -set -nocase -filter {name =~"APU*"}
source C:/Users/saber/Desktop/share/DanDike_NewBoard/vitis1/CPU1/_ide/psinit/ps7_init.tcl
ps7_init
ps7_post_config
targets -set -nocase -filter {name =~ "*A9*#1"}
dow C:/Users/saber/Desktop/share/DanDike_NewBoard/vitis1/CPU1/Debug/CPU1.elf
configparams force-mem-access 0
----------------End of Script----------------

20:24:24 INFO  : Context for processor 'ps7_cortexa9_1' is selected.
20:24:24 INFO  : 'con' command is executed.
20:24:24 INFO  : ----------------XSDB Script (After Launch)----------------
targets -set -nocase -filter {name =~ "*A9*#1"}
con
----------------End of Script----------------

20:24:24 INFO  : Launch script is exported to file 'C:\Users\saber\Desktop\share\DanDike_NewBoard\vitis1\DDK_system\_ide\scripts\debugger_cpu1-default.tcl'
20:26:05 INFO  : Checking for BSP changes to sync application flags for project 'CPU1'...
20:26:11 INFO  : Disconnected from the channel tcfchan#13.
20:26:12 INFO  : Connected to target on host '127.0.0.1' and port '3121'.
20:26:12 INFO  : Jtag cable 'Digilent JTAG-SMT2 210251A08870' is selected.
20:26:12 INFO  : 'jtag frequency' command is executed.
20:26:12 INFO  : Context for 'APU' is selected.
20:26:12 INFO  : System reset is completed.
20:26:15 INFO  : 'after 3000' command is executed.
20:26:16 INFO  : 'targets -set -filter {jtag_cable_name =~ "Digilent JTAG-SMT2 210251A08870" && level==0 && jtag_device_ctx=="jsn-JTAG-SMT2-210251A08870-23727093-0"}' command is executed.
20:26:18 INFO  : Device configured successfully with "C:/Users/saber/Desktop/share/DanDike_NewBoard/vitis1/CPU1/_ide/bitstream/system_wrapper.bit"
20:26:18 INFO  : Context for 'APU' is selected.
20:26:18 INFO  : Hardware design and registers information is loaded from 'C:/Users/saber/Desktop/share/DanDike_NewBoard/vitis1/system_wrapper/export/system_wrapper/hw/system_wrapper.xsa'.
20:26:18 INFO  : 'configparams force-mem-access 1' command is executed.
20:26:18 INFO  : Context for 'APU' is selected.
20:26:18 INFO  : Sourcing of 'C:/Users/saber/Desktop/share/DanDike_NewBoard/vitis1/CPU1/_ide/psinit/ps7_init.tcl' is done.
20:26:18 INFO  : 'ps7_init' command is executed.
20:26:18 INFO  : 'ps7_post_config' command is executed.
20:26:18 INFO  : Context for processor 'ps7_cortexa9_1' is selected.
20:26:19 INFO  : The application 'C:/Users/saber/Desktop/share/DanDike_NewBoard/vitis1/CPU1/Debug/CPU1.elf' is downloaded to processor 'ps7_cortexa9_1'.
20:26:19 INFO  : 'configparams force-mem-access 0' command is executed.
20:26:19 INFO  : ----------------XSDB Script----------------
connect -url tcp:127.0.0.1:3121
targets -set -nocase -filter {name =~"APU*"}
rst -system
after 3000
targets -set -filter {jtag_cable_name =~ "Digilent JTAG-SMT2 210251A08870" && level==0 && jtag_device_ctx=="jsn-JTAG-SMT2-210251A08870-23727093-0"}
fpga -file C:/Users/saber/Desktop/share/DanDike_NewBoard/vitis1/CPU1/_ide/bitstream/system_wrapper.bit
targets -set -nocase -filter {name =~"APU*"}
loadhw -hw C:/Users/saber/Desktop/share/DanDike_NewBoard/vitis1/system_wrapper/export/system_wrapper/hw/system_wrapper.xsa -mem-ranges [list {0x40000000 0xbfffffff}] -regs
configparams force-mem-access 1
targets -set -nocase -filter {name =~"APU*"}
source C:/Users/saber/Desktop/share/DanDike_NewBoard/vitis1/CPU1/_ide/psinit/ps7_init.tcl
ps7_init
ps7_post_config
targets -set -nocase -filter {name =~ "*A9*#1"}
dow C:/Users/saber/Desktop/share/DanDike_NewBoard/vitis1/CPU1/Debug/CPU1.elf
configparams force-mem-access 0
----------------End of Script----------------

20:26:19 INFO  : Context for processor 'ps7_cortexa9_1' is selected.
20:26:19 INFO  : 'con' command is executed.
20:26:19 INFO  : ----------------XSDB Script (After Launch)----------------
targets -set -nocase -filter {name =~ "*A9*#1"}
con
----------------End of Script----------------

20:26:19 INFO  : Launch script is exported to file 'C:\Users\saber\Desktop\share\DanDike_NewBoard\vitis1\DDK_system\_ide\scripts\debugger_cpu1-default.tcl'
20:27:17 INFO  : Checking for BSP changes to sync application flags for project 'CPU1'...
20:27:20 INFO  : Disconnected from the channel tcfchan#14.
20:27:21 INFO  : Connected to target on host '127.0.0.1' and port '3121'.
20:27:21 INFO  : Jtag cable 'Digilent JTAG-SMT2 210251A08870' is selected.
20:27:21 INFO  : 'jtag frequency' command is executed.
20:27:21 INFO  : Context for 'APU' is selected.
20:27:21 INFO  : System reset is completed.
20:27:24 INFO  : 'after 3000' command is executed.
20:27:25 INFO  : 'targets -set -filter {jtag_cable_name =~ "Digilent JTAG-SMT2 210251A08870" && level==0 && jtag_device_ctx=="jsn-JTAG-SMT2-210251A08870-23727093-0"}' command is executed.
20:27:27 INFO  : Device configured successfully with "C:/Users/saber/Desktop/share/DanDike_NewBoard/vitis1/CPU1/_ide/bitstream/system_wrapper.bit"
20:27:27 INFO  : Context for 'APU' is selected.
20:27:27 INFO  : Hardware design and registers information is loaded from 'C:/Users/saber/Desktop/share/DanDike_NewBoard/vitis1/system_wrapper/export/system_wrapper/hw/system_wrapper.xsa'.
20:27:27 INFO  : 'configparams force-mem-access 1' command is executed.
20:27:27 INFO  : Context for 'APU' is selected.
20:27:27 INFO  : Sourcing of 'C:/Users/saber/Desktop/share/DanDike_NewBoard/vitis1/CPU1/_ide/psinit/ps7_init.tcl' is done.
20:27:27 INFO  : 'ps7_init' command is executed.
20:27:27 INFO  : 'ps7_post_config' command is executed.
20:27:27 INFO  : Context for processor 'ps7_cortexa9_1' is selected.
20:27:28 INFO  : The application 'C:/Users/saber/Desktop/share/DanDike_NewBoard/vitis1/CPU1/Debug/CPU1.elf' is downloaded to processor 'ps7_cortexa9_1'.
20:27:28 INFO  : 'configparams force-mem-access 0' command is executed.
20:27:28 INFO  : ----------------XSDB Script----------------
connect -url tcp:127.0.0.1:3121
targets -set -nocase -filter {name =~"APU*"}
rst -system
after 3000
targets -set -filter {jtag_cable_name =~ "Digilent JTAG-SMT2 210251A08870" && level==0 && jtag_device_ctx=="jsn-JTAG-SMT2-210251A08870-23727093-0"}
fpga -file C:/Users/saber/Desktop/share/DanDike_NewBoard/vitis1/CPU1/_ide/bitstream/system_wrapper.bit
targets -set -nocase -filter {name =~"APU*"}
loadhw -hw C:/Users/saber/Desktop/share/DanDike_NewBoard/vitis1/system_wrapper/export/system_wrapper/hw/system_wrapper.xsa -mem-ranges [list {0x40000000 0xbfffffff}] -regs
configparams force-mem-access 1
targets -set -nocase -filter {name =~"APU*"}
source C:/Users/saber/Desktop/share/DanDike_NewBoard/vitis1/CPU1/_ide/psinit/ps7_init.tcl
ps7_init
ps7_post_config
targets -set -nocase -filter {name =~ "*A9*#1"}
dow C:/Users/saber/Desktop/share/DanDike_NewBoard/vitis1/CPU1/Debug/CPU1.elf
configparams force-mem-access 0
----------------End of Script----------------

20:27:28 INFO  : Context for processor 'ps7_cortexa9_1' is selected.
20:27:28 INFO  : 'con' command is executed.
20:27:28 INFO  : ----------------XSDB Script (After Launch)----------------
targets -set -nocase -filter {name =~ "*A9*#1"}
con
----------------End of Script----------------

20:27:28 INFO  : Launch script is exported to file 'C:\Users\saber\Desktop\share\DanDike_NewBoard\vitis1\DDK_system\_ide\scripts\debugger_cpu1-default.tcl'
20:55:06 INFO  : Hardware specification for platform project 'system_wrapper' is updated.
20:56:00 INFO  : Hardware specification for platform project 'system_wrapper' is updated.
20:57:18 ERROR : (XSDB Server)rm: lstat*.o: Invalid argument

20:57:18 ERROR : (XSDB Server)make: *** [Makefile:42: clean] Error 1

20:58:13 INFO  : Result from executing command 'getProjects': system_wrapper
20:58:13 INFO  : Result from executing command 'getPlatforms': system_wrapper|C:/Users/saber/Desktop/share/DanDike_NewBoard/vitis1/system_wrapper/export/system_wrapper/system_wrapper.xpfm
20:58:24 INFO  : Checking for BSP changes to sync application flags for project 'CPU1'...
20:58:30 INFO  : The hardware specfication used by project 'CPU1' is out of sync with the platform. Resource files extracted from the hardware specfiication will be updated.
20:58:30 INFO  : The file 'C:\Users\saber\Desktop\share\DanDike_NewBoard\vitis1\CPU1\_ide\bitstream\system_wrapper.bit' stored in project is removed.
20:58:30 INFO  : The file 'C:\Users\saber\Desktop\share\DanDike_NewBoard\vitis1\CPU1\_ide\bitstream\system_wrapper.mmi' stored in project is removed.
20:58:30 INFO  : The updated bitstream files are copied from platform to folder 'C:\Users\saber\Desktop\share\DanDike_NewBoard\vitis1\CPU1\_ide\bitstream' in project 'CPU1'.
20:58:30 INFO  : The file 'C:\Users\saber\Desktop\share\DanDike_NewBoard\vitis1\CPU1\_ide\psinit\ps7_init.tcl' stored in project is removed.
20:58:37 INFO  : The updated ps init files are copied from platform to folder 'C:\Users\saber\Desktop\share\DanDike_NewBoard\vitis1\CPU1\_ide\psinit' in project 'CPU1'.
21:08:46 INFO  : Checking for BSP changes to sync application flags for project 'CPU1'...
21:08:50 INFO  : Disconnected from the channel tcfchan#15.
21:08:52 INFO  : Connected to target on host '127.0.0.1' and port '3121'.
21:09:10 INFO  : ----------------XSDB Script----------------
connect -url tcp:127.0.0.1:3121
----------------End of Script----------------

21:09:10 ERROR : Could not find ARM device on the board for connection 'Local'.
Check if the target is in:
1. Split JTAG - No operations are possible with ARM DAP.
2. Non JTAG bootmode - Bootrom may need time to enable DAP.
Please try again.


Troubleshooting hints:
1. Check whether board is connected to system properly.
2. In case of zynq board, check whether Digilent/Xilinx cable switch settings are correct.
3. If you are using Xilinx Platform Cable USB, ensure that status LED is green.
21:09:15 INFO  : Checking for BSP changes to sync application flags for project 'CPU1'...
21:09:18 INFO  : Connected to target on host '127.0.0.1' and port '3121'.
21:09:36 INFO  : ----------------XSDB Script----------------
connect -url tcp:127.0.0.1:3121
----------------End of Script----------------

21:09:36 ERROR : Could not find ARM device on the board for connection 'Local'.
Check if the target is in:
1. Split JTAG - No operations are possible with ARM DAP.
2. Non JTAG bootmode - Bootrom may need time to enable DAP.
Please try again.


Troubleshooting hints:
1. Check whether board is connected to system properly.
2. In case of zynq board, check whether Digilent/Xilinx cable switch settings are correct.
3. If you are using Xilinx Platform Cable USB, ensure that status LED is green.
21:09:44 INFO  : Connected to target on host '127.0.0.1' and port '3121'.
21:10:02 INFO  : ----------------XSDB Script----------------
connect -url tcp:127.0.0.1:3121
----------------End of Script----------------

21:10:02 ERROR : Could not find ARM device on the board for connection 'Local'.
Check if the target is in:
1. Split JTAG - No operations are possible with ARM DAP.
2. Non JTAG bootmode - Bootrom may need time to enable DAP.
Please try again.


Troubleshooting hints:
1. Check whether board is connected to system properly.
2. In case of zynq board, check whether Digilent/Xilinx cable switch settings are correct.
3. If you are using Xilinx Platform Cable USB, ensure that status LED is green.
21:10:36 INFO  : Checking for BSP changes to sync application flags for project 'CPU1'...
21:10:39 INFO  : Connected to target on host '127.0.0.1' and port '3121'.
21:10:57 INFO  : ----------------XSDB Script----------------
connect -url tcp:127.0.0.1:3121
----------------End of Script----------------

21:10:57 ERROR : Could not find ARM device on the board for connection 'Local'.
Check if the target is in:
1. Split JTAG - No operations are possible with ARM DAP.
2. Non JTAG bootmode - Bootrom may need time to enable DAP.
Please try again.


Troubleshooting hints:
1. Check whether board is connected to system properly.
2. In case of zynq board, check whether Digilent/Xilinx cable switch settings are correct.
3. If you are using Xilinx Platform Cable USB, ensure that status LED is green.
21:11:15 INFO  : Checking for BSP changes to sync application flags for project 'CPU1'...
21:11:18 INFO  : Connected to target on host '127.0.0.1' and port '3121'.
21:11:18 INFO  : Jtag cable 'Digilent JTAG-SMT2 210251A08870' is selected.
21:11:18 INFO  : 'jtag frequency' command is executed.
21:11:18 INFO  : Context for 'APU' is selected.
21:11:18 INFO  : System reset is completed.
21:11:21 INFO  : 'after 3000' command is executed.
21:11:21 INFO  : 'targets -set -filter {jtag_cable_name =~ "Digilent JTAG-SMT2 210251A08870" && level==0 && jtag_device_ctx=="jsn-JTAG-SMT2-210251A08870-23727093-0"}' command is executed.
21:11:23 INFO  : Device configured successfully with "C:/Users/saber/Desktop/share/DanDike_NewBoard/vitis1/CPU1/_ide/bitstream/system_wrapper.bit"
21:11:23 INFO  : Context for 'APU' is selected.
21:11:24 INFO  : Hardware design and registers information is loaded from 'C:/Users/saber/Desktop/share/DanDike_NewBoard/vitis1/system_wrapper/export/system_wrapper/hw/system_wrapper.xsa'.
21:11:24 INFO  : 'configparams force-mem-access 1' command is executed.
21:11:24 INFO  : Context for 'APU' is selected.
21:11:24 INFO  : Sourcing of 'C:/Users/saber/Desktop/share/DanDike_NewBoard/vitis1/CPU1/_ide/psinit/ps7_init.tcl' is done.
21:11:24 INFO  : 'ps7_init' command is executed.
21:11:24 INFO  : 'ps7_post_config' command is executed.
21:11:24 INFO  : Context for processor 'ps7_cortexa9_1' is selected.
21:11:25 INFO  : The application 'C:/Users/saber/Desktop/share/DanDike_NewBoard/vitis1/CPU1/Debug/CPU1.elf' is downloaded to processor 'ps7_cortexa9_1'.
21:11:25 INFO  : 'configparams force-mem-access 0' command is executed.
21:11:25 INFO  : ----------------XSDB Script----------------
connect -url tcp:127.0.0.1:3121
targets -set -nocase -filter {name =~"APU*"}
rst -system
after 3000
targets -set -filter {jtag_cable_name =~ "Digilent JTAG-SMT2 210251A08870" && level==0 && jtag_device_ctx=="jsn-JTAG-SMT2-210251A08870-23727093-0"}
fpga -file C:/Users/saber/Desktop/share/DanDike_NewBoard/vitis1/CPU1/_ide/bitstream/system_wrapper.bit
targets -set -nocase -filter {name =~"APU*"}
loadhw -hw C:/Users/saber/Desktop/share/DanDike_NewBoard/vitis1/system_wrapper/export/system_wrapper/hw/system_wrapper.xsa -mem-ranges [list {0x40000000 0xbfffffff}] -regs
configparams force-mem-access 1
targets -set -nocase -filter {name =~"APU*"}
source C:/Users/saber/Desktop/share/DanDike_NewBoard/vitis1/CPU1/_ide/psinit/ps7_init.tcl
ps7_init
ps7_post_config
targets -set -nocase -filter {name =~ "*A9*#1"}
dow C:/Users/saber/Desktop/share/DanDike_NewBoard/vitis1/CPU1/Debug/CPU1.elf
configparams force-mem-access 0
----------------End of Script----------------

21:11:25 INFO  : Context for processor 'ps7_cortexa9_1' is selected.
21:11:25 INFO  : 'con' command is executed.
21:11:25 INFO  : ----------------XSDB Script (After Launch)----------------
targets -set -nocase -filter {name =~ "*A9*#1"}
con
----------------End of Script----------------

21:11:25 INFO  : Launch script is exported to file 'C:\Users\saber\Desktop\share\DanDike_NewBoard\vitis1\DDK_system\_ide\scripts\debugger_cpu1-default.tcl'
21:18:43 INFO  : Disconnected from the channel tcfchan#19.
09:28:53 INFO  : Launching XSCT server: xsct.bat -n  -interactive C:\Users\saber\Desktop\share\DanDike_NewBoard\vitis1\temp_xsdb_launch_script.tcl
09:28:58 INFO  : XSCT server has started successfully.
09:28:58 INFO  : plnx-install-location is set to ''
09:28:58 INFO  : Successfully done setting XSCT server connection channel  
09:28:58 INFO  : Successfully done setting workspace for the tool. 
09:29:03 INFO  : Platform repository initialization has completed.
09:29:04 INFO  : Registering command handlers for Vitis TCF services
09:29:11 INFO  : Successfully done query RDI_DATADIR 
09:29:35 INFO  : Checking for BSP changes to sync application flags for project 'CPU1'...
09:30:04 INFO  : Checking for BSP changes to sync application flags for project 'CPU1'...
11:17:22 INFO  : Checking for BSP changes to sync application flags for project 'CPU1'...
11:26:07 INFO  : Checking for BSP changes to sync application flags for project 'CPU1'...
11:33:46 INFO  : Checking for BSP changes to sync application flags for project 'CPU1'...
11:34:27 INFO  : Checking for BSP changes to sync application flags for project 'CPU1'...
19:40:37 INFO  : Launching XSCT server: xsct.bat -n  -interactive C:\Users\saber\Desktop\share\DanDike_NewBoard\vitis1\temp_xsdb_launch_script.tcl
19:40:42 INFO  : XSCT server has started successfully.
19:40:42 INFO  : plnx-install-location is set to ''
19:40:42 INFO  : Successfully done setting XSCT server connection channel  
19:40:42 INFO  : Successfully done setting workspace for the tool. 
19:40:46 INFO  : Platform repository initialization has completed.
19:40:47 INFO  : Registering command handlers for Vitis TCF services
19:40:52 INFO  : Successfully done query RDI_DATADIR 
19:40:54 INFO  : Checking for BSP changes to sync application flags for project 'CPU1'...
19:47:31 INFO  : Checking for BSP changes to sync application flags for project 'CPU1'...
19:48:46 INFO  : Checking for BSP changes to sync application flags for project 'CPU1'...
20:00:48 INFO  : Checking for BSP changes to sync application flags for project 'CPU1'...
20:13:09 INFO  : Checking for BSP changes to sync application flags for project 'CPU1'...
20:30:21 INFO  : Checking for BSP changes to sync application flags for project 'CPU1'...
20:31:01 INFO  : Checking for BSP changes to sync application flags for project 'CPU1'...
20:31:50 INFO  : Checking for BSP changes to sync application flags for project 'CPU1'...
20:36:15 INFO  : Checking for BSP changes to sync application flags for project 'CPU1'...
20:36:23 INFO  : Connected to target on host '127.0.0.1' and port '3121'.
20:36:41 INFO  : ----------------XSDB Script----------------
connect -url tcp:127.0.0.1:3121
----------------End of Script----------------

20:36:41 ERROR : Could not find ARM device on the board for connection 'Local'.
Check if the target is in:
1. Split JTAG - No operations are possible with ARM DAP.
2. Non JTAG bootmode - Bootrom may need time to enable DAP.
Please try again.


Troubleshooting hints:
1. Check whether board is connected to system properly.
2. In case of zynq board, check whether Digilent/Xilinx cable switch settings are correct.
3. If you are using Xilinx Platform Cable USB, ensure that status LED is green.
20:37:01 INFO  : Connected to target on host '127.0.0.1' and port '3121'.
20:37:16 INFO  : Jtag cable 'Digilent JTAG-SMT2 210251A08870' is selected.
20:37:16 INFO  : 'jtag frequency' command is executed.
20:37:16 INFO  : Context for 'APU' is selected.
20:37:16 INFO  : System reset is completed.
20:37:19 INFO  : 'after 3000' command is executed.
20:37:20 INFO  : 'targets -set -filter {jtag_cable_name =~ "Digilent JTAG-SMT2 210251A08870" && level==0 && jtag_device_ctx=="jsn-JTAG-SMT2-210251A08870-23727093-0"}' command is executed.
20:37:22 INFO  : Device configured successfully with "C:/Users/saber/Desktop/share/DanDike_NewBoard/vitis1/CPU1/_ide/bitstream/system_wrapper.bit"
20:37:22 INFO  : Context for 'APU' is selected.
20:37:22 INFO  : Hardware design and registers information is loaded from 'C:/Users/saber/Desktop/share/DanDike_NewBoard/vitis1/system_wrapper/export/system_wrapper/hw/system_wrapper.xsa'.
20:37:22 INFO  : 'configparams force-mem-access 1' command is executed.
20:37:22 INFO  : Context for 'APU' is selected.
20:37:22 INFO  : Sourcing of 'C:/Users/saber/Desktop/share/DanDike_NewBoard/vitis1/CPU1/_ide/psinit/ps7_init.tcl' is done.
20:37:23 INFO  : 'ps7_init' command is executed.
20:37:23 INFO  : 'ps7_post_config' command is executed.
20:37:23 INFO  : Context for processor 'ps7_cortexa9_1' is selected.
20:37:24 INFO  : The application 'C:/Users/saber/Desktop/share/DanDike_NewBoard/vitis1/CPU1/Debug/CPU1.elf' is downloaded to processor 'ps7_cortexa9_1'.
20:37:24 INFO  : 'configparams force-mem-access 0' command is executed.
20:37:24 INFO  : ----------------XSDB Script----------------
connect -url tcp:127.0.0.1:3121
targets -set -nocase -filter {name =~"APU*"}
rst -system
after 3000
targets -set -filter {jtag_cable_name =~ "Digilent JTAG-SMT2 210251A08870" && level==0 && jtag_device_ctx=="jsn-JTAG-SMT2-210251A08870-23727093-0"}
fpga -file C:/Users/saber/Desktop/share/DanDike_NewBoard/vitis1/CPU1/_ide/bitstream/system_wrapper.bit
targets -set -nocase -filter {name =~"APU*"}
loadhw -hw C:/Users/saber/Desktop/share/DanDike_NewBoard/vitis1/system_wrapper/export/system_wrapper/hw/system_wrapper.xsa -mem-ranges [list {0x40000000 0xbfffffff}] -regs
configparams force-mem-access 1
targets -set -nocase -filter {name =~"APU*"}
source C:/Users/saber/Desktop/share/DanDike_NewBoard/vitis1/CPU1/_ide/psinit/ps7_init.tcl
ps7_init
ps7_post_config
targets -set -nocase -filter {name =~ "*A9*#1"}
dow C:/Users/saber/Desktop/share/DanDike_NewBoard/vitis1/CPU1/Debug/CPU1.elf
configparams force-mem-access 0
----------------End of Script----------------

20:37:24 INFO  : Context for processor 'ps7_cortexa9_1' is selected.
20:37:24 INFO  : 'con' command is executed.
20:37:24 INFO  : ----------------XSDB Script (After Launch)----------------
targets -set -nocase -filter {name =~ "*A9*#1"}
con
----------------End of Script----------------

20:37:24 INFO  : Launch script is exported to file 'C:\Users\saber\Desktop\share\DanDike_NewBoard\vitis1\DDK_system\_ide\scripts\debugger_cpu1-default.tcl'
20:37:35 INFO  : Checking for BSP changes to sync application flags for project 'CPU1'...
20:37:38 INFO  : Disconnected from the channel tcfchan#1.
20:37:39 INFO  : Connected to target on host '127.0.0.1' and port '3121'.
20:37:40 INFO  : Jtag cable 'Digilent JTAG-SMT2 210251A08870' is selected.
20:37:40 INFO  : 'jtag frequency' command is executed.
20:37:40 INFO  : Context for 'APU' is selected.
20:37:40 INFO  : System reset is completed.
20:37:43 INFO  : 'after 3000' command is executed.
20:37:43 INFO  : 'targets -set -filter {jtag_cable_name =~ "Digilent JTAG-SMT2 210251A08870" && level==0 && jtag_device_ctx=="jsn-JTAG-SMT2-210251A08870-23727093-0"}' command is executed.
20:37:45 INFO  : Device configured successfully with "C:/Users/saber/Desktop/share/DanDike_NewBoard/vitis1/CPU1/_ide/bitstream/system_wrapper.bit"
20:37:45 INFO  : Context for 'APU' is selected.
20:37:47 INFO  : Hardware design and registers information is loaded from 'C:/Users/saber/Desktop/share/DanDike_NewBoard/vitis1/system_wrapper/export/system_wrapper/hw/system_wrapper.xsa'.
20:37:47 INFO  : 'configparams force-mem-access 1' command is executed.
20:37:47 INFO  : Context for 'APU' is selected.
20:37:47 INFO  : Sourcing of 'C:/Users/saber/Desktop/share/DanDike_NewBoard/vitis1/CPU1/_ide/psinit/ps7_init.tcl' is done.
20:37:48 INFO  : 'ps7_init' command is executed.
20:37:48 INFO  : 'ps7_post_config' command is executed.
20:37:48 INFO  : Context for processor 'ps7_cortexa9_1' is selected.
20:37:49 INFO  : The application 'C:/Users/saber/Desktop/share/DanDike_NewBoard/vitis1/CPU1/Debug/CPU1.elf' is downloaded to processor 'ps7_cortexa9_1'.
20:37:49 INFO  : 'configparams force-mem-access 0' command is executed.
20:37:49 INFO  : ----------------XSDB Script----------------
connect -url tcp:127.0.0.1:3121
targets -set -nocase -filter {name =~"APU*"}
rst -system
after 3000
targets -set -filter {jtag_cable_name =~ "Digilent JTAG-SMT2 210251A08870" && level==0 && jtag_device_ctx=="jsn-JTAG-SMT2-210251A08870-23727093-0"}
fpga -file C:/Users/saber/Desktop/share/DanDike_NewBoard/vitis1/CPU1/_ide/bitstream/system_wrapper.bit
targets -set -nocase -filter {name =~"APU*"}
loadhw -hw C:/Users/saber/Desktop/share/DanDike_NewBoard/vitis1/system_wrapper/export/system_wrapper/hw/system_wrapper.xsa -mem-ranges [list {0x40000000 0xbfffffff}] -regs
configparams force-mem-access 1
targets -set -nocase -filter {name =~"APU*"}
source C:/Users/saber/Desktop/share/DanDike_NewBoard/vitis1/CPU1/_ide/psinit/ps7_init.tcl
ps7_init
ps7_post_config
targets -set -nocase -filter {name =~ "*A9*#1"}
dow C:/Users/saber/Desktop/share/DanDike_NewBoard/vitis1/CPU1/Debug/CPU1.elf
configparams force-mem-access 0
----------------End of Script----------------

20:37:49 INFO  : Context for processor 'ps7_cortexa9_1' is selected.
20:37:49 INFO  : 'con' command is executed.
20:37:49 INFO  : ----------------XSDB Script (After Launch)----------------
targets -set -nocase -filter {name =~ "*A9*#1"}
con
----------------End of Script----------------

20:37:49 INFO  : Launch script is exported to file 'C:\Users\saber\Desktop\share\DanDike_NewBoard\vitis1\DDK_system\_ide\scripts\debugger_cpu1-default.tcl'
20:40:48 INFO  : Checking for BSP changes to sync application flags for project 'CPU1'...
20:40:50 INFO  : Disconnected from the channel tcfchan#2.
20:40:51 INFO  : Connected to target on host '127.0.0.1' and port '3121'.
20:40:51 INFO  : Jtag cable 'Digilent JTAG-SMT2 210251A08870' is selected.
20:40:51 INFO  : 'jtag frequency' command is executed.
20:40:51 INFO  : Context for 'APU' is selected.
20:40:51 INFO  : System reset is completed.
20:40:54 INFO  : 'after 3000' command is executed.
20:40:54 INFO  : 'targets -set -filter {jtag_cable_name =~ "Digilent JTAG-SMT2 210251A08870" && level==0 && jtag_device_ctx=="jsn-JTAG-SMT2-210251A08870-23727093-0"}' command is executed.
20:40:56 INFO  : Device configured successfully with "C:/Users/saber/Desktop/share/DanDike_NewBoard/vitis1/CPU1/_ide/bitstream/system_wrapper.bit"
20:40:57 INFO  : Context for 'APU' is selected.
20:40:59 INFO  : Hardware design and registers information is loaded from 'C:/Users/saber/Desktop/share/DanDike_NewBoard/vitis1/system_wrapper/export/system_wrapper/hw/system_wrapper.xsa'.
20:40:59 INFO  : 'configparams force-mem-access 1' command is executed.
20:40:59 INFO  : Context for 'APU' is selected.
20:40:59 INFO  : Sourcing of 'C:/Users/saber/Desktop/share/DanDike_NewBoard/vitis1/CPU1/_ide/psinit/ps7_init.tcl' is done.
20:40:59 INFO  : 'ps7_init' command is executed.
20:40:59 INFO  : 'ps7_post_config' command is executed.
20:40:59 INFO  : Context for processor 'ps7_cortexa9_1' is selected.
20:41:00 INFO  : The application 'C:/Users/saber/Desktop/share/DanDike_NewBoard/vitis1/CPU1/Debug/CPU1.elf' is downloaded to processor 'ps7_cortexa9_1'.
20:41:00 INFO  : 'configparams force-mem-access 0' command is executed.
20:41:00 INFO  : ----------------XSDB Script----------------
connect -url tcp:127.0.0.1:3121
targets -set -nocase -filter {name =~"APU*"}
rst -system
after 3000
targets -set -filter {jtag_cable_name =~ "Digilent JTAG-SMT2 210251A08870" && level==0 && jtag_device_ctx=="jsn-JTAG-SMT2-210251A08870-23727093-0"}
fpga -file C:/Users/saber/Desktop/share/DanDike_NewBoard/vitis1/CPU1/_ide/bitstream/system_wrapper.bit
targets -set -nocase -filter {name =~"APU*"}
loadhw -hw C:/Users/saber/Desktop/share/DanDike_NewBoard/vitis1/system_wrapper/export/system_wrapper/hw/system_wrapper.xsa -mem-ranges [list {0x40000000 0xbfffffff}] -regs
configparams force-mem-access 1
targets -set -nocase -filter {name =~"APU*"}
source C:/Users/saber/Desktop/share/DanDike_NewBoard/vitis1/CPU1/_ide/psinit/ps7_init.tcl
ps7_init
ps7_post_config
targets -set -nocase -filter {name =~ "*A9*#1"}
dow C:/Users/saber/Desktop/share/DanDike_NewBoard/vitis1/CPU1/Debug/CPU1.elf
configparams force-mem-access 0
----------------End of Script----------------

20:41:01 INFO  : Context for processor 'ps7_cortexa9_1' is selected.
20:41:01 INFO  : 'con' command is executed.
20:41:01 INFO  : ----------------XSDB Script (After Launch)----------------
targets -set -nocase -filter {name =~ "*A9*#1"}
con
----------------End of Script----------------

20:41:01 INFO  : Launch script is exported to file 'C:\Users\saber\Desktop\share\DanDike_NewBoard\vitis1\DDK_system\_ide\scripts\debugger_cpu1-default.tcl'
20:43:15 INFO  : Checking for BSP changes to sync application flags for project 'CPU1'...
20:43:17 INFO  : Disconnected from the channel tcfchan#3.
20:44:45 INFO  : Checking for BSP changes to sync application flags for project 'CPU1'...
20:51:00 INFO  : Checking for BSP changes to sync application flags for project 'CPU1'...
09:03:39 INFO  : Launching XSCT server: xsct.bat -n  -interactive C:\Users\saber\Desktop\share\DanDike_NewBoard\vitis1\temp_xsdb_launch_script.tcl
09:03:44 INFO  : XSCT server has started successfully.
09:03:45 INFO  : plnx-install-location is set to ''
09:03:45 INFO  : Successfully done setting XSCT server connection channel  
09:03:45 INFO  : Successfully done setting workspace for the tool. 
09:03:52 INFO  : Platform repository initialization has completed.
09:03:53 INFO  : Registering command handlers for Vitis TCF services
09:03:59 INFO  : Successfully done query RDI_DATADIR 
09:04:11 INFO  : Checking for BSP changes to sync application flags for project 'CPU1'...
09:33:33 INFO  : Checking for BSP changes to sync application flags for project 'CPU1'...
09:35:06 INFO  : Checking for BSP changes to sync application flags for project 'CPU1'...
09:43:11 INFO  : Hardware specification for platform project 'system_wrapper' is updated.
09:47:09 INFO  : Result from executing command 'getProjects': system_wrapper
09:47:09 INFO  : Result from executing command 'getPlatforms': system_wrapper|C:/Users/saber/Desktop/share/DanDike_NewBoard/vitis1/system_wrapper/export/system_wrapper/system_wrapper.xpfm
09:47:09 INFO  : Checking for BSP changes to sync application flags for project 'CPU1'...
09:47:14 INFO  : Checking for BSP changes to sync application flags for project 'CPU1'...
09:47:15 INFO  : The hardware specfication used by project 'CPU1' is out of sync with the platform. Resource files extracted from the hardware specfiication will be updated.
09:47:15 INFO  : The file 'C:\Users\saber\Desktop\share\DanDike_NewBoard\vitis1\CPU1\_ide\bitstream\system_wrapper.bit' stored in project is removed.
09:47:15 INFO  : The file 'C:\Users\saber\Desktop\share\DanDike_NewBoard\vitis1\CPU1\_ide\bitstream\system_wrapper.mmi' stored in project is removed.
09:47:15 INFO  : The updated bitstream files are copied from platform to folder 'C:\Users\saber\Desktop\share\DanDike_NewBoard\vitis1\CPU1\_ide\bitstream' in project 'CPU1'.
09:47:15 INFO  : The file 'C:\Users\saber\Desktop\share\DanDike_NewBoard\vitis1\CPU1\_ide\psinit\ps7_init.tcl' stored in project is removed.
09:47:20 INFO  : The updated ps init files are copied from platform to folder 'C:\Users\saber\Desktop\share\DanDike_NewBoard\vitis1\CPU1\_ide\psinit' in project 'CPU1'.
09:48:02 INFO  : Checking for BSP changes to sync application flags for project 'CPU1'...
09:54:59 INFO  : Checking for BSP changes to sync application flags for project 'CPU1'...
