srcscan starts
INFO: analyzing module AC_8_channel_0_imp_1V5LWYH (VERI-9002)
INFO: analyzing module AC_8_channel_1_imp_NG160D (VERI-9002)
INFO: analyzing module adda_imp_1MMLK1Q (VERI-9002)
INFO: analyzing module adda_imp_K8A769 (VERI-9002)
INFO: analyzing module coder_imp_RA975R (VERI-9002)
INFO: analyzing module i00_couplers_imp_1DYWANB (VERI-9002)
INFO: analyzing module i01_couplers_imp_7COAD2 (VERI-9002)
INFO: analyzing module i02_couplers_imp_ECLLZ8 (VERI-9002)
INFO: analyzing module key_board_imp_6OSLU2 (VERI-9002)
INFO: analyzing module lcd_imp_1GVU3OD (VERI-9002)
INFO: analyzing module m00_couplers_imp_1H7AUOX (VERI-9002)
INFO: analyzing module m01_couplers_imp_4Y7TYO (VERI-9002)
INFO: analyzing module m02_couplers_imp_FKL2TE (VERI-9002)
INFO: analyzing module m03_couplers_imp_15QZ4LV (VERI-9002)
INFO: analyzing module m04_couplers_imp_TUCI1Y (VERI-9002)
INFO: analyzing module m05_couplers_imp_1IWS6WN (VERI-9002)
INFO: analyzing module m06_couplers_imp_1TJ5H51 (VERI-9002)
INFO: analyzing module m07_couplers_imp_IE0TQS (VERI-9002)
INFO: analyzing module m08_couplers_imp_1KSFJCE (VERI-9002)
INFO: analyzing module m09_couplers_imp_REJNZZ (VERI-9002)
INFO: analyzing module m10_couplers_imp_FKDLSY (VERI-9002)
INFO: analyzing module m11_couplers_imp_15QQ90Z (VERI-9002)
INFO: analyzing module m12_couplers_imp_1H73OOX (VERI-9002)
INFO: analyzing module m13_couplers_imp_4XZ9E8 (VERI-9002)
INFO: analyzing module m14_couplers_imp_1TIX63P (VERI-9002)
INFO: analyzing module m15_couplers_imp_IDR450 (VERI-9002)
INFO: analyzing module m16_couplers_imp_TU4L6U (VERI-9002)
INFO: analyzing module m17_couplers_imp_1IWIVH3 (VERI-9002)
INFO: analyzing module m18_couplers_imp_KTJY7H (VERI-9002)
INFO: analyzing module m19_couplers_imp_1RN9TOC (VERI-9002)
INFO: analyzing module s00_couplers_imp_10AYLL (VERI-9002)
INFO: analyzing module s00_couplers_imp_11SE3QO (VERI-9002)
INFO: analyzing module system (VERI-9002)
INFO: analyzing module system_axi_mem_intercon_0 (VERI-9002)
INFO: analyzing module system_ps7_0_axi_periph_0 (VERI-9002)
Listing tops:
VeriTop library:xil_defaultlib mod:system
END of tops
C:/Users/saber/Desktop/share/DanDike_NewBoard/DanDike_NewBoard.srcs/sources_1/bd/system/sim/system.v(9663): INFO: compiling module 'system_default' (VERI-1018)
C:/Users/saber/Desktop/share/DanDike_NewBoard/DanDike_NewBoard.srcs/sources_1/bd/system/sim/system.v(2284): WARNING: Module <system_adc_whole_0_0> not found while processing module instance <adc_whole_0> (VERI-1063)
C:/Users/saber/Desktop/share/DanDike_NewBoard/DanDike_NewBoard.srcs/sources_1/bd/system/sim/system.v(2321): WARNING: Module <system_axi_bram_ctrl_0_0> not found while processing module instance <axi_bram_ctrl_0> (VERI-1063)
C:/Users/saber/Desktop/share/DanDike_NewBoard/DanDike_NewBoard.srcs/sources_1/bd/system/sim/system.v(2364): WARNING: Module <system_axi_dma_0_0> not found while processing module instance <axi_dma_0> (VERI-1063)
C:/Users/saber/Desktop/share/DanDike_NewBoard/DanDike_NewBoard.srcs/sources_1/bd/system/sim/system.v(2424): WARNING: Module <system_axi_smc_0> not found while processing module instance <axi_smc> (VERI-1063)
C:/Users/saber/Desktop/share/DanDike_NewBoard/DanDike_NewBoard.srcs/sources_1/bd/system/sim/system.v(2493): WARNING: Module <system_axis_data_fifo_0_0> not found while processing module instance <axis_data_fifo_0> (VERI-1063)
C:/Users/saber/Desktop/share/DanDike_NewBoard/DanDike_NewBoard.srcs/sources_1/bd/system/sim/system.v(2505): WARNING: Module <system_axis_data_fifo_1_1> not found while processing module instance <axis_data_fifo_1> (VERI-1063)
C:/Users/saber/Desktop/share/DanDike_NewBoard/DanDike_NewBoard.srcs/sources_1/bd/system/sim/system.v(2516): WARNING: Module <system_blk_mem_gen_0_0> not found while processing module instance <blk_mem_gen_0> (VERI-1063)
C:/Users/saber/Desktop/share/DanDike_NewBoard/DanDike_NewBoard.srcs/sources_1/bd/system/sim/system.v(2531): WARNING: Module <system_dac_whole_0_1> not found while processing module instance <dac_whole_0> (VERI-1063)
C:/Users/saber/Desktop/share/DanDike_NewBoard/DanDike_NewBoard.srcs/sources_1/bd/system/sim/system.v(817): WARNING: Module <system_onoff_config_axi_0_0> not found while processing module instance <onoff_config_axi_0> (VERI-1063)
C:/Users/saber/Desktop/share/DanDike_NewBoard/DanDike_NewBoard.srcs/sources_1/bd/system/sim/system.v(3181): WARNING: Module <system_adc_whole_0_3> not found while processing module instance <adc_whole_0> (VERI-1063)
C:/Users/saber/Desktop/share/DanDike_NewBoard/DanDike_NewBoard.srcs/sources_1/bd/system/sim/system.v(3218): WARNING: Module <system_axi_bram_ctrl_0_3> not found while processing module instance <axi_bram_ctrl_0> (VERI-1063)
C:/Users/saber/Desktop/share/DanDike_NewBoard/DanDike_NewBoard.srcs/sources_1/bd/system/sim/system.v(3261): WARNING: Module <system_axi_dma_0_3> not found while processing module instance <axi_dma_0> (VERI-1063)
C:/Users/saber/Desktop/share/DanDike_NewBoard/DanDike_NewBoard.srcs/sources_1/bd/system/sim/system.v(3321): WARNING: Module <system_axis_data_fifo_0_3> not found while processing module instance <axis_data_fifo_0> (VERI-1063)
C:/Users/saber/Desktop/share/DanDike_NewBoard/DanDike_NewBoard.srcs/sources_1/bd/system/sim/system.v(3333): WARNING: Module <system_axis_data_fifo_1_4> not found while processing module instance <axis_data_fifo_1> (VERI-1063)
C:/Users/saber/Desktop/share/DanDike_NewBoard/DanDike_NewBoard.srcs/sources_1/bd/system/sim/system.v(3344): WARNING: Module <system_blk_mem_gen_0_3> not found while processing module instance <blk_mem_gen_0> (VERI-1063)
C:/Users/saber/Desktop/share/DanDike_NewBoard/DanDike_NewBoard.srcs/sources_1/bd/system/sim/system.v(3359): WARNING: Module <system_dac_whole_0_4> not found while processing module instance <dac_whole_0> (VERI-1063)
C:/Users/saber/Desktop/share/DanDike_NewBoard/DanDike_NewBoard.srcs/sources_1/bd/system/sim/system.v(3398): WARNING: Module <system_smartconnect_0_0> not found while processing module instance <smartconnect_0> (VERI-1063)
C:/Users/saber/Desktop/share/DanDike_NewBoard/DanDike_NewBoard.srcs/sources_1/bd/system/sim/system.v(1642): WARNING: Module <system_onoff_config_axi_0_2> not found while processing module instance <onoff_config_axi_0> (VERI-1063)
C:/Users/saber/Desktop/share/DanDike_NewBoard/DanDike_NewBoard.srcs/sources_1/bd/system/sim/system.v(10894): WARNING: Module <system_axi_gpio_0_1> not found while processing module instance <axi_gpio_0> (VERI-1063)
C:/Users/saber/Desktop/share/DanDike_NewBoard/DanDike_NewBoard.srcs/sources_1/bd/system/sim/system.v(10915): WARNING: Module <system_axi_uartlite_0_0> not found while processing module instance <axi_uartlite_0> (VERI-1063)
C:/Users/saber/Desktop/share/DanDike_NewBoard/DanDike_NewBoard.srcs/sources_1/bd/system/sim/system.v(3576): WARNING: Module <system_coder_0_0> not found while processing module instance <coder_0> (VERI-1063)
C:/Users/saber/Desktop/share/DanDike_NewBoard/DanDike_NewBoard.srcs/sources_1/bd/system/sim/system.v(3601): WARNING: Module <system_util_vector_logic_0_1> not found while processing module instance <util_vector_logic_0> (VERI-1063)
C:/Users/saber/Desktop/share/DanDike_NewBoard/DanDike_NewBoard.srcs/sources_1/bd/system/sim/system.v(10965): WARNING: Module <system_gmii2rgmii_0_0> not found while processing module instance <gmii2rgmii_0> (VERI-1063)
C:/Users/saber/Desktop/share/DanDike_NewBoard/DanDike_NewBoard.srcs/sources_1/bd/system/sim/system.v(4545): WARNING: Module <system_axi_iic_0_0> not found while processing module instance <axi_iic_0> (VERI-1063)
C:/Users/saber/Desktop/share/DanDike_NewBoard/DanDike_NewBoard.srcs/sources_1/bd/system/sim/system.v(4572): WARNING: Module <system_util_vector_logic_0_0> not found while processing module instance <util_vector_logic_0> (VERI-1063)
C:/Users/saber/Desktop/share/DanDike_NewBoard/DanDike_NewBoard.srcs/sources_1/bd/system/sim/system.v(5069): WARNING: Module <system_PWM_0_0> not found while processing module instance <PWM_0> (VERI-1063)
C:/Users/saber/Desktop/share/DanDike_NewBoard/DanDike_NewBoard.srcs/sources_1/bd/system/sim/system.v(5092): WARNING: Module <system_axi_gpio_0_0> not found while processing module instance <axi_gpio_0> (VERI-1063)
C:/Users/saber/Desktop/share/DanDike_NewBoard/DanDike_NewBoard.srcs/sources_1/bd/system/sim/system.v(9231): WARNING: Module <system_auto_pc_9> not found while processing module instance <auto_pc> (VERI-1063)
C:/Users/saber/Desktop/share/DanDike_NewBoard/DanDike_NewBoard.srcs/sources_1/bd/system/sim/system.v(5150): WARNING: Module <system_axi_vdma_0_0> not found while processing module instance <axi_vdma_0> (VERI-1063)
C:/Users/saber/Desktop/share/DanDike_NewBoard/DanDike_NewBoard.srcs/sources_1/bd/system/sim/system.v(5191): WARNING: Module <system_clk_wiz_0_0> not found while processing module instance <clk_wiz_0> (VERI-1063)
C:/Users/saber/Desktop/share/DanDike_NewBoard/DanDike_NewBoard.srcs/sources_1/bd/system/sim/system.v(5213): WARNING: Module <system_rgb2lcd_0_1> not found while processing module instance <rgb2lcd_0> (VERI-1063)
C:/Users/saber/Desktop/share/DanDike_NewBoard/DanDike_NewBoard.srcs/sources_1/bd/system/sim/system.v(5221): WARNING: Module <system_rst_ps7_0_142M_0> not found while processing module instance <rst_ps7_0_142M> (VERI-1063)
C:/Users/saber/Desktop/share/DanDike_NewBoard/DanDike_NewBoard.srcs/sources_1/bd/system/sim/system.v(5228): WARNING: Module <system_v_axi4s_vid_out_0_0> not found while processing module instance <v_axi4s_vid_out_0> (VERI-1063)
C:/Users/saber/Desktop/share/DanDike_NewBoard/DanDike_NewBoard.srcs/sources_1/bd/system/sim/system.v(5252): WARNING: Module <system_v_tc_0_0> not found while processing module instance <v_tc_0> (VERI-1063)
C:/Users/saber/Desktop/share/DanDike_NewBoard/DanDike_NewBoard.srcs/sources_1/bd/system/sim/system.v(11124): WARNING: Module <system_power_pulse_AXI_0_0> not found while processing module instance <power_pulse_AXI_0> (VERI-1063)
C:/Users/saber/Desktop/share/DanDike_NewBoard/DanDike_NewBoard.srcs/sources_1/bd/system/sim/system.v(11147): WARNING: Module <system_proc_sys_reset_0_0> not found while processing module instance <proc_sys_reset_0> (VERI-1063)
C:/Users/saber/Desktop/share/DanDike_NewBoard/DanDike_NewBoard.srcs/sources_1/bd/system/sim/system.v(11154): WARNING: Module <system_processing_system7_0_0> not found while processing module instance <processing_system7_0> (VERI-1063)
C:/Users/saber/Desktop/share/DanDike_NewBoard/DanDike_NewBoard.srcs/sources_1/bd/system/sim/system.v(3837): WARNING: Module <system_auto_pc_0> not found while processing module instance <auto_pc> (VERI-1063)
C:/Users/saber/Desktop/share/DanDike_NewBoard/DanDike_NewBoard.srcs/sources_1/bd/system/sim/system.v(4371): WARNING: Module <system_auto_pc_1> not found while processing module instance <auto_pc> (VERI-1063)
C:/Users/saber/Desktop/share/DanDike_NewBoard/DanDike_NewBoard.srcs/sources_1/bd/system/sim/system.v(6832): WARNING: Module <system_auto_pc_2> not found while processing module instance <auto_pc> (VERI-1063)
C:/Users/saber/Desktop/share/DanDike_NewBoard/DanDike_NewBoard.srcs/sources_1/bd/system/sim/system.v(7114): WARNING: Module <system_auto_pc_3> not found while processing module instance <auto_pc> (VERI-1063)
C:/Users/saber/Desktop/share/DanDike_NewBoard/DanDike_NewBoard.srcs/sources_1/bd/system/sim/system.v(7394): WARNING: Module <system_auto_pc_4> not found while processing module instance <auto_pc> (VERI-1063)
C:/Users/saber/Desktop/share/DanDike_NewBoard/DanDike_NewBoard.srcs/sources_1/bd/system/sim/system.v(7674): WARNING: Module <system_auto_pc_5> not found while processing module instance <auto_pc> (VERI-1063)
C:/Users/saber/Desktop/share/DanDike_NewBoard/DanDike_NewBoard.srcs/sources_1/bd/system/sim/system.v(7962): WARNING: Module <system_auto_pc_6> not found while processing module instance <auto_pc> (VERI-1063)
C:/Users/saber/Desktop/share/DanDike_NewBoard/DanDike_NewBoard.srcs/sources_1/bd/system/sim/system.v(8252): WARNING: Module <system_auto_pc_7> not found while processing module instance <auto_pc> (VERI-1063)
C:/Users/saber/Desktop/share/DanDike_NewBoard/DanDike_NewBoard.srcs/sources_1/bd/system/sim/system.v(9582): WARNING: Module <system_auto_pc_8> not found while processing module instance <auto_pc> (VERI-1063)
C:/Users/saber/Desktop/share/DanDike_NewBoard/DanDike_NewBoard.srcs/sources_1/bd/system/sim/system.v(15747): WARNING: Module <system_tier2_xbar_0_0> not found while processing module instance <tier2_xbar_0> (VERI-1063)
C:/Users/saber/Desktop/share/DanDike_NewBoard/DanDike_NewBoard.srcs/sources_1/bd/system/sim/system.v(15788): WARNING: Module <system_tier2_xbar_1_0> not found while processing module instance <tier2_xbar_1> (VERI-1063)
C:/Users/saber/Desktop/share/DanDike_NewBoard/DanDike_NewBoard.srcs/sources_1/bd/system/sim/system.v(15859): WARNING: Module <system_tier2_xbar_2_0> not found while processing module instance <tier2_xbar_2> (VERI-1063)
C:/Users/saber/Desktop/share/DanDike_NewBoard/DanDike_NewBoard.srcs/sources_1/bd/system/sim/system.v(15900): WARNING: Module <system_xbar_0> not found while processing module instance <xbar> (VERI-1063)
C:/Users/saber/Desktop/share/DanDike_NewBoard/DanDike_NewBoard.srcs/sources_1/bd/system/sim/system.v(11826): WARNING: Module <system_rst_ps7_0_100M_0> not found while processing module instance <rst_ps7_0_100M> (VERI-1063)
C:/Users/saber/Desktop/share/DanDike_NewBoard/DanDike_NewBoard.srcs/sources_1/bd/system/sim/system.v(11833): WARNING: Module <system_xlconcat_0_0> not found while processing module instance <xlconcat_0> (VERI-1063)
srcscan exits with return value 0
