Copyright 1986-2020 Xilinx, Inc. All Rights Reserved.
--------------------------------------------------------------------------------------------------------------------------------------------------------------------------------
| Tool Version : Vivado v.2020.2 (win64) Build 3064766 Wed Nov 18 09:12:45 MST 2020
| Date         : Wed Mar 26 15:21:53 2025
| Host         : DESKTOP-L4NOM67 running 64-bit major release  (build 9200)
| Command      : report_methodology -file system_wrapper_methodology_drc_routed.rpt -pb system_wrapper_methodology_drc_routed.pb -rpx system_wrapper_methodology_drc_routed.rpx
| Design       : system_wrapper
| Device       : xc7z020clg400-2
| Speed File   : -2
| Design State : Fully Routed
--------------------------------------------------------------------------------------------------------------------------------------------------------------------------------

Report Methodology

Table of Contents
-----------------
1. REPORT SUMMARY
2. REPORT DETAILS

1. REPORT SUMMARY
-----------------
            Netlist: netlist
          Floorplan: design_1
      Design limits: <entire design considered>
             Max violations: <unlimited>
             Violations found: 310
+-----------+------------------+------------------------------------------------+------------+
| Rule      | Severity         | Description                                    | Violations |
+-----------+------------------+------------------------------------------------+------------+
| TIMING-6  | Critical Warning | No common primary clock between related clocks | 2          |
| TIMING-7  | Critical Warning | No common node between related clocks          | 2          |
| TIMING-14 | Critical Warning | LUT on the clock tree                          | 1          |
| TIMING-17 | Critical Warning | Non-clocked sequential cell                    | 251        |
| LUTAR-1   | Warning          | LUT drives async reset alert                   | 2          |
| TIMING-9  | Warning          | Unknown CDC Logic                              | 1          |
| TIMING-18 | Warning          | Missing input or output delay                  | 50         |
| ULMTCS-1  | Warning          | Control Sets use limits recommend reduction    | 1          |
+-----------+------------------+------------------------------------------------+------------+

2. REPORT DETAILS
-----------------
TIMING-6#1 Critical Warning
No common primary clock between related clocks  
The clocks clk_fpga_0 and clk_fpga_1 are related (timed together) but they have no common primary clock. The design could fail in hardware. To find a timing path between these clocks, run the following command: report_timing -from [get_clocks clk_fpga_0] -to [get_clocks clk_fpga_1]
Related violations: <none>

TIMING-6#2 Critical Warning
No common primary clock between related clocks  
The clocks clk_fpga_1 and clk_fpga_0 are related (timed together) but they have no common primary clock. The design could fail in hardware. To find a timing path between these clocks, run the following command: report_timing -from [get_clocks clk_fpga_1] -to [get_clocks clk_fpga_0]
Related violations: <none>

TIMING-7#1 Critical Warning
No common node between related clocks  
The clocks clk_fpga_0 and clk_fpga_1 are related (timed together) but they have no common node. The design could fail in hardware. To find a timing path between these clocks, run the following command: report_timing -from [get_clocks clk_fpga_0] -to [get_clocks clk_fpga_1]
Related violations: <none>

TIMING-7#2 Critical Warning
No common node between related clocks  
The clocks clk_fpga_1 and clk_fpga_0 are related (timed together) but they have no common node. The design could fail in hardware. To find a timing path between these clocks, run the following command: report_timing -from [get_clocks clk_fpga_1] -to [get_clocks clk_fpga_0]
Related violations: <none>

TIMING-14#1 Critical Warning
LUT on the clock tree  
The LUT system_i/AC_8_channel_0/onoff_config_axi_0/inst/rd_serial_inst/rdserial_sclk_INST_0 has been found on the clock tree. Run opt_design to optimize the clock trees, then re-run report_methodology. If LUT(s) are still present in the clock trees, modify the RTL or the synthesis options accordingly to move the clock gating logic to dedicated clock enable resources. Keep in mind that post-opt_design database cannot be used for pin-planning tasks
Related violations: <none>

TIMING-17#1 Critical Warning
Non-clocked sequential cell  
The clock pin system_i/AC_8_channel_0/adda/adc_whole_0/inst/adc_axis_inst/ad7606_inst/FSM_onehot_state_reg[0]/C is not reached by a timing clock
Related violations: <none>

TIMING-17#2 Critical Warning
Non-clocked sequential cell  
The clock pin system_i/AC_8_channel_0/adda/adc_whole_0/inst/adc_axis_inst/ad7606_inst/FSM_onehot_state_reg[1]/C is not reached by a timing clock
Related violations: <none>

TIMING-17#3 Critical Warning
Non-clocked sequential cell  
The clock pin system_i/AC_8_channel_0/adda/adc_whole_0/inst/adc_axis_inst/ad7606_inst/FSM_onehot_state_reg[2]/C is not reached by a timing clock
Related violations: <none>

TIMING-17#4 Critical Warning
Non-clocked sequential cell  
The clock pin system_i/AC_8_channel_0/adda/adc_whole_0/inst/adc_axis_inst/ad7606_inst/FSM_onehot_state_reg[3]/C is not reached by a timing clock
Related violations: <none>

TIMING-17#5 Critical Warning
Non-clocked sequential cell  
The clock pin system_i/AC_8_channel_0/adda/adc_whole_0/inst/adc_axis_inst/ad7606_inst/FSM_onehot_state_reg[4]/C is not reached by a timing clock
Related violations: <none>

TIMING-17#6 Critical Warning
Non-clocked sequential cell  
The clock pin system_i/AC_8_channel_0/adda/adc_whole_0/inst/adc_axis_inst/ad7606_inst/count1_reg[0]/C is not reached by a timing clock
Related violations: <none>

TIMING-17#7 Critical Warning
Non-clocked sequential cell  
The clock pin system_i/AC_8_channel_0/adda/adc_whole_0/inst/adc_axis_inst/ad7606_inst/count1_reg[1]/C is not reached by a timing clock
Related violations: <none>

TIMING-17#8 Critical Warning
Non-clocked sequential cell  
The clock pin system_i/AC_8_channel_0/adda/adc_whole_0/inst/adc_axis_inst/ad7606_inst/count1_reg[2]/C is not reached by a timing clock
Related violations: <none>

TIMING-17#9 Critical Warning
Non-clocked sequential cell  
The clock pin system_i/AC_8_channel_0/adda/adc_whole_0/inst/adc_axis_inst/ad7606_inst/count1_reg[3]/C is not reached by a timing clock
Related violations: <none>

TIMING-17#10 Critical Warning
Non-clocked sequential cell  
The clock pin system_i/AC_8_channel_0/adda/adc_whole_0/inst/adc_axis_inst/ad7606_inst/count1_reg[4]/C is not reached by a timing clock
Related violations: <none>

TIMING-17#11 Critical Warning
Non-clocked sequential cell  
The clock pin system_i/AC_8_channel_0/adda/adc_whole_0/inst/adc_axis_inst/ad7606_inst/count1_reg[5]/C is not reached by a timing clock
Related violations: <none>

TIMING-17#12 Critical Warning
Non-clocked sequential cell  
The clock pin system_i/AC_8_channel_0/adda/adc_whole_0/inst/adc_axis_inst/ad7606_inst/count_end_reg/C is not reached by a timing clock
Related violations: <none>

TIMING-17#13 Critical Warning
Non-clocked sequential cell  
The clock pin system_i/AC_8_channel_0/adda/adc_whole_0/inst/adc_axis_inst/ad7606_inst/data_a_reg[0]/C is not reached by a timing clock
Related violations: <none>

TIMING-17#14 Critical Warning
Non-clocked sequential cell  
The clock pin system_i/AC_8_channel_0/adda/adc_whole_0/inst/adc_axis_inst/ad7606_inst/data_a_reg[10]/C is not reached by a timing clock
Related violations: <none>

TIMING-17#15 Critical Warning
Non-clocked sequential cell  
The clock pin system_i/AC_8_channel_0/adda/adc_whole_0/inst/adc_axis_inst/ad7606_inst/data_a_reg[11]/C is not reached by a timing clock
Related violations: <none>

TIMING-17#16 Critical Warning
Non-clocked sequential cell  
The clock pin system_i/AC_8_channel_0/adda/adc_whole_0/inst/adc_axis_inst/ad7606_inst/data_a_reg[12]/C is not reached by a timing clock
Related violations: <none>

TIMING-17#17 Critical Warning
Non-clocked sequential cell  
The clock pin system_i/AC_8_channel_0/adda/adc_whole_0/inst/adc_axis_inst/ad7606_inst/data_a_reg[13]/C is not reached by a timing clock
Related violations: <none>

TIMING-17#18 Critical Warning
Non-clocked sequential cell  
The clock pin system_i/AC_8_channel_0/adda/adc_whole_0/inst/adc_axis_inst/ad7606_inst/data_a_reg[14]/C is not reached by a timing clock
Related violations: <none>

TIMING-17#19 Critical Warning
Non-clocked sequential cell  
The clock pin system_i/AC_8_channel_0/adda/adc_whole_0/inst/adc_axis_inst/ad7606_inst/data_a_reg[15]/C is not reached by a timing clock
Related violations: <none>

TIMING-17#20 Critical Warning
Non-clocked sequential cell  
The clock pin system_i/AC_8_channel_0/adda/adc_whole_0/inst/adc_axis_inst/ad7606_inst/data_a_reg[16]/C is not reached by a timing clock
Related violations: <none>

TIMING-17#21 Critical Warning
Non-clocked sequential cell  
The clock pin system_i/AC_8_channel_0/adda/adc_whole_0/inst/adc_axis_inst/ad7606_inst/data_a_reg[17]/C is not reached by a timing clock
Related violations: <none>

TIMING-17#22 Critical Warning
Non-clocked sequential cell  
The clock pin system_i/AC_8_channel_0/adda/adc_whole_0/inst/adc_axis_inst/ad7606_inst/data_a_reg[18]/C is not reached by a timing clock
Related violations: <none>

TIMING-17#23 Critical Warning
Non-clocked sequential cell  
The clock pin system_i/AC_8_channel_0/adda/adc_whole_0/inst/adc_axis_inst/ad7606_inst/data_a_reg[19]/C is not reached by a timing clock
Related violations: <none>

TIMING-17#24 Critical Warning
Non-clocked sequential cell  
The clock pin system_i/AC_8_channel_0/adda/adc_whole_0/inst/adc_axis_inst/ad7606_inst/data_a_reg[1]/C is not reached by a timing clock
Related violations: <none>

TIMING-17#25 Critical Warning
Non-clocked sequential cell  
The clock pin system_i/AC_8_channel_0/adda/adc_whole_0/inst/adc_axis_inst/ad7606_inst/data_a_reg[20]/C is not reached by a timing clock
Related violations: <none>

TIMING-17#26 Critical Warning
Non-clocked sequential cell  
The clock pin system_i/AC_8_channel_0/adda/adc_whole_0/inst/adc_axis_inst/ad7606_inst/data_a_reg[21]/C is not reached by a timing clock
Related violations: <none>

TIMING-17#27 Critical Warning
Non-clocked sequential cell  
The clock pin system_i/AC_8_channel_0/adda/adc_whole_0/inst/adc_axis_inst/ad7606_inst/data_a_reg[22]/C is not reached by a timing clock
Related violations: <none>

TIMING-17#28 Critical Warning
Non-clocked sequential cell  
The clock pin system_i/AC_8_channel_0/adda/adc_whole_0/inst/adc_axis_inst/ad7606_inst/data_a_reg[23]/C is not reached by a timing clock
Related violations: <none>

TIMING-17#29 Critical Warning
Non-clocked sequential cell  
The clock pin system_i/AC_8_channel_0/adda/adc_whole_0/inst/adc_axis_inst/ad7606_inst/data_a_reg[24]/C is not reached by a timing clock
Related violations: <none>

TIMING-17#30 Critical Warning
Non-clocked sequential cell  
The clock pin system_i/AC_8_channel_0/adda/adc_whole_0/inst/adc_axis_inst/ad7606_inst/data_a_reg[25]/C is not reached by a timing clock
Related violations: <none>

TIMING-17#31 Critical Warning
Non-clocked sequential cell  
The clock pin system_i/AC_8_channel_0/adda/adc_whole_0/inst/adc_axis_inst/ad7606_inst/data_a_reg[26]/C is not reached by a timing clock
Related violations: <none>

TIMING-17#32 Critical Warning
Non-clocked sequential cell  
The clock pin system_i/AC_8_channel_0/adda/adc_whole_0/inst/adc_axis_inst/ad7606_inst/data_a_reg[27]/C is not reached by a timing clock
Related violations: <none>

TIMING-17#33 Critical Warning
Non-clocked sequential cell  
The clock pin system_i/AC_8_channel_0/adda/adc_whole_0/inst/adc_axis_inst/ad7606_inst/data_a_reg[28]/C is not reached by a timing clock
Related violations: <none>

TIMING-17#34 Critical Warning
Non-clocked sequential cell  
The clock pin system_i/AC_8_channel_0/adda/adc_whole_0/inst/adc_axis_inst/ad7606_inst/data_a_reg[29]/C is not reached by a timing clock
Related violations: <none>

TIMING-17#35 Critical Warning
Non-clocked sequential cell  
The clock pin system_i/AC_8_channel_0/adda/adc_whole_0/inst/adc_axis_inst/ad7606_inst/data_a_reg[2]/C is not reached by a timing clock
Related violations: <none>

TIMING-17#36 Critical Warning
Non-clocked sequential cell  
The clock pin system_i/AC_8_channel_0/adda/adc_whole_0/inst/adc_axis_inst/ad7606_inst/data_a_reg[30]/C is not reached by a timing clock
Related violations: <none>

TIMING-17#37 Critical Warning
Non-clocked sequential cell  
The clock pin system_i/AC_8_channel_0/adda/adc_whole_0/inst/adc_axis_inst/ad7606_inst/data_a_reg[31]/C is not reached by a timing clock
Related violations: <none>

TIMING-17#38 Critical Warning
Non-clocked sequential cell  
The clock pin system_i/AC_8_channel_0/adda/adc_whole_0/inst/adc_axis_inst/ad7606_inst/data_a_reg[32]/C is not reached by a timing clock
Related violations: <none>

TIMING-17#39 Critical Warning
Non-clocked sequential cell  
The clock pin system_i/AC_8_channel_0/adda/adc_whole_0/inst/adc_axis_inst/ad7606_inst/data_a_reg[33]/C is not reached by a timing clock
Related violations: <none>

TIMING-17#40 Critical Warning
Non-clocked sequential cell  
The clock pin system_i/AC_8_channel_0/adda/adc_whole_0/inst/adc_axis_inst/ad7606_inst/data_a_reg[34]/C is not reached by a timing clock
Related violations: <none>

TIMING-17#41 Critical Warning
Non-clocked sequential cell  
The clock pin system_i/AC_8_channel_0/adda/adc_whole_0/inst/adc_axis_inst/ad7606_inst/data_a_reg[35]/C is not reached by a timing clock
Related violations: <none>

TIMING-17#42 Critical Warning
Non-clocked sequential cell  
The clock pin system_i/AC_8_channel_0/adda/adc_whole_0/inst/adc_axis_inst/ad7606_inst/data_a_reg[36]/C is not reached by a timing clock
Related violations: <none>

TIMING-17#43 Critical Warning
Non-clocked sequential cell  
The clock pin system_i/AC_8_channel_0/adda/adc_whole_0/inst/adc_axis_inst/ad7606_inst/data_a_reg[37]/C is not reached by a timing clock
Related violations: <none>

TIMING-17#44 Critical Warning
Non-clocked sequential cell  
The clock pin system_i/AC_8_channel_0/adda/adc_whole_0/inst/adc_axis_inst/ad7606_inst/data_a_reg[38]/C is not reached by a timing clock
Related violations: <none>

TIMING-17#45 Critical Warning
Non-clocked sequential cell  
The clock pin system_i/AC_8_channel_0/adda/adc_whole_0/inst/adc_axis_inst/ad7606_inst/data_a_reg[39]/C is not reached by a timing clock
Related violations: <none>

TIMING-17#46 Critical Warning
Non-clocked sequential cell  
The clock pin system_i/AC_8_channel_0/adda/adc_whole_0/inst/adc_axis_inst/ad7606_inst/data_a_reg[3]/C is not reached by a timing clock
Related violations: <none>

TIMING-17#47 Critical Warning
Non-clocked sequential cell  
The clock pin system_i/AC_8_channel_0/adda/adc_whole_0/inst/adc_axis_inst/ad7606_inst/data_a_reg[40]/C is not reached by a timing clock
Related violations: <none>

TIMING-17#48 Critical Warning
Non-clocked sequential cell  
The clock pin system_i/AC_8_channel_0/adda/adc_whole_0/inst/adc_axis_inst/ad7606_inst/data_a_reg[41]/C is not reached by a timing clock
Related violations: <none>

TIMING-17#49 Critical Warning
Non-clocked sequential cell  
The clock pin system_i/AC_8_channel_0/adda/adc_whole_0/inst/adc_axis_inst/ad7606_inst/data_a_reg[42]/C is not reached by a timing clock
Related violations: <none>

TIMING-17#50 Critical Warning
Non-clocked sequential cell  
The clock pin system_i/AC_8_channel_0/adda/adc_whole_0/inst/adc_axis_inst/ad7606_inst/data_a_reg[43]/C is not reached by a timing clock
Related violations: <none>

TIMING-17#51 Critical Warning
Non-clocked sequential cell  
The clock pin system_i/AC_8_channel_0/adda/adc_whole_0/inst/adc_axis_inst/ad7606_inst/data_a_reg[44]/C is not reached by a timing clock
Related violations: <none>

TIMING-17#52 Critical Warning
Non-clocked sequential cell  
The clock pin system_i/AC_8_channel_0/adda/adc_whole_0/inst/adc_axis_inst/ad7606_inst/data_a_reg[45]/C is not reached by a timing clock
Related violations: <none>

TIMING-17#53 Critical Warning
Non-clocked sequential cell  
The clock pin system_i/AC_8_channel_0/adda/adc_whole_0/inst/adc_axis_inst/ad7606_inst/data_a_reg[46]/C is not reached by a timing clock
Related violations: <none>

TIMING-17#54 Critical Warning
Non-clocked sequential cell  
The clock pin system_i/AC_8_channel_0/adda/adc_whole_0/inst/adc_axis_inst/ad7606_inst/data_a_reg[47]/C is not reached by a timing clock
Related violations: <none>

TIMING-17#55 Critical Warning
Non-clocked sequential cell  
The clock pin system_i/AC_8_channel_0/adda/adc_whole_0/inst/adc_axis_inst/ad7606_inst/data_a_reg[48]/C is not reached by a timing clock
Related violations: <none>

TIMING-17#56 Critical Warning
Non-clocked sequential cell  
The clock pin system_i/AC_8_channel_0/adda/adc_whole_0/inst/adc_axis_inst/ad7606_inst/data_a_reg[49]/C is not reached by a timing clock
Related violations: <none>

TIMING-17#57 Critical Warning
Non-clocked sequential cell  
The clock pin system_i/AC_8_channel_0/adda/adc_whole_0/inst/adc_axis_inst/ad7606_inst/data_a_reg[4]/C is not reached by a timing clock
Related violations: <none>

TIMING-17#58 Critical Warning
Non-clocked sequential cell  
The clock pin system_i/AC_8_channel_0/adda/adc_whole_0/inst/adc_axis_inst/ad7606_inst/data_a_reg[50]/C is not reached by a timing clock
Related violations: <none>

TIMING-17#59 Critical Warning
Non-clocked sequential cell  
The clock pin system_i/AC_8_channel_0/adda/adc_whole_0/inst/adc_axis_inst/ad7606_inst/data_a_reg[51]/C is not reached by a timing clock
Related violations: <none>

TIMING-17#60 Critical Warning
Non-clocked sequential cell  
The clock pin system_i/AC_8_channel_0/adda/adc_whole_0/inst/adc_axis_inst/ad7606_inst/data_a_reg[52]/C is not reached by a timing clock
Related violations: <none>

TIMING-17#61 Critical Warning
Non-clocked sequential cell  
The clock pin system_i/AC_8_channel_0/adda/adc_whole_0/inst/adc_axis_inst/ad7606_inst/data_a_reg[53]/C is not reached by a timing clock
Related violations: <none>

TIMING-17#62 Critical Warning
Non-clocked sequential cell  
The clock pin system_i/AC_8_channel_0/adda/adc_whole_0/inst/adc_axis_inst/ad7606_inst/data_a_reg[54]/C is not reached by a timing clock
Related violations: <none>

TIMING-17#63 Critical Warning
Non-clocked sequential cell  
The clock pin system_i/AC_8_channel_0/adda/adc_whole_0/inst/adc_axis_inst/ad7606_inst/data_a_reg[55]/C is not reached by a timing clock
Related violations: <none>

TIMING-17#64 Critical Warning
Non-clocked sequential cell  
The clock pin system_i/AC_8_channel_0/adda/adc_whole_0/inst/adc_axis_inst/ad7606_inst/data_a_reg[56]/C is not reached by a timing clock
Related violations: <none>

TIMING-17#65 Critical Warning
Non-clocked sequential cell  
The clock pin system_i/AC_8_channel_0/adda/adc_whole_0/inst/adc_axis_inst/ad7606_inst/data_a_reg[57]/C is not reached by a timing clock
Related violations: <none>

TIMING-17#66 Critical Warning
Non-clocked sequential cell  
The clock pin system_i/AC_8_channel_0/adda/adc_whole_0/inst/adc_axis_inst/ad7606_inst/data_a_reg[58]/C is not reached by a timing clock
Related violations: <none>

TIMING-17#67 Critical Warning
Non-clocked sequential cell  
The clock pin system_i/AC_8_channel_0/adda/adc_whole_0/inst/adc_axis_inst/ad7606_inst/data_a_reg[59]/C is not reached by a timing clock
Related violations: <none>

TIMING-17#68 Critical Warning
Non-clocked sequential cell  
The clock pin system_i/AC_8_channel_0/adda/adc_whole_0/inst/adc_axis_inst/ad7606_inst/data_a_reg[5]/C is not reached by a timing clock
Related violations: <none>

TIMING-17#69 Critical Warning
Non-clocked sequential cell  
The clock pin system_i/AC_8_channel_0/adda/adc_whole_0/inst/adc_axis_inst/ad7606_inst/data_a_reg[60]/C is not reached by a timing clock
Related violations: <none>

TIMING-17#70 Critical Warning
Non-clocked sequential cell  
The clock pin system_i/AC_8_channel_0/adda/adc_whole_0/inst/adc_axis_inst/ad7606_inst/data_a_reg[61]/C is not reached by a timing clock
Related violations: <none>

TIMING-17#71 Critical Warning
Non-clocked sequential cell  
The clock pin system_i/AC_8_channel_0/adda/adc_whole_0/inst/adc_axis_inst/ad7606_inst/data_a_reg[62]/C is not reached by a timing clock
Related violations: <none>

TIMING-17#72 Critical Warning
Non-clocked sequential cell  
The clock pin system_i/AC_8_channel_0/adda/adc_whole_0/inst/adc_axis_inst/ad7606_inst/data_a_reg[63]/C is not reached by a timing clock
Related violations: <none>

TIMING-17#73 Critical Warning
Non-clocked sequential cell  
The clock pin system_i/AC_8_channel_0/adda/adc_whole_0/inst/adc_axis_inst/ad7606_inst/data_a_reg[6]/C is not reached by a timing clock
Related violations: <none>

TIMING-17#74 Critical Warning
Non-clocked sequential cell  
The clock pin system_i/AC_8_channel_0/adda/adc_whole_0/inst/adc_axis_inst/ad7606_inst/data_a_reg[7]/C is not reached by a timing clock
Related violations: <none>

TIMING-17#75 Critical Warning
Non-clocked sequential cell  
The clock pin system_i/AC_8_channel_0/adda/adc_whole_0/inst/adc_axis_inst/ad7606_inst/data_a_reg[8]/C is not reached by a timing clock
Related violations: <none>

TIMING-17#76 Critical Warning
Non-clocked sequential cell  
The clock pin system_i/AC_8_channel_0/adda/adc_whole_0/inst/adc_axis_inst/ad7606_inst/data_a_reg[9]/C is not reached by a timing clock
Related violations: <none>

TIMING-17#77 Critical Warning
Non-clocked sequential cell  
The clock pin system_i/AC_8_channel_0/adda/adc_whole_0/inst/adc_axis_inst/ad7606_inst/data_b_reg[0]/C is not reached by a timing clock
Related violations: <none>

TIMING-17#78 Critical Warning
Non-clocked sequential cell  
The clock pin system_i/AC_8_channel_0/adda/adc_whole_0/inst/adc_axis_inst/ad7606_inst/data_b_reg[10]/C is not reached by a timing clock
Related violations: <none>

TIMING-17#79 Critical Warning
Non-clocked sequential cell  
The clock pin system_i/AC_8_channel_0/adda/adc_whole_0/inst/adc_axis_inst/ad7606_inst/data_b_reg[11]/C is not reached by a timing clock
Related violations: <none>

TIMING-17#80 Critical Warning
Non-clocked sequential cell  
The clock pin system_i/AC_8_channel_0/adda/adc_whole_0/inst/adc_axis_inst/ad7606_inst/data_b_reg[12]/C is not reached by a timing clock
Related violations: <none>

TIMING-17#81 Critical Warning
Non-clocked sequential cell  
The clock pin system_i/AC_8_channel_0/adda/adc_whole_0/inst/adc_axis_inst/ad7606_inst/data_b_reg[13]/C is not reached by a timing clock
Related violations: <none>

TIMING-17#82 Critical Warning
Non-clocked sequential cell  
The clock pin system_i/AC_8_channel_0/adda/adc_whole_0/inst/adc_axis_inst/ad7606_inst/data_b_reg[14]/C is not reached by a timing clock
Related violations: <none>

TIMING-17#83 Critical Warning
Non-clocked sequential cell  
The clock pin system_i/AC_8_channel_0/adda/adc_whole_0/inst/adc_axis_inst/ad7606_inst/data_b_reg[15]/C is not reached by a timing clock
Related violations: <none>

TIMING-17#84 Critical Warning
Non-clocked sequential cell  
The clock pin system_i/AC_8_channel_0/adda/adc_whole_0/inst/adc_axis_inst/ad7606_inst/data_b_reg[16]/C is not reached by a timing clock
Related violations: <none>

TIMING-17#85 Critical Warning
Non-clocked sequential cell  
The clock pin system_i/AC_8_channel_0/adda/adc_whole_0/inst/adc_axis_inst/ad7606_inst/data_b_reg[17]/C is not reached by a timing clock
Related violations: <none>

TIMING-17#86 Critical Warning
Non-clocked sequential cell  
The clock pin system_i/AC_8_channel_0/adda/adc_whole_0/inst/adc_axis_inst/ad7606_inst/data_b_reg[18]/C is not reached by a timing clock
Related violations: <none>

TIMING-17#87 Critical Warning
Non-clocked sequential cell  
The clock pin system_i/AC_8_channel_0/adda/adc_whole_0/inst/adc_axis_inst/ad7606_inst/data_b_reg[19]/C is not reached by a timing clock
Related violations: <none>

TIMING-17#88 Critical Warning
Non-clocked sequential cell  
The clock pin system_i/AC_8_channel_0/adda/adc_whole_0/inst/adc_axis_inst/ad7606_inst/data_b_reg[1]/C is not reached by a timing clock
Related violations: <none>

TIMING-17#89 Critical Warning
Non-clocked sequential cell  
The clock pin system_i/AC_8_channel_0/adda/adc_whole_0/inst/adc_axis_inst/ad7606_inst/data_b_reg[20]/C is not reached by a timing clock
Related violations: <none>

TIMING-17#90 Critical Warning
Non-clocked sequential cell  
The clock pin system_i/AC_8_channel_0/adda/adc_whole_0/inst/adc_axis_inst/ad7606_inst/data_b_reg[21]/C is not reached by a timing clock
Related violations: <none>

TIMING-17#91 Critical Warning
Non-clocked sequential cell  
The clock pin system_i/AC_8_channel_0/adda/adc_whole_0/inst/adc_axis_inst/ad7606_inst/data_b_reg[22]/C is not reached by a timing clock
Related violations: <none>

TIMING-17#92 Critical Warning
Non-clocked sequential cell  
The clock pin system_i/AC_8_channel_0/adda/adc_whole_0/inst/adc_axis_inst/ad7606_inst/data_b_reg[23]/C is not reached by a timing clock
Related violations: <none>

TIMING-17#93 Critical Warning
Non-clocked sequential cell  
The clock pin system_i/AC_8_channel_0/adda/adc_whole_0/inst/adc_axis_inst/ad7606_inst/data_b_reg[24]/C is not reached by a timing clock
Related violations: <none>

TIMING-17#94 Critical Warning
Non-clocked sequential cell  
The clock pin system_i/AC_8_channel_0/adda/adc_whole_0/inst/adc_axis_inst/ad7606_inst/data_b_reg[25]/C is not reached by a timing clock
Related violations: <none>

TIMING-17#95 Critical Warning
Non-clocked sequential cell  
The clock pin system_i/AC_8_channel_0/adda/adc_whole_0/inst/adc_axis_inst/ad7606_inst/data_b_reg[26]/C is not reached by a timing clock
Related violations: <none>

TIMING-17#96 Critical Warning
Non-clocked sequential cell  
The clock pin system_i/AC_8_channel_0/adda/adc_whole_0/inst/adc_axis_inst/ad7606_inst/data_b_reg[27]/C is not reached by a timing clock
Related violations: <none>

TIMING-17#97 Critical Warning
Non-clocked sequential cell  
The clock pin system_i/AC_8_channel_0/adda/adc_whole_0/inst/adc_axis_inst/ad7606_inst/data_b_reg[28]/C is not reached by a timing clock
Related violations: <none>

TIMING-17#98 Critical Warning
Non-clocked sequential cell  
The clock pin system_i/AC_8_channel_0/adda/adc_whole_0/inst/adc_axis_inst/ad7606_inst/data_b_reg[29]/C is not reached by a timing clock
Related violations: <none>

TIMING-17#99 Critical Warning
Non-clocked sequential cell  
The clock pin system_i/AC_8_channel_0/adda/adc_whole_0/inst/adc_axis_inst/ad7606_inst/data_b_reg[2]/C is not reached by a timing clock
Related violations: <none>

TIMING-17#100 Critical Warning
Non-clocked sequential cell  
The clock pin system_i/AC_8_channel_0/adda/adc_whole_0/inst/adc_axis_inst/ad7606_inst/data_b_reg[30]/C is not reached by a timing clock
Related violations: <none>

TIMING-17#101 Critical Warning
Non-clocked sequential cell  
The clock pin system_i/AC_8_channel_0/adda/adc_whole_0/inst/adc_axis_inst/ad7606_inst/data_b_reg[31]/C is not reached by a timing clock
Related violations: <none>

TIMING-17#102 Critical Warning
Non-clocked sequential cell  
The clock pin system_i/AC_8_channel_0/adda/adc_whole_0/inst/adc_axis_inst/ad7606_inst/data_b_reg[32]/C is not reached by a timing clock
Related violations: <none>

TIMING-17#103 Critical Warning
Non-clocked sequential cell  
The clock pin system_i/AC_8_channel_0/adda/adc_whole_0/inst/adc_axis_inst/ad7606_inst/data_b_reg[33]/C is not reached by a timing clock
Related violations: <none>

TIMING-17#104 Critical Warning
Non-clocked sequential cell  
The clock pin system_i/AC_8_channel_0/adda/adc_whole_0/inst/adc_axis_inst/ad7606_inst/data_b_reg[34]/C is not reached by a timing clock
Related violations: <none>

TIMING-17#105 Critical Warning
Non-clocked sequential cell  
The clock pin system_i/AC_8_channel_0/adda/adc_whole_0/inst/adc_axis_inst/ad7606_inst/data_b_reg[35]/C is not reached by a timing clock
Related violations: <none>

TIMING-17#106 Critical Warning
Non-clocked sequential cell  
The clock pin system_i/AC_8_channel_0/adda/adc_whole_0/inst/adc_axis_inst/ad7606_inst/data_b_reg[36]/C is not reached by a timing clock
Related violations: <none>

TIMING-17#107 Critical Warning
Non-clocked sequential cell  
The clock pin system_i/AC_8_channel_0/adda/adc_whole_0/inst/adc_axis_inst/ad7606_inst/data_b_reg[37]/C is not reached by a timing clock
Related violations: <none>

TIMING-17#108 Critical Warning
Non-clocked sequential cell  
The clock pin system_i/AC_8_channel_0/adda/adc_whole_0/inst/adc_axis_inst/ad7606_inst/data_b_reg[38]/C is not reached by a timing clock
Related violations: <none>

TIMING-17#109 Critical Warning
Non-clocked sequential cell  
The clock pin system_i/AC_8_channel_0/adda/adc_whole_0/inst/adc_axis_inst/ad7606_inst/data_b_reg[39]/C is not reached by a timing clock
Related violations: <none>

TIMING-17#110 Critical Warning
Non-clocked sequential cell  
The clock pin system_i/AC_8_channel_0/adda/adc_whole_0/inst/adc_axis_inst/ad7606_inst/data_b_reg[3]/C is not reached by a timing clock
Related violations: <none>

TIMING-17#111 Critical Warning
Non-clocked sequential cell  
The clock pin system_i/AC_8_channel_0/adda/adc_whole_0/inst/adc_axis_inst/ad7606_inst/data_b_reg[40]/C is not reached by a timing clock
Related violations: <none>

TIMING-17#112 Critical Warning
Non-clocked sequential cell  
The clock pin system_i/AC_8_channel_0/adda/adc_whole_0/inst/adc_axis_inst/ad7606_inst/data_b_reg[41]/C is not reached by a timing clock
Related violations: <none>

TIMING-17#113 Critical Warning
Non-clocked sequential cell  
The clock pin system_i/AC_8_channel_0/adda/adc_whole_0/inst/adc_axis_inst/ad7606_inst/data_b_reg[42]/C is not reached by a timing clock
Related violations: <none>

TIMING-17#114 Critical Warning
Non-clocked sequential cell  
The clock pin system_i/AC_8_channel_0/adda/adc_whole_0/inst/adc_axis_inst/ad7606_inst/data_b_reg[43]/C is not reached by a timing clock
Related violations: <none>

TIMING-17#115 Critical Warning
Non-clocked sequential cell  
The clock pin system_i/AC_8_channel_0/adda/adc_whole_0/inst/adc_axis_inst/ad7606_inst/data_b_reg[44]/C is not reached by a timing clock
Related violations: <none>

TIMING-17#116 Critical Warning
Non-clocked sequential cell  
The clock pin system_i/AC_8_channel_0/adda/adc_whole_0/inst/adc_axis_inst/ad7606_inst/data_b_reg[45]/C is not reached by a timing clock
Related violations: <none>

TIMING-17#117 Critical Warning
Non-clocked sequential cell  
The clock pin system_i/AC_8_channel_0/adda/adc_whole_0/inst/adc_axis_inst/ad7606_inst/data_b_reg[46]/C is not reached by a timing clock
Related violations: <none>

TIMING-17#118 Critical Warning
Non-clocked sequential cell  
The clock pin system_i/AC_8_channel_0/adda/adc_whole_0/inst/adc_axis_inst/ad7606_inst/data_b_reg[47]/C is not reached by a timing clock
Related violations: <none>

TIMING-17#119 Critical Warning
Non-clocked sequential cell  
The clock pin system_i/AC_8_channel_0/adda/adc_whole_0/inst/adc_axis_inst/ad7606_inst/data_b_reg[48]/C is not reached by a timing clock
Related violations: <none>

TIMING-17#120 Critical Warning
Non-clocked sequential cell  
The clock pin system_i/AC_8_channel_0/adda/adc_whole_0/inst/adc_axis_inst/ad7606_inst/data_b_reg[49]/C is not reached by a timing clock
Related violations: <none>

TIMING-17#121 Critical Warning
Non-clocked sequential cell  
The clock pin system_i/AC_8_channel_0/adda/adc_whole_0/inst/adc_axis_inst/ad7606_inst/data_b_reg[4]/C is not reached by a timing clock
Related violations: <none>

TIMING-17#122 Critical Warning
Non-clocked sequential cell  
The clock pin system_i/AC_8_channel_0/adda/adc_whole_0/inst/adc_axis_inst/ad7606_inst/data_b_reg[50]/C is not reached by a timing clock
Related violations: <none>

TIMING-17#123 Critical Warning
Non-clocked sequential cell  
The clock pin system_i/AC_8_channel_0/adda/adc_whole_0/inst/adc_axis_inst/ad7606_inst/data_b_reg[51]/C is not reached by a timing clock
Related violations: <none>

TIMING-17#124 Critical Warning
Non-clocked sequential cell  
The clock pin system_i/AC_8_channel_0/adda/adc_whole_0/inst/adc_axis_inst/ad7606_inst/data_b_reg[52]/C is not reached by a timing clock
Related violations: <none>

TIMING-17#125 Critical Warning
Non-clocked sequential cell  
The clock pin system_i/AC_8_channel_0/adda/adc_whole_0/inst/adc_axis_inst/ad7606_inst/data_b_reg[53]/C is not reached by a timing clock
Related violations: <none>

TIMING-17#126 Critical Warning
Non-clocked sequential cell  
The clock pin system_i/AC_8_channel_0/adda/adc_whole_0/inst/adc_axis_inst/ad7606_inst/data_b_reg[54]/C is not reached by a timing clock
Related violations: <none>

TIMING-17#127 Critical Warning
Non-clocked sequential cell  
The clock pin system_i/AC_8_channel_0/adda/adc_whole_0/inst/adc_axis_inst/ad7606_inst/data_b_reg[55]/C is not reached by a timing clock
Related violations: <none>

TIMING-17#128 Critical Warning
Non-clocked sequential cell  
The clock pin system_i/AC_8_channel_0/adda/adc_whole_0/inst/adc_axis_inst/ad7606_inst/data_b_reg[56]/C is not reached by a timing clock
Related violations: <none>

TIMING-17#129 Critical Warning
Non-clocked sequential cell  
The clock pin system_i/AC_8_channel_0/adda/adc_whole_0/inst/adc_axis_inst/ad7606_inst/data_b_reg[57]/C is not reached by a timing clock
Related violations: <none>

TIMING-17#130 Critical Warning
Non-clocked sequential cell  
The clock pin system_i/AC_8_channel_0/adda/adc_whole_0/inst/adc_axis_inst/ad7606_inst/data_b_reg[58]/C is not reached by a timing clock
Related violations: <none>

TIMING-17#131 Critical Warning
Non-clocked sequential cell  
The clock pin system_i/AC_8_channel_0/adda/adc_whole_0/inst/adc_axis_inst/ad7606_inst/data_b_reg[59]/C is not reached by a timing clock
Related violations: <none>

TIMING-17#132 Critical Warning
Non-clocked sequential cell  
The clock pin system_i/AC_8_channel_0/adda/adc_whole_0/inst/adc_axis_inst/ad7606_inst/data_b_reg[5]/C is not reached by a timing clock
Related violations: <none>

TIMING-17#133 Critical Warning
Non-clocked sequential cell  
The clock pin system_i/AC_8_channel_0/adda/adc_whole_0/inst/adc_axis_inst/ad7606_inst/data_b_reg[60]/C is not reached by a timing clock
Related violations: <none>

TIMING-17#134 Critical Warning
Non-clocked sequential cell  
The clock pin system_i/AC_8_channel_0/adda/adc_whole_0/inst/adc_axis_inst/ad7606_inst/data_b_reg[61]/C is not reached by a timing clock
Related violations: <none>

TIMING-17#135 Critical Warning
Non-clocked sequential cell  
The clock pin system_i/AC_8_channel_0/adda/adc_whole_0/inst/adc_axis_inst/ad7606_inst/data_b_reg[62]/C is not reached by a timing clock
Related violations: <none>

TIMING-17#136 Critical Warning
Non-clocked sequential cell  
The clock pin system_i/AC_8_channel_0/adda/adc_whole_0/inst/adc_axis_inst/ad7606_inst/data_b_reg[63]/C is not reached by a timing clock
Related violations: <none>

TIMING-17#137 Critical Warning
Non-clocked sequential cell  
The clock pin system_i/AC_8_channel_0/adda/adc_whole_0/inst/adc_axis_inst/ad7606_inst/data_b_reg[6]/C is not reached by a timing clock
Related violations: <none>

TIMING-17#138 Critical Warning
Non-clocked sequential cell  
The clock pin system_i/AC_8_channel_0/adda/adc_whole_0/inst/adc_axis_inst/ad7606_inst/data_b_reg[7]/C is not reached by a timing clock
Related violations: <none>

TIMING-17#139 Critical Warning
Non-clocked sequential cell  
The clock pin system_i/AC_8_channel_0/adda/adc_whole_0/inst/adc_axis_inst/ad7606_inst/data_b_reg[8]/C is not reached by a timing clock
Related violations: <none>

TIMING-17#140 Critical Warning
Non-clocked sequential cell  
The clock pin system_i/AC_8_channel_0/adda/adc_whole_0/inst/adc_axis_inst/ad7606_inst/data_b_reg[9]/C is not reached by a timing clock
Related violations: <none>

TIMING-17#141 Critical Warning
Non-clocked sequential cell  
The clock pin system_i/AC_8_channel_0/adda/adc_whole_0/inst/adc_axis_inst/ad7606_inst/rd_en_reg/C is not reached by a timing clock
Related violations: <none>

TIMING-17#142 Critical Warning
Non-clocked sequential cell  
The clock pin system_i/AC_8_channel_0/adda/adc_whole_0/inst/adc_axis_inst/ad7606_inst/yad_cs_reg/C is not reached by a timing clock
Related violations: <none>

TIMING-17#143 Critical Warning
Non-clocked sequential cell  
The clock pin system_i/AC_8_channel_0/adda/adc_whole_0/inst/adc_axis_inst/ad7606_inst/yad_cvn_reg/C is not reached by a timing clock
Related violations: <none>

TIMING-17#144 Critical Warning
Non-clocked sequential cell  
The clock pin system_i/AC_8_channel_0/onoff_config_axi_0/inst/onoff_inst/cs_reg/C is not reached by a timing clock
Related violations: <none>

TIMING-17#145 Critical Warning
Non-clocked sequential cell  
The clock pin system_i/AC_8_channel_0/onoff_config_axi_0/inst/onoff_inst/databits_cnt_reg[0]/C is not reached by a timing clock
Related violations: <none>

TIMING-17#146 Critical Warning
Non-clocked sequential cell  
The clock pin system_i/AC_8_channel_0/onoff_config_axi_0/inst/onoff_inst/databits_cnt_reg[1]/C is not reached by a timing clock
Related violations: <none>

TIMING-17#147 Critical Warning
Non-clocked sequential cell  
The clock pin system_i/AC_8_channel_0/onoff_config_axi_0/inst/onoff_inst/databits_cnt_reg[2]/C is not reached by a timing clock
Related violations: <none>

TIMING-17#148 Critical Warning
Non-clocked sequential cell  
The clock pin system_i/AC_8_channel_0/onoff_config_axi_0/inst/onoff_inst/databits_cnt_reg[3]/C is not reached by a timing clock
Related violations: <none>

TIMING-17#149 Critical Warning
Non-clocked sequential cell  
The clock pin system_i/AC_8_channel_0/onoff_config_axi_0/inst/onoff_inst/databits_cnt_reg[4]/C is not reached by a timing clock
Related violations: <none>

TIMING-17#150 Critical Warning
Non-clocked sequential cell  
The clock pin system_i/AC_8_channel_0/onoff_config_axi_0/inst/onoff_inst/databits_cnt_reg[5]/C is not reached by a timing clock
Related violations: <none>

TIMING-17#151 Critical Warning
Non-clocked sequential cell  
The clock pin system_i/AC_8_channel_0/onoff_config_axi_0/inst/onoff_inst/datain_reg_reg[0]/C is not reached by a timing clock
Related violations: <none>

TIMING-17#152 Critical Warning
Non-clocked sequential cell  
The clock pin system_i/AC_8_channel_0/onoff_config_axi_0/inst/onoff_inst/datain_reg_reg[10]/C is not reached by a timing clock
Related violations: <none>

TIMING-17#153 Critical Warning
Non-clocked sequential cell  
The clock pin system_i/AC_8_channel_0/onoff_config_axi_0/inst/onoff_inst/datain_reg_reg[11]/C is not reached by a timing clock
Related violations: <none>

TIMING-17#154 Critical Warning
Non-clocked sequential cell  
The clock pin system_i/AC_8_channel_0/onoff_config_axi_0/inst/onoff_inst/datain_reg_reg[12]/C is not reached by a timing clock
Related violations: <none>

TIMING-17#155 Critical Warning
Non-clocked sequential cell  
The clock pin system_i/AC_8_channel_0/onoff_config_axi_0/inst/onoff_inst/datain_reg_reg[13]/C is not reached by a timing clock
Related violations: <none>

TIMING-17#156 Critical Warning
Non-clocked sequential cell  
The clock pin system_i/AC_8_channel_0/onoff_config_axi_0/inst/onoff_inst/datain_reg_reg[14]/C is not reached by a timing clock
Related violations: <none>

TIMING-17#157 Critical Warning
Non-clocked sequential cell  
The clock pin system_i/AC_8_channel_0/onoff_config_axi_0/inst/onoff_inst/datain_reg_reg[15]/C is not reached by a timing clock
Related violations: <none>

TIMING-17#158 Critical Warning
Non-clocked sequential cell  
The clock pin system_i/AC_8_channel_0/onoff_config_axi_0/inst/onoff_inst/datain_reg_reg[16]/C is not reached by a timing clock
Related violations: <none>

TIMING-17#159 Critical Warning
Non-clocked sequential cell  
The clock pin system_i/AC_8_channel_0/onoff_config_axi_0/inst/onoff_inst/datain_reg_reg[17]/C is not reached by a timing clock
Related violations: <none>

TIMING-17#160 Critical Warning
Non-clocked sequential cell  
The clock pin system_i/AC_8_channel_0/onoff_config_axi_0/inst/onoff_inst/datain_reg_reg[18]/C is not reached by a timing clock
Related violations: <none>

TIMING-17#161 Critical Warning
Non-clocked sequential cell  
The clock pin system_i/AC_8_channel_0/onoff_config_axi_0/inst/onoff_inst/datain_reg_reg[19]/C is not reached by a timing clock
Related violations: <none>

TIMING-17#162 Critical Warning
Non-clocked sequential cell  
The clock pin system_i/AC_8_channel_0/onoff_config_axi_0/inst/onoff_inst/datain_reg_reg[1]/C is not reached by a timing clock
Related violations: <none>

TIMING-17#163 Critical Warning
Non-clocked sequential cell  
The clock pin system_i/AC_8_channel_0/onoff_config_axi_0/inst/onoff_inst/datain_reg_reg[20]/C is not reached by a timing clock
Related violations: <none>

TIMING-17#164 Critical Warning
Non-clocked sequential cell  
The clock pin system_i/AC_8_channel_0/onoff_config_axi_0/inst/onoff_inst/datain_reg_reg[21]/C is not reached by a timing clock
Related violations: <none>

TIMING-17#165 Critical Warning
Non-clocked sequential cell  
The clock pin system_i/AC_8_channel_0/onoff_config_axi_0/inst/onoff_inst/datain_reg_reg[22]/C is not reached by a timing clock
Related violations: <none>

TIMING-17#166 Critical Warning
Non-clocked sequential cell  
The clock pin system_i/AC_8_channel_0/onoff_config_axi_0/inst/onoff_inst/datain_reg_reg[23]/C is not reached by a timing clock
Related violations: <none>

TIMING-17#167 Critical Warning
Non-clocked sequential cell  
The clock pin system_i/AC_8_channel_0/onoff_config_axi_0/inst/onoff_inst/datain_reg_reg[24]/C is not reached by a timing clock
Related violations: <none>

TIMING-17#168 Critical Warning
Non-clocked sequential cell  
The clock pin system_i/AC_8_channel_0/onoff_config_axi_0/inst/onoff_inst/datain_reg_reg[25]/C is not reached by a timing clock
Related violations: <none>

TIMING-17#169 Critical Warning
Non-clocked sequential cell  
The clock pin system_i/AC_8_channel_0/onoff_config_axi_0/inst/onoff_inst/datain_reg_reg[26]/C is not reached by a timing clock
Related violations: <none>

TIMING-17#170 Critical Warning
Non-clocked sequential cell  
The clock pin system_i/AC_8_channel_0/onoff_config_axi_0/inst/onoff_inst/datain_reg_reg[27]/C is not reached by a timing clock
Related violations: <none>

TIMING-17#171 Critical Warning
Non-clocked sequential cell  
The clock pin system_i/AC_8_channel_0/onoff_config_axi_0/inst/onoff_inst/datain_reg_reg[28]/C is not reached by a timing clock
Related violations: <none>

TIMING-17#172 Critical Warning
Non-clocked sequential cell  
The clock pin system_i/AC_8_channel_0/onoff_config_axi_0/inst/onoff_inst/datain_reg_reg[29]/C is not reached by a timing clock
Related violations: <none>

TIMING-17#173 Critical Warning
Non-clocked sequential cell  
The clock pin system_i/AC_8_channel_0/onoff_config_axi_0/inst/onoff_inst/datain_reg_reg[2]/C is not reached by a timing clock
Related violations: <none>

TIMING-17#174 Critical Warning
Non-clocked sequential cell  
The clock pin system_i/AC_8_channel_0/onoff_config_axi_0/inst/onoff_inst/datain_reg_reg[30]/C is not reached by a timing clock
Related violations: <none>

TIMING-17#175 Critical Warning
Non-clocked sequential cell  
The clock pin system_i/AC_8_channel_0/onoff_config_axi_0/inst/onoff_inst/datain_reg_reg[31]/C is not reached by a timing clock
Related violations: <none>

TIMING-17#176 Critical Warning
Non-clocked sequential cell  
The clock pin system_i/AC_8_channel_0/onoff_config_axi_0/inst/onoff_inst/datain_reg_reg[3]/C is not reached by a timing clock
Related violations: <none>

TIMING-17#177 Critical Warning
Non-clocked sequential cell  
The clock pin system_i/AC_8_channel_0/onoff_config_axi_0/inst/onoff_inst/datain_reg_reg[4]/C is not reached by a timing clock
Related violations: <none>

TIMING-17#178 Critical Warning
Non-clocked sequential cell  
The clock pin system_i/AC_8_channel_0/onoff_config_axi_0/inst/onoff_inst/datain_reg_reg[5]/C is not reached by a timing clock
Related violations: <none>

TIMING-17#179 Critical Warning
Non-clocked sequential cell  
The clock pin system_i/AC_8_channel_0/onoff_config_axi_0/inst/onoff_inst/datain_reg_reg[6]/C is not reached by a timing clock
Related violations: <none>

TIMING-17#180 Critical Warning
Non-clocked sequential cell  
The clock pin system_i/AC_8_channel_0/onoff_config_axi_0/inst/onoff_inst/datain_reg_reg[7]/C is not reached by a timing clock
Related violations: <none>

TIMING-17#181 Critical Warning
Non-clocked sequential cell  
The clock pin system_i/AC_8_channel_0/onoff_config_axi_0/inst/onoff_inst/datain_reg_reg[8]/C is not reached by a timing clock
Related violations: <none>

TIMING-17#182 Critical Warning
Non-clocked sequential cell  
The clock pin system_i/AC_8_channel_0/onoff_config_axi_0/inst/onoff_inst/datain_reg_reg[9]/C is not reached by a timing clock
Related violations: <none>

TIMING-17#183 Critical Warning
Non-clocked sequential cell  
The clock pin system_i/AC_8_channel_0/onoff_config_axi_0/inst/onoff_inst/dout_reg[0]/C is not reached by a timing clock
Related violations: <none>

TIMING-17#184 Critical Warning
Non-clocked sequential cell  
The clock pin system_i/AC_8_channel_0/onoff_config_axi_0/inst/onoff_inst/dout_reg[10]/C is not reached by a timing clock
Related violations: <none>

TIMING-17#185 Critical Warning
Non-clocked sequential cell  
The clock pin system_i/AC_8_channel_0/onoff_config_axi_0/inst/onoff_inst/dout_reg[11]/C is not reached by a timing clock
Related violations: <none>

TIMING-17#186 Critical Warning
Non-clocked sequential cell  
The clock pin system_i/AC_8_channel_0/onoff_config_axi_0/inst/onoff_inst/dout_reg[12]/C is not reached by a timing clock
Related violations: <none>

TIMING-17#187 Critical Warning
Non-clocked sequential cell  
The clock pin system_i/AC_8_channel_0/onoff_config_axi_0/inst/onoff_inst/dout_reg[13]/C is not reached by a timing clock
Related violations: <none>

TIMING-17#188 Critical Warning
Non-clocked sequential cell  
The clock pin system_i/AC_8_channel_0/onoff_config_axi_0/inst/onoff_inst/dout_reg[14]/C is not reached by a timing clock
Related violations: <none>

TIMING-17#189 Critical Warning
Non-clocked sequential cell  
The clock pin system_i/AC_8_channel_0/onoff_config_axi_0/inst/onoff_inst/dout_reg[15]/C is not reached by a timing clock
Related violations: <none>

TIMING-17#190 Critical Warning
Non-clocked sequential cell  
The clock pin system_i/AC_8_channel_0/onoff_config_axi_0/inst/onoff_inst/dout_reg[16]/C is not reached by a timing clock
Related violations: <none>

TIMING-17#191 Critical Warning
Non-clocked sequential cell  
The clock pin system_i/AC_8_channel_0/onoff_config_axi_0/inst/onoff_inst/dout_reg[17]/C is not reached by a timing clock
Related violations: <none>

TIMING-17#192 Critical Warning
Non-clocked sequential cell  
The clock pin system_i/AC_8_channel_0/onoff_config_axi_0/inst/onoff_inst/dout_reg[18]/C is not reached by a timing clock
Related violations: <none>

TIMING-17#193 Critical Warning
Non-clocked sequential cell  
The clock pin system_i/AC_8_channel_0/onoff_config_axi_0/inst/onoff_inst/dout_reg[19]/C is not reached by a timing clock
Related violations: <none>

TIMING-17#194 Critical Warning
Non-clocked sequential cell  
The clock pin system_i/AC_8_channel_0/onoff_config_axi_0/inst/onoff_inst/dout_reg[1]/C is not reached by a timing clock
Related violations: <none>

TIMING-17#195 Critical Warning
Non-clocked sequential cell  
The clock pin system_i/AC_8_channel_0/onoff_config_axi_0/inst/onoff_inst/dout_reg[20]/C is not reached by a timing clock
Related violations: <none>

TIMING-17#196 Critical Warning
Non-clocked sequential cell  
The clock pin system_i/AC_8_channel_0/onoff_config_axi_0/inst/onoff_inst/dout_reg[21]/C is not reached by a timing clock
Related violations: <none>

TIMING-17#197 Critical Warning
Non-clocked sequential cell  
The clock pin system_i/AC_8_channel_0/onoff_config_axi_0/inst/onoff_inst/dout_reg[22]/C is not reached by a timing clock
Related violations: <none>

TIMING-17#198 Critical Warning
Non-clocked sequential cell  
The clock pin system_i/AC_8_channel_0/onoff_config_axi_0/inst/onoff_inst/dout_reg[23]/C is not reached by a timing clock
Related violations: <none>

TIMING-17#199 Critical Warning
Non-clocked sequential cell  
The clock pin system_i/AC_8_channel_0/onoff_config_axi_0/inst/onoff_inst/dout_reg[24]/C is not reached by a timing clock
Related violations: <none>

TIMING-17#200 Critical Warning
Non-clocked sequential cell  
The clock pin system_i/AC_8_channel_0/onoff_config_axi_0/inst/onoff_inst/dout_reg[25]/C is not reached by a timing clock
Related violations: <none>

TIMING-17#201 Critical Warning
Non-clocked sequential cell  
The clock pin system_i/AC_8_channel_0/onoff_config_axi_0/inst/onoff_inst/dout_reg[26]/C is not reached by a timing clock
Related violations: <none>

TIMING-17#202 Critical Warning
Non-clocked sequential cell  
The clock pin system_i/AC_8_channel_0/onoff_config_axi_0/inst/onoff_inst/dout_reg[27]/C is not reached by a timing clock
Related violations: <none>

TIMING-17#203 Critical Warning
Non-clocked sequential cell  
The clock pin system_i/AC_8_channel_0/onoff_config_axi_0/inst/onoff_inst/dout_reg[28]/C is not reached by a timing clock
Related violations: <none>

TIMING-17#204 Critical Warning
Non-clocked sequential cell  
The clock pin system_i/AC_8_channel_0/onoff_config_axi_0/inst/onoff_inst/dout_reg[29]/C is not reached by a timing clock
Related violations: <none>

TIMING-17#205 Critical Warning
Non-clocked sequential cell  
The clock pin system_i/AC_8_channel_0/onoff_config_axi_0/inst/onoff_inst/dout_reg[2]/C is not reached by a timing clock
Related violations: <none>

TIMING-17#206 Critical Warning
Non-clocked sequential cell  
The clock pin system_i/AC_8_channel_0/onoff_config_axi_0/inst/onoff_inst/dout_reg[30]/C is not reached by a timing clock
Related violations: <none>

TIMING-17#207 Critical Warning
Non-clocked sequential cell  
The clock pin system_i/AC_8_channel_0/onoff_config_axi_0/inst/onoff_inst/dout_reg[31]/C is not reached by a timing clock
Related violations: <none>

TIMING-17#208 Critical Warning
Non-clocked sequential cell  
The clock pin system_i/AC_8_channel_0/onoff_config_axi_0/inst/onoff_inst/dout_reg[3]/C is not reached by a timing clock
Related violations: <none>

TIMING-17#209 Critical Warning
Non-clocked sequential cell  
The clock pin system_i/AC_8_channel_0/onoff_config_axi_0/inst/onoff_inst/dout_reg[4]/C is not reached by a timing clock
Related violations: <none>

TIMING-17#210 Critical Warning
Non-clocked sequential cell  
The clock pin system_i/AC_8_channel_0/onoff_config_axi_0/inst/onoff_inst/dout_reg[5]/C is not reached by a timing clock
Related violations: <none>

TIMING-17#211 Critical Warning
Non-clocked sequential cell  
The clock pin system_i/AC_8_channel_0/onoff_config_axi_0/inst/onoff_inst/dout_reg[6]/C is not reached by a timing clock
Related violations: <none>

TIMING-17#212 Critical Warning
Non-clocked sequential cell  
The clock pin system_i/AC_8_channel_0/onoff_config_axi_0/inst/onoff_inst/dout_reg[7]/C is not reached by a timing clock
Related violations: <none>

TIMING-17#213 Critical Warning
Non-clocked sequential cell  
The clock pin system_i/AC_8_channel_0/onoff_config_axi_0/inst/onoff_inst/dout_reg[8]/C is not reached by a timing clock
Related violations: <none>

TIMING-17#214 Critical Warning
Non-clocked sequential cell  
The clock pin system_i/AC_8_channel_0/onoff_config_axi_0/inst/onoff_inst/dout_reg[9]/C is not reached by a timing clock
Related violations: <none>

TIMING-17#215 Critical Warning
Non-clocked sequential cell  
The clock pin system_i/AC_8_channel_0/onoff_config_axi_0/inst/onoff_inst/rd_over_reg/C is not reached by a timing clock
Related violations: <none>

TIMING-17#216 Critical Warning
Non-clocked sequential cell  
The clock pin system_i/AC_8_channel_0/onoff_config_axi_0/inst/onoff_inst/sclk_en_reg/C is not reached by a timing clock
Related violations: <none>

TIMING-17#217 Critical Warning
Non-clocked sequential cell  
The clock pin system_i/AC_8_channel_0/onoff_config_axi_0/inst/onoff_inst/state_reg[0]/C is not reached by a timing clock
Related violations: <none>

TIMING-17#218 Critical Warning
Non-clocked sequential cell  
The clock pin system_i/AC_8_channel_0/onoff_config_axi_0/inst/onoff_inst/state_reg[1]/C is not reached by a timing clock
Related violations: <none>

TIMING-17#219 Critical Warning
Non-clocked sequential cell  
The clock pin system_i/AC_8_channel_0/onoff_config_axi_0/inst/onoff_inst/state_reg[2]/C is not reached by a timing clock
Related violations: <none>

TIMING-17#220 Critical Warning
Non-clocked sequential cell  
The clock pin system_i/AC_8_channel_0/onoff_config_axi_0/inst/onoff_inst/state_reg[3]/C is not reached by a timing clock
Related violations: <none>

TIMING-17#221 Critical Warning
Non-clocked sequential cell  
The clock pin system_i/AC_8_channel_0/onoff_config_axi_0/inst/onoff_inst/state_reg[4]/C is not reached by a timing clock
Related violations: <none>

TIMING-17#222 Critical Warning
Non-clocked sequential cell  
The clock pin system_i/gmii2rgmii_0/inst/u_rgmii_rx/rxdata_bus[0].u_iddr_rxd/C is not reached by a timing clock
Related violations: <none>

TIMING-17#223 Critical Warning
Non-clocked sequential cell  
The clock pin system_i/gmii2rgmii_0/inst/u_rgmii_rx/rxdata_bus[1].u_iddr_rxd/C is not reached by a timing clock
Related violations: <none>

TIMING-17#224 Critical Warning
Non-clocked sequential cell  
The clock pin system_i/gmii2rgmii_0/inst/u_rgmii_rx/rxdata_bus[2].u_iddr_rxd/C is not reached by a timing clock
Related violations: <none>

TIMING-17#225 Critical Warning
Non-clocked sequential cell  
The clock pin system_i/gmii2rgmii_0/inst/u_rgmii_rx/rxdata_bus[3].u_iddr_rxd/C is not reached by a timing clock
Related violations: <none>

TIMING-17#226 Critical Warning
Non-clocked sequential cell  
The clock pin system_i/gmii2rgmii_0/inst/u_rgmii_rx/u_iddr_rx_ctl/C is not reached by a timing clock
Related violations: <none>

TIMING-17#227 Critical Warning
Non-clocked sequential cell  
The clock pin system_i/gmii2rgmii_0/inst/u_rgmii_tx/ODDR_inst/C is not reached by a timing clock
Related violations: <none>

TIMING-17#228 Critical Warning
Non-clocked sequential cell  
The clock pin system_i/gmii2rgmii_0/inst/u_rgmii_tx/txdata_bus[0].ODDR_inst/C is not reached by a timing clock
Related violations: <none>

TIMING-17#229 Critical Warning
Non-clocked sequential cell  
The clock pin system_i/gmii2rgmii_0/inst/u_rgmii_tx/txdata_bus[1].ODDR_inst/C is not reached by a timing clock
Related violations: <none>

TIMING-17#230 Critical Warning
Non-clocked sequential cell  
The clock pin system_i/gmii2rgmii_0/inst/u_rgmii_tx/txdata_bus[2].ODDR_inst/C is not reached by a timing clock
Related violations: <none>

TIMING-17#231 Critical Warning
Non-clocked sequential cell  
The clock pin system_i/gmii2rgmii_0/inst/u_rgmii_tx/txdata_bus[3].ODDR_inst/C is not reached by a timing clock
Related violations: <none>

TIMING-17#232 Critical Warning
Non-clocked sequential cell  
The clock pin system_i/processing_system7_0/inst/ENET1_GMII_RXD_i_reg[0]/C is not reached by a timing clock
Related violations: <none>

TIMING-17#233 Critical Warning
Non-clocked sequential cell  
The clock pin system_i/processing_system7_0/inst/ENET1_GMII_RXD_i_reg[1]/C is not reached by a timing clock
Related violations: <none>

TIMING-17#234 Critical Warning
Non-clocked sequential cell  
The clock pin system_i/processing_system7_0/inst/ENET1_GMII_RXD_i_reg[2]/C is not reached by a timing clock
Related violations: <none>

TIMING-17#235 Critical Warning
Non-clocked sequential cell  
The clock pin system_i/processing_system7_0/inst/ENET1_GMII_RXD_i_reg[3]/C is not reached by a timing clock
Related violations: <none>

TIMING-17#236 Critical Warning
Non-clocked sequential cell  
The clock pin system_i/processing_system7_0/inst/ENET1_GMII_RXD_i_reg[4]/C is not reached by a timing clock
Related violations: <none>

TIMING-17#237 Critical Warning
Non-clocked sequential cell  
The clock pin system_i/processing_system7_0/inst/ENET1_GMII_RXD_i_reg[5]/C is not reached by a timing clock
Related violations: <none>

TIMING-17#238 Critical Warning
Non-clocked sequential cell  
The clock pin system_i/processing_system7_0/inst/ENET1_GMII_RXD_i_reg[6]/C is not reached by a timing clock
Related violations: <none>

TIMING-17#239 Critical Warning
Non-clocked sequential cell  
The clock pin system_i/processing_system7_0/inst/ENET1_GMII_RXD_i_reg[7]/C is not reached by a timing clock
Related violations: <none>

TIMING-17#240 Critical Warning
Non-clocked sequential cell  
The clock pin system_i/processing_system7_0/inst/ENET1_GMII_RX_DV_i_reg/C is not reached by a timing clock
Related violations: <none>

TIMING-17#241 Critical Warning
Non-clocked sequential cell  
The clock pin system_i/processing_system7_0/inst/ENET1_GMII_TXD_reg[0]/C is not reached by a timing clock
Related violations: <none>

TIMING-17#242 Critical Warning
Non-clocked sequential cell  
The clock pin system_i/processing_system7_0/inst/ENET1_GMII_TXD_reg[1]/C is not reached by a timing clock
Related violations: <none>

TIMING-17#243 Critical Warning
Non-clocked sequential cell  
The clock pin system_i/processing_system7_0/inst/ENET1_GMII_TXD_reg[2]/C is not reached by a timing clock
Related violations: <none>

TIMING-17#244 Critical Warning
Non-clocked sequential cell  
The clock pin system_i/processing_system7_0/inst/ENET1_GMII_TXD_reg[3]/C is not reached by a timing clock
Related violations: <none>

TIMING-17#245 Critical Warning
Non-clocked sequential cell  
The clock pin system_i/processing_system7_0/inst/ENET1_GMII_TXD_reg[4]/C is not reached by a timing clock
Related violations: <none>

TIMING-17#246 Critical Warning
Non-clocked sequential cell  
The clock pin system_i/processing_system7_0/inst/ENET1_GMII_TXD_reg[5]/C is not reached by a timing clock
Related violations: <none>

TIMING-17#247 Critical Warning
Non-clocked sequential cell  
The clock pin system_i/processing_system7_0/inst/ENET1_GMII_TXD_reg[6]/C is not reached by a timing clock
Related violations: <none>

TIMING-17#248 Critical Warning
Non-clocked sequential cell  
The clock pin system_i/processing_system7_0/inst/ENET1_GMII_TXD_reg[7]/C is not reached by a timing clock
Related violations: <none>

TIMING-17#249 Critical Warning
Non-clocked sequential cell  
The clock pin system_i/processing_system7_0/inst/ENET1_GMII_TX_EN_reg/C is not reached by a timing clock
Related violations: <none>

TIMING-17#250 Critical Warning
Non-clocked sequential cell  
The clock pin system_i/processing_system7_0/inst/PS7_i/EMIOENET1GMIIRXCLK is not reached by a timing clock
Related violations: <none>

TIMING-17#251 Critical Warning
Non-clocked sequential cell  
The clock pin system_i/processing_system7_0/inst/PS7_i/EMIOENET1GMIITXCLK is not reached by a timing clock
Related violations: <none>

LUTAR-1#1 Warning
LUT drives async reset alert  
LUT cell system_i/lcd/axi_mem_intercon/s00_couplers/auto_pc/inst/gen_axi4_axi3.axi3_conv_inst/USE_READ.USE_SPLIT_R.read_addr_inst/USE_R_CHANNEL.cmd_queue/inst/fifo_gen_inst/inst_fifo_gen/gconvfifo.rf/grf.rf/rstblk/gpregsm1.curr_fwft_state[1]_i_2, with 2 or more inputs, drives asynchronous preset/clear pin(s) system_i/lcd/axi_mem_intercon/s00_couplers/auto_pc/inst/gen_axi4_axi3.axi3_conv_inst/USE_READ.USE_SPLIT_R.read_addr_inst/USE_R_CHANNEL.cmd_queue/inst/fifo_gen_inst/inst_fifo_gen/gconvfifo.rf/grf.rf/gntv_or_sync_fifo.gl0.rd/gr1.gr1_int.rfwft/aempty_fwft_fb_i_reg/PRE,
system_i/lcd/axi_mem_intercon/s00_couplers/auto_pc/inst/gen_axi4_axi3.axi3_conv_inst/USE_READ.USE_SPLIT_R.read_addr_inst/USE_R_CHANNEL.cmd_queue/inst/fifo_gen_inst/inst_fifo_gen/gconvfifo.rf/grf.rf/gntv_or_sync_fifo.gl0.rd/gr1.gr1_int.rfwft/aempty_fwft_i_reg/PRE,
system_i/lcd/axi_mem_intercon/s00_couplers/auto_pc/inst/gen_axi4_axi3.axi3_conv_inst/USE_READ.USE_SPLIT_R.read_addr_inst/USE_R_CHANNEL.cmd_queue/inst/fifo_gen_inst/inst_fifo_gen/gconvfifo.rf/grf.rf/gntv_or_sync_fifo.gl0.rd/gr1.gr1_int.rfwft/empty_fwft_fb_i_reg/PRE,
system_i/lcd/axi_mem_intercon/s00_couplers/auto_pc/inst/gen_axi4_axi3.axi3_conv_inst/USE_READ.USE_SPLIT_R.read_addr_inst/USE_R_CHANNEL.cmd_queue/inst/fifo_gen_inst/inst_fifo_gen/gconvfifo.rf/grf.rf/gntv_or_sync_fifo.gl0.rd/gr1.gr1_int.rfwft/empty_fwft_fb_o_i_reg/PRE,
system_i/lcd/axi_mem_intercon/s00_couplers/auto_pc/inst/gen_axi4_axi3.axi3_conv_inst/USE_READ.USE_SPLIT_R.read_addr_inst/USE_R_CHANNEL.cmd_queue/inst/fifo_gen_inst/inst_fifo_gen/gconvfifo.rf/grf.rf/gntv_or_sync_fifo.gl0.rd/gr1.gr1_int.rfwft/empty_fwft_i_reg/PRE,
system_i/lcd/axi_mem_intercon/s00_couplers/auto_pc/inst/gen_axi4_axi3.axi3_conv_inst/USE_READ.USE_SPLIT_R.read_addr_inst/USE_R_CHANNEL.cmd_queue/inst/fifo_gen_inst/inst_fifo_gen/gconvfifo.rf/grf.rf/gntv_or_sync_fifo.gl0.rd/gr1.gr1_int.rfwft/gpregsm1.curr_fwft_state_reg[0]/CLR,
system_i/lcd/axi_mem_intercon/s00_couplers/auto_pc/inst/gen_axi4_axi3.axi3_conv_inst/USE_READ.USE_SPLIT_R.read_addr_inst/USE_R_CHANNEL.cmd_queue/inst/fifo_gen_inst/inst_fifo_gen/gconvfifo.rf/grf.rf/gntv_or_sync_fifo.gl0.rd/gr1.gr1_int.rfwft/gpregsm1.curr_fwft_state_reg[1]/CLR,
system_i/lcd/axi_mem_intercon/s00_couplers/auto_pc/inst/gen_axi4_axi3.axi3_conv_inst/USE_READ.USE_SPLIT_R.read_addr_inst/USE_R_CHANNEL.cmd_queue/inst/fifo_gen_inst/inst_fifo_gen/gconvfifo.rf/grf.rf/gntv_or_sync_fifo.gl0.rd/gr1.gr1_int.rfwft/gpregsm1.user_valid_reg/CLR,
system_i/lcd/axi_mem_intercon/s00_couplers/auto_pc/inst/gen_axi4_axi3.axi3_conv_inst/USE_READ.USE_SPLIT_R.read_addr_inst/USE_R_CHANNEL.cmd_queue/inst/fifo_gen_inst/inst_fifo_gen/gconvfifo.rf/grf.rf/gntv_or_sync_fifo.gl0.rd/grss.rsts/ram_empty_fb_i_reg/PRE,
system_i/lcd/axi_mem_intercon/s00_couplers/auto_pc/inst/gen_axi4_axi3.axi3_conv_inst/USE_READ.USE_SPLIT_R.read_addr_inst/USE_R_CHANNEL.cmd_queue/inst/fifo_gen_inst/inst_fifo_gen/gconvfifo.rf/grf.rf/gntv_or_sync_fifo.gl0.rd/grss.rsts/ram_empty_i_reg/PRE,
system_i/lcd/axi_mem_intercon/s00_couplers/auto_pc/inst/gen_axi4_axi3.axi3_conv_inst/USE_READ.USE_SPLIT_R.read_addr_inst/USE_R_CHANNEL.cmd_queue/inst/fifo_gen_inst/inst_fifo_gen/gconvfifo.rf/grf.rf/gntv_or_sync_fifo.gl0.rd/rpntr/gc0.count_d1_reg[0]/CLR,
system_i/lcd/axi_mem_intercon/s00_couplers/auto_pc/inst/gen_axi4_axi3.axi3_conv_inst/USE_READ.USE_SPLIT_R.read_addr_inst/USE_R_CHANNEL.cmd_queue/inst/fifo_gen_inst/inst_fifo_gen/gconvfifo.rf/grf.rf/gntv_or_sync_fifo.gl0.rd/rpntr/gc0.count_d1_reg[1]/CLR,
system_i/lcd/axi_mem_intercon/s00_couplers/auto_pc/inst/gen_axi4_axi3.axi3_conv_inst/USE_READ.USE_SPLIT_R.read_addr_inst/USE_R_CHANNEL.cmd_queue/inst/fifo_gen_inst/inst_fifo_gen/gconvfifo.rf/grf.rf/gntv_or_sync_fifo.gl0.rd/rpntr/gc0.count_d1_reg[2]/CLR,
system_i/lcd/axi_mem_intercon/s00_couplers/auto_pc/inst/gen_axi4_axi3.axi3_conv_inst/USE_READ.USE_SPLIT_R.read_addr_inst/USE_R_CHANNEL.cmd_queue/inst/fifo_gen_inst/inst_fifo_gen/gconvfifo.rf/grf.rf/gntv_or_sync_fifo.gl0.rd/rpntr/gc0.count_d1_reg[3]/CLR,
system_i/lcd/axi_mem_intercon/s00_couplers/auto_pc/inst/gen_axi4_axi3.axi3_conv_inst/USE_READ.USE_SPLIT_R.read_addr_inst/USE_R_CHANNEL.cmd_queue/inst/fifo_gen_inst/inst_fifo_gen/gconvfifo.rf/grf.rf/gntv_or_sync_fifo.gl0.rd/rpntr/gc0.count_d1_reg[4]/CLR
 (the first 15 of 32 listed). The LUT may glitch and trigger an unexpected reset, even if it is a properly timed path.
Related violations: <none>

LUTAR-1#2 Warning
LUT drives async reset alert  
LUT cell system_i/lcd/axi_vdma_0/U0/GEN_SPRT_FOR_MM2S.MM2S_LINEBUFFER_I/GEN_LINEBUF_NO_SOF.GEN_LINEBUFFER.GEN_ASYNC_FIFO.LB_BUILT_IN.I_LINEBUFFER_FIFO/fg_builtin_fifo_inst/inst_fifo_gen/gconvfifo.rf/gbi.bi/g7ser_birst.rstbt/gf36e1_inst.sngfifo36e1_i_2, with 2 or more inputs, drives asynchronous preset/clear pin(s) system_i/lcd/axi_vdma_0/U0/GEN_SPRT_FOR_MM2S.MM2S_LINEBUFFER_I/GEN_LINEBUF_NO_SOF.GEN_LINEBUFFER.GEN_ASYNC_FIFO.LB_BUILT_IN.I_LINEBUFFER_FIFO/fg_builtin_fifo_inst/inst_fifo_gen/gconvfifo.rf/gbi.bi/v7_bi_fifo.fblk/gextw[1].gnll_fifo.inst_extd/gonep.inst_prim/gf36e1_inst.sngfifo36e1/RST,
system_i/lcd/axi_vdma_0/U0/GEN_SPRT_FOR_MM2S.MM2S_LINEBUFFER_I/GEN_LINEBUF_NO_SOF.GEN_LINEBUFFER.GEN_ASYNC_FIFO.LB_BUILT_IN.I_LINEBUFFER_FIFO/fg_builtin_fifo_inst/inst_fifo_gen/gconvfifo.rf/gbi.bi/v7_bi_fifo.fblk/gextw[2].gnll_fifo.inst_extd/gonep.inst_prim/gf36e1_inst.sngfifo36e1/RST,
system_i/lcd/axi_vdma_0/U0/GEN_SPRT_FOR_MM2S.MM2S_LINEBUFFER_I/GEN_LINEBUF_NO_SOF.GEN_LINEBUFFER.GEN_ASYNC_FIFO.LB_BUILT_IN.I_LINEBUFFER_FIFO/fg_builtin_fifo_inst/inst_fifo_gen/gconvfifo.rf/gbi.bi/v7_bi_fifo.fblk/gextw[3].gnll_fifo.inst_extd/gonep.inst_prim/gf36e1_inst.sngfifo36e1/RST,
system_i/lcd/axi_vdma_0/U0/GEN_SPRT_FOR_MM2S.MM2S_LINEBUFFER_I/GEN_LINEBUF_NO_SOF.GEN_LINEBUFFER.GEN_ASYNC_FIFO.LB_BUILT_IN.I_LINEBUFFER_FIFO/fg_builtin_fifo_inst/inst_fifo_gen/gconvfifo.rf/gbi.bi/v7_bi_fifo.fblk/gextw[4].gnll_fifo.inst_extd/gonep.inst_prim/gf36e1_inst.sngfifo36e1/RST
system_i/lcd/axi_vdma_0/U0/GEN_SPRT_FOR_MM2S.MM2S_LINEBUFFER_I/GEN_LINEBUF_NO_SOF.GEN_LINEBUFFER.GEN_ASYNC_FIFO.LB_BUILT_IN.I_LINEBUFFER_FIFO/fg_builtin_fifo_inst/inst_fifo_gen/gconvfifo.rf/gbi.bi/v7_bi_fifo.fblk/gextw[5].gnll_fifo.inst_extd/gonep.inst_prim/gf36e1_inst.sngfifo36e1/RST. The LUT may glitch and trigger an unexpected reset, even if it is a properly timed path.
Related violations: <none>

TIMING-9#1 Warning
Unknown CDC Logic  
One or more asynchronous Clock Domain Crossing has been detected between 2 clock domains through a set_false_path or a set_clock_groups or set_max_delay -datapath_only constraint but no double-registers logic synchronizer has been found on the side of the capture clock. It is recommended to run report_cdc for a complete and detailed CDC coverage. Please consider using XPM_CDC to avoid Critical severities
Related violations: <none>

TIMING-18#1 Warning
Missing input or output delay  
An input delay is missing on Coder_A relative to clock(s) clk_fpga_0
Related violations: <none>

TIMING-18#2 Warning
Missing input or output delay  
An input delay is missing on Coder_B relative to clock(s) clk_fpga_0
Related violations: <none>

TIMING-18#3 Warning
Missing input or output delay  
An input delay is missing on KeyBoard_IIC_scl_io relative to clock(s) clk_fpga_0
Related violations: <none>

TIMING-18#4 Warning
Missing input or output delay  
An input delay is missing on KeyBoard_IIC_sda_io relative to clock(s) clk_fpga_0
Related violations: <none>

TIMING-18#5 Warning
Missing input or output delay  
An input delay is missing on RdSerial_0_rd_sdi relative to clock(s) clk_fpga_1
Related violations: <none>

TIMING-18#6 Warning
Missing input or output delay  
An input delay is missing on UART_GPS_rxd relative to clock(s) clk_fpga_0
Related violations: <none>

TIMING-18#7 Warning
Missing input or output delay  
An input delay is missing on pulse_p_in_0 relative to clock(s) clk_fpga_0
Related violations: <none>

TIMING-18#8 Warning
Missing input or output delay  
An input delay is missing on pulse_q_in_0 relative to clock(s) clk_fpga_0
Related violations: <none>

TIMING-18#9 Warning
Missing input or output delay  
An input delay is missing on rgb_data_tri_io[0] relative to clock(s) clk_fpga_0
Related violations: <none>

TIMING-18#10 Warning
Missing input or output delay  
An input delay is missing on rgb_data_tri_io[10] relative to clock(s) clk_fpga_0
Related violations: <none>

TIMING-18#11 Warning
Missing input or output delay  
An input delay is missing on rgb_data_tri_io[11] relative to clock(s) clk_fpga_0
Related violations: <none>

TIMING-18#12 Warning
Missing input or output delay  
An input delay is missing on rgb_data_tri_io[12] relative to clock(s) clk_fpga_0
Related violations: <none>

TIMING-18#13 Warning
Missing input or output delay  
An input delay is missing on rgb_data_tri_io[13] relative to clock(s) clk_fpga_0
Related violations: <none>

TIMING-18#14 Warning
Missing input or output delay  
An input delay is missing on rgb_data_tri_io[14] relative to clock(s) clk_fpga_0
Related violations: <none>

TIMING-18#15 Warning
Missing input or output delay  
An input delay is missing on rgb_data_tri_io[15] relative to clock(s) clk_fpga_0
Related violations: <none>

TIMING-18#16 Warning
Missing input or output delay  
An input delay is missing on rgb_data_tri_io[16] relative to clock(s) clk_fpga_0
Related violations: <none>

TIMING-18#17 Warning
Missing input or output delay  
An input delay is missing on rgb_data_tri_io[17] relative to clock(s) clk_fpga_0
Related violations: <none>

TIMING-18#18 Warning
Missing input or output delay  
An input delay is missing on rgb_data_tri_io[18] relative to clock(s) clk_fpga_0
Related violations: <none>

TIMING-18#19 Warning
Missing input or output delay  
An input delay is missing on rgb_data_tri_io[1] relative to clock(s) clk_fpga_0
Related violations: <none>

TIMING-18#20 Warning
Missing input or output delay  
An input delay is missing on rgb_data_tri_io[2] relative to clock(s) clk_fpga_0
Related violations: <none>

TIMING-18#21 Warning
Missing input or output delay  
An input delay is missing on rgb_data_tri_io[3] relative to clock(s) clk_fpga_0
Related violations: <none>

TIMING-18#22 Warning
Missing input or output delay  
An input delay is missing on rgb_data_tri_io[4] relative to clock(s) clk_fpga_0
Related violations: <none>

TIMING-18#23 Warning
Missing input or output delay  
An input delay is missing on rgb_data_tri_io[5] relative to clock(s) clk_fpga_0
Related violations: <none>

TIMING-18#24 Warning
Missing input or output delay  
An input delay is missing on rgb_data_tri_io[6] relative to clock(s) clk_fpga_0
Related violations: <none>

TIMING-18#25 Warning
Missing input or output delay  
An input delay is missing on rgb_data_tri_io[7] relative to clock(s) clk_fpga_0
Related violations: <none>

TIMING-18#26 Warning
Missing input or output delay  
An input delay is missing on rgb_data_tri_io[8] relative to clock(s) clk_fpga_0
Related violations: <none>

TIMING-18#27 Warning
Missing input or output delay  
An input delay is missing on rgb_data_tri_io[9] relative to clock(s) clk_fpga_0
Related violations: <none>

TIMING-18#28 Warning
Missing input or output delay  
An output delay is missing on AD_0_ad_ck relative to clock(s) clk_fpga_0
Related violations: <none>

TIMING-18#29 Warning
Missing input or output delay  
An output delay is missing on AD_0_ad_rst relative to clock(s) clk_fpga_0
Related violations: <none>

TIMING-18#30 Warning
Missing input or output delay  
An output delay is missing on DA_0_da_cs relative to clock(s) clk_fpga_1
Related violations: <none>

TIMING-18#31 Warning
Missing input or output delay  
An output delay is missing on DA_0_da_sdo[0] relative to clock(s) clk_fpga_0, clk_fpga_1
Related violations: <none>

TIMING-18#32 Warning
Missing input or output delay  
An output delay is missing on DA_0_da_sdo[1] relative to clock(s) clk_fpga_0, clk_fpga_1
Related violations: <none>

TIMING-18#33 Warning
Missing input or output delay  
An output delay is missing on DA_0_da_sdo[2] relative to clock(s) clk_fpga_0, clk_fpga_1
Related violations: <none>

TIMING-18#34 Warning
Missing input or output delay  
An output delay is missing on DA_0_da_sdo[3] relative to clock(s) clk_fpga_0, clk_fpga_1
Related violations: <none>

TIMING-18#35 Warning
Missing input or output delay  
An output delay is missing on DA_0_da_sdo[4] relative to clock(s) clk_fpga_0, clk_fpga_1
Related violations: <none>

TIMING-18#36 Warning
Missing input or output delay  
An output delay is missing on DA_0_da_sdo[5] relative to clock(s) clk_fpga_0, clk_fpga_1
Related violations: <none>

TIMING-18#37 Warning
Missing input or output delay  
An output delay is missing on DA_0_da_sdo[6] relative to clock(s) clk_fpga_0, clk_fpga_1
Related violations: <none>

TIMING-18#38 Warning
Missing input or output delay  
An output delay is missing on DA_0_da_sdo[7] relative to clock(s) clk_fpga_0, clk_fpga_1
Related violations: <none>

TIMING-18#39 Warning
Missing input or output delay  
An output delay is missing on GPIO_BEEP_tri_o[0] relative to clock(s) clk_fpga_0
Related violations: <none>

TIMING-18#40 Warning
Missing input or output delay  
An output delay is missing on OnOff_0_onoff_sclk relative to clock(s) clk_fpga_1
Related violations: <none>

TIMING-18#41 Warning
Missing input or output delay  
An output delay is missing on RdSerial_0_rd_load relative to clock(s) clk_fpga_1
Related violations: <none>

TIMING-18#42 Warning
Missing input or output delay  
An output delay is missing on UART_GPS_txd relative to clock(s) clk_fpga_0
Related violations: <none>

TIMING-18#43 Warning
Missing input or output delay  
An output delay is missing on WrSerial_0_wr_load relative to clock(s) clk_fpga_1
Related violations: <none>

TIMING-18#44 Warning
Missing input or output delay  
An output delay is missing on WrSerial_0_wr_sdo relative to clock(s) clk_fpga_1
Related violations: <none>

TIMING-18#45 Warning
Missing input or output delay  
An output delay is missing on lcd_bl[0] relative to clock(s) clk_fpga_0
Related violations: <none>

TIMING-18#46 Warning
Missing input or output delay  
An output delay is missing on lcd_de relative to clock(s) clk_fpga_0
Related violations: <none>

TIMING-18#47 Warning
Missing input or output delay  
An output delay is missing on lcd_hsync relative to clock(s) clk_fpga_0
Related violations: <none>

TIMING-18#48 Warning
Missing input or output delay  
An output delay is missing on lcd_vsync relative to clock(s) clk_fpga_0
Related violations: <none>

TIMING-18#49 Warning
Missing input or output delay  
An output delay is missing on pulse_p_out_0 relative to clock(s) clk_fpga_0
Related violations: <none>

TIMING-18#50 Warning
Missing input or output delay  
An output delay is missing on pulse_q_out_0 relative to clock(s) clk_fpga_0
Related violations: <none>

ULMTCS-1#1 Warning
Control Sets use limits recommend reduction  
This design uses 1097 control sets (vs. available limit of 13300, determined by 1 control set per CLB). This exceeds the control set use guideline of 7.5 percent. This is at a level where reduction is RECOMMENDED (see UG949). Use report_control_sets to get more details.
Related violations: <none>


